#
# A fatal error has been detected by the Java Runtime Environment:
#
#  SIGSEGV (0xb) at pc=0x00007801f823fc39, pid=7759, tid=0x0000780201cff640
#
# JRE version: Java(TM) SE Runtime Environment (8.0_191-b12) (build 1.8.0_191-b12)
# Java VM: Java HotSpot(TM) 64-Bit Server VM (25.191-b12 mixed mode linux-amd64 compressed oops)
# Problematic frame:
# C  [libawt_xawt.so+0x3fc39]  ReadRegionsInList.constprop.5+0x4e9
#
# Failed to write core dump. Core dumps have been disabled. To enable core dumping, try "ulimit -c unlimited" before starting Java again
#
# If you would like to submit a bug report, please visit:
#   http://bugreport.java.com/bugreport/crash.jsp
# The crash happened outside the Java Virtual Machine in native code.
# See problematic frame for where to report the bug.
#

---------------  T H R E A D  ---------------

Current thread (0x000078022086d800):  JavaThread "VideoRec" [_thread_in_native, id=7798, stack(0x0000780201c00000,0x0000780201d00000)]

siginfo: si_signo: 11 (SIGSEGV), si_code: 1 (SEGV_MAPERR), si_addr: 0x0000000000000068

Registers:
RAX=0x0000000000000780, RBX=0x0000000000000000, RCX=0x0000000000000780, RDX=0x0000000000000000
RSP=0x0000780201cfe250, RBP=0x0000780201cfe330, RSI=0x0000000000000000, RDI=0x0000000000000000
R8 =0x0000780201cfe2f4, R9 =0x0000000000000002, R10=0x000078018c0005f0, R11=0x000078018c000090
R12=0x0000000000000000, R13=0x0000000000000000, R14=0x000078018c818410, R15=0x000078018c7f1a60
RIP=0x00007801f823fc39, EFLAGS=0x0000000000010246, CSGSFS=0x002b000000000033, ERR=0x0000000000000004
  TRAPNO=0x000000000000000e

Top of Stack: (sp=0x0000780201cfe250)
0x0000780201cfe250:   0438078000000000 00000780020ee969
0x0000780201cfe260:   0000000200000000 0000780201cfe2f8
0x0000780201cfe270:   0000780201cfe2f4 0000780201cfe2f0
0x0000780201cfe280:   0000780201cfe2ec 0000000000000438
0x0000780201cfe290:   000078020000077f 0000780220763800
0x0000780201cfe2a0:   0000000000000040 000078018c4fe4d0
0x0000780201cfe2b0:   0000000000000000 0000000000000000
0x0000780201cfe2c0:   0000000000000000 0000000000000780
0x0000780201cfe2d0:   0438078000000000 0000000000000780
0x0000780201cfe2e0:   0000000000000000 0000001000000000
0x0000780201cfe2f0:   0000000000000008 000078018c818520
0x0000780201cfe300:   0000001800000000 0438078000000000
0x0000780201cfe310:   0000000000000780 0000000000000000
0x0000780201cfe320:   0000780201cfe3a0 0000000000000438
0x0000780201cfe330:   0000780201cfe410 00007801f82401e6
0x0000780201cfe340:   000078018c818330 00007801f82401a4
0x0000780201cfe350:   0000000000da0000 0000000000020000
0x0000780201cfe360:   0000780220763800 0000000000000000
0x0000780201cfe370:   0000780200000438 0000780220763800
0x0000780201cfe380:   0000780201cfe4b8 0000780220763800
0x0000780201cfe390:   0000000001cfe4b8 0000000000000000
0x0000780201cfe3a0:   0000000000000000 0000780201cfe3d4
0x0000780201cfe3b0:   0000780200000005 0000000000ff0000
0x0000780201cfe3c0:   000000000000ff00 00000000000000ff
0x0000780201cfe3d0:   0000010000000008 0438078000000000
0x0000780201cfe3e0:   0000000000000000 000078022086d9f8
0x0000780201cfe3f0:   0000000000000000 0000780220763800
0x0000780201cfe400:   0000000000000000 0000000000000496
0x0000780201cfe410:   0000780201cfe500 00007801f8237c60
0x0000780201cfe420:   0000000000000150 000078018c81d490
0x0000780201cfe430:   0000000000000000 0000000000000000
0x0000780201cfe440:   0000000000000150 000078018c8177b0 

Instructions: (pc=0x00007801f823fc39)
0x00007801f823fc19:   45 8c 03 45 90 89 45 a0 49 8d 44 24 01 45 31 e4
0x00007801f823fc29:   48 89 45 98 0f 1f 00 44 89 e6 8b 55 ac 48 89 df
0x00007801f823fc39:   ff 53 68 4d 8b 57 08 8b 4d bc 48 98 48 8b 75 c8
0x00007801f823fc49:   49 8b 52 18 49 8b 7a 20 48 21 c2 48 21 c7 49 23 

Register to memory mapping:

RAX=0x0000000000000780 is an unknown value
RBX=0x0000000000000000 is an unknown value
RCX=0x0000000000000780 is an unknown value
RDX=0x0000000000000000 is an unknown value
RSP=0x0000780201cfe250 is pointing into the stack for thread: 0x000078022086d800
RBP=0x0000780201cfe330 is pointing into the stack for thread: 0x000078022086d800
RSI=0x0000000000000000 is an unknown value
RDI=0x0000000000000000 is an unknown value
R8 =0x0000780201cfe2f4 is pointing into the stack for thread: 0x000078022086d800
R9 =0x0000000000000002 is an unknown value
R10=0x000078018c0005f0 is an unknown value
R11=0x000078018c000090 is an unknown value
R12=0x0000000000000000 is an unknown value
R13=0x0000000000000000 is an unknown value
R14=0x000078018c818410 is an unknown value
R15=0x000078018c7f1a60 is an unknown value


Stack: [0x0000780201c00000,0x0000780201d00000],  sp=0x0000780201cfe250,  free space=1016k
Native frames: (J=compiled Java code, j=interpreted, Vv=VM code, C=native code)
C  [libawt_xawt.so+0x3fc39]  ReadRegionsInList.constprop.5+0x4e9
C  [libawt_xawt.so+0x401e6]  ReadAreaToImage+0x86
C  [libawt_xawt.so+0x37c60]  Java_sun_awt_X11_XRobotPeer_getRGBPixelsImpl+0x120
j  sun.awt.X11.XRobotPeer.getRGBPixelsImpl(Lsun/awt/X11GraphicsConfig;IIII[I)V+0
j  sun.awt.X11.XRobotPeer.getRGBPixels(Ljava/awt/Rectangle;)[I+33
j  java.awt.Robot.createScreenCapture(Ljava/awt/Rectangle;)Ljava/awt/image/BufferedImage;+50
j  tdl.record.screen.image.input.InputFromScreen.readImage()Ljava/awt/image/BufferedImage;+8
j  tdl.record.screen.image.input.ScaleToOptimalSizeImage.readImage()Ljava/awt/image/BufferedImage;+5
j  tdl.record.screen.image.input.EnsureEvenHeightAndWidth.readImage()Ljava/awt/image/BufferedImage;+5
j  tdl.record.screen.video.VideoRecorder.doRecord(Ljava/time/Duration;)V+142
j  tdl.record.screen.video.VideoRecorder.start(Ljava/time/Duration;)V+23
j  tdl.record_upload.video.VideoRecordingThread.run()V+23
v  ~StubRoutines::call_stub
V  [libjvm.so+0x6852db]  JavaCalls::call_helper(JavaValue*, methodHandle*, JavaCallArguments*, Thread*)+0xddb
V  [libjvm.so+0x682ba3]  JavaCalls::call_virtual(JavaValue*, KlassHandle, Symbol*, Symbol*, JavaCallArguments*, Thread*)+0x263
V  [libjvm.so+0x683167]  JavaCalls::call_virtual(JavaValue*, Handle, KlassHandle, Symbol*, Symbol*, Thread*)+0x47
V  [libjvm.so+0x6ef0ec]  thread_entry(JavaThread*, Thread*)+0x6c
V  [libjvm.so+0xa76f9b]  JavaThread::thread_main_inner()+0xdb
V  [libjvm.so+0xa7722f]  JavaThread::run()+0x25f
V  [libjvm.so+0x909c92]  java_start(Thread*)+0x102
C  [libc.so.6+0x94ac3]

Java frames: (J=compiled Java code, j=interpreted, Vv=VM code)
j  sun.awt.X11.XRobotPeer.getRGBPixelsImpl(Lsun/awt/X11GraphicsConfig;IIII[I)V+0
j  sun.awt.X11.XRobotPeer.getRGBPixels(Ljava/awt/Rectangle;)[I+33
j  java.awt.Robot.createScreenCapture(Ljava/awt/Rectangle;)Ljava/awt/image/BufferedImage;+50
j  tdl.record.screen.image.input.InputFromScreen.readImage()Ljava/awt/image/BufferedImage;+8
j  tdl.record.screen.image.input.ScaleToOptimalSizeImage.readImage()Ljava/awt/image/BufferedImage;+5
j  tdl.record.screen.image.input.EnsureEvenHeightAndWidth.readImage()Ljava/awt/image/BufferedImage;+5
j  tdl.record.screen.video.VideoRecorder.doRecord(Ljava/time/Duration;)V+142
j  tdl.record.screen.video.VideoRecorder.start(Ljava/time/Duration;)V+23
j  tdl.record_upload.video.VideoRecordingThread.run()V+23
v  ~StubRoutines::call_stub

---------------  P R O C E S S  ---------------

Java Threads: ( => current thread )
  0x0000780160003000 JavaThread "ExEvent-27" [_thread_blocked, id=7813, stack(0x00007801fbf00000,0x00007801fc000000)]
  0x0000780160001000 JavaThread "ExEvent-26-acceptor-0@1a8e41b6-ServerConnector@1199fe66{HTTP/1.1,[http/1.1]}{localhost:41375}" [_thread_in_native, id=7812, stack(0x00007801f8d00000,0x00007801f8e00000)]
  0x0000780220888800 JavaThread "ExEvent-21" [_thread_in_native, id=7804, stack(0x0000780200000000,0x0000780200100000)]
  0x000078018c029000 JavaThread "AWT-XAWT" daemon [_thread_blocked, id=7803, stack(0x0000780200100000,0x0000780200200000)]
  0x0000780220878000 JavaThread "HealthCheck" [_thread_blocked, id=7802, stack(0x0000780200f00000,0x0000780201000000)]
  0x0000780220876000 JavaThread "Metrics" [_thread_blocked, id=7801, stack(0x0000780201000000,0x0000780201100000)]
  0x0000780220874000 JavaThread "Upload" [_thread_in_vm, id=7800, stack(0x0000780201100000,0x0000780201200000)]
  0x000078022086f000 JavaThread "SourceRec" [_thread_in_vm, id=7799, stack(0x0000780201b00000,0x0000780201c00000)]
=>0x000078022086d800 JavaThread "VideoRec" [_thread_in_native, id=7798, stack(0x0000780201c00000,0x0000780201d00000)]
  0x00007802207c3000 JavaThread "Java2D Disposer" daemon [_thread_blocked, id=7794, stack(0x0000780201d00000,0x0000780201e00000)]
  0x00007802206be800 JavaThread "java-sdk-http-connection-reaper" daemon [_thread_blocked, id=7793, stack(0x00007802021fb000,0x00007802022fb000)]
  0x00007802203eb800 JavaThread "process reaper" daemon [_thread_blocked, id=7783, stack(0x0000780225c6d000,0x0000780225ca6000)]
  0x000078022021f800 JavaThread "Service Thread" daemon [_thread_blocked, id=7780, stack(0x00007802023fc000,0x00007802024fc000)]
  0x0000780220214800 JavaThread "C1 CompilerThread3" daemon [_thread_blocked, id=7779, stack(0x00007802024fd000,0x00007802025fd000)]
  0x0000780220212800 JavaThread "C2 CompilerThread2" daemon [_thread_blocked, id=7778, stack(0x00007802025fe000,0x00007802026fe000)]
  0x0000780220210800 JavaThread "C2 CompilerThread1" daemon [_thread_blocked, id=7777, stack(0x00007802026ff000,0x00007802027ff000)]
  0x000078022020d800 JavaThread "C2 CompilerThread0" daemon [_thread_in_native, id=7776, stack(0x0000780202800000,0x0000780202900000)]
  0x000078022020c000 JavaThread "Signal Dispatcher" daemon [_thread_blocked, id=7775, stack(0x0000780202900000,0x0000780202a00000)]
  0x00007802201d4800 JavaThread "Finalizer" daemon [_thread_blocked, id=7774, stack(0x0000780202cef000,0x0000780202def000)]
  0x00007802201d2000 JavaThread "Reference Handler" daemon [_thread_blocked, id=7773, stack(0x0000780202def000,0x0000780202eef000)]
  0x000078022000a000 JavaThread "main" [_thread_blocked, id=7763, stack(0x00007802279a4000,0x0000780227aa4000)]

Other Threads:
  0x00007802201c8000 VMThread [stack: 0x0000780202ef0000,0x0000780202ff0000] [id=7772]
  0x0000780220223000 WatcherThread [stack: 0x00007802022fc000,0x00007802023fc000] [id=7781]

VM state:not at safepoint (normal execution)

VM Mutex/Monitor currently owned by a thread: None

Heap:
 PSYoungGen      total 66560K, used 49148K [0x00000000d8100000, 0x00000000dc700000, 0x0000000100000000)
  eden space 61440K, 79% used [0x00000000d8100000,0x00000000db0ff148,0x00000000dbd00000)
  from space 5120K, 0% used [0x00000000dc200000,0x00000000dc200000,0x00000000dc700000)
  to   space 5120K, 0% used [0x00000000dbd00000,0x00000000dbd00000,0x00000000dc200000)
 ParOldGen       total 63488K, used 8517K [0x0000000088200000, 0x000000008c000000, 0x00000000d8100000)
  object space 63488K, 13% used [0x0000000088200000,0x0000000088a51538,0x000000008c000000)
 Metaspace       used 28852K, capacity 29314K, committed 29568K, reserved 1075200K
  class space    used 3543K, capacity 3689K, committed 3712K, reserved 1048576K

Card table byte_map: [0x0000780224600000,0x00007802249c0000] byte_map_base: 0x00007802241bf000

Marking Bits: (ParMarkBitMap*) 0x0000780226fc6d40
 Begin Bits: [0x0000780208400000, 0x000078020a1f8000)
 End Bits:   [0x000078020a1f8000, 0x000078020bff0000)

Polling page: 0x0000780227be5000

CodeCache: size=245760Kb used=5326Kb max_used=5326Kb free=240433Kb
 bounds [0x0000780211000000, 0x0000780211540000, 0x0000780220000000]
 total_blobs=2293 nmethods=1649 adapters=557
 compilation: enabled

Compilation events (10 events):
Event: 3.275 Thread 0x0000780220214800 1637       3       java.util.Objects::equals (23 bytes)
Event: 3.276 Thread 0x0000780220214800 nmethod 1637 0x0000780211533790 code [0x0000780211533900, 0x0000780211533bc8]
Event: 3.276 Thread 0x0000780220214800 1638       1       sun.nio.fs.UnixException::errno (5 bytes)
Event: 3.276 Thread 0x0000780220214800 nmethod 1638 0x00007802115334d0 code [0x0000780211533620, 0x0000780211533730]
Event: 3.276 Thread 0x0000780220214800 1639       3       sun.security.provider.SHA::<init> (30 bytes)
Event: 3.277 Thread 0x0000780220214800 nmethod 1639 0x0000780211532c50 code [0x0000780211532de0, 0x0000780211533308]
Event: 3.277 Thread 0x0000780220214800 1640       3       java.lang.invoke.MethodTypeForm::unpack (30 bytes)
Event: 3.277 Thread 0x0000780220214800 nmethod 1640 0x0000780211532910 code [0x0000780211532a60, 0x0000780211532bd0]
Event: 3.277 Thread 0x0000780220214800 1642       3       jdk.internal.org.objectweb.asm.AnnotationVisitor::<init> (35 bytes)
Event: 3.277 Thread 0x0000780220214800 nmethod 1642 0x0000780211532350 code [0x00007802115324e0, 0x00007802115327e8]

GC Heap History (6 events):
Event: 0.962 GC heap before
{Heap before GC invocations=1 (full 0):
 PSYoungGen      total 35840K, used 30720K [0x00000000d8100000, 0x00000000da900000, 0x0000000100000000)
  eden space 30720K, 100% used [0x00000000d8100000,0x00000000d9f00000,0x00000000d9f00000)
  from space 5120K, 0% used [0x00000000da400000,0x00000000da400000,0x00000000da900000)
  to   space 5120K, 0% used [0x00000000d9f00000,0x00000000d9f00000,0x00000000da400000)
 ParOldGen       total 81920K, used 0K [0x0000000088200000, 0x000000008d200000, 0x00000000d8100000)
  object space 81920K, 0% used [0x0000000088200000,0x0000000088200000,0x000000008d200000)
 Metaspace       used 15655K, capacity 15900K, committed 16128K, reserved 1062912K
  class space    used 1929K, capacity 2028K, committed 2048K, reserved 1048576K
Event: 0.972 GC heap after
Heap after GC invocations=1 (full 0):
 PSYoungGen      total 35840K, used 5113K [0x00000000d8100000, 0x00000000dc700000, 0x0000000100000000)
  eden space 30720K, 0% used [0x00000000d8100000,0x00000000d8100000,0x00000000d9f00000)
  from space 5120K, 99% used [0x00000000d9f00000,0x00000000da3fe708,0x00000000da400000)
  to   space 5120K, 0% used [0x00000000dc200000,0x00000000dc200000,0x00000000dc700000)
 ParOldGen       total 81920K, used 3076K [0x0000000088200000, 0x000000008d200000, 0x00000000d8100000)
  object space 81920K, 3% used [0x0000000088200000,0x0000000088501268,0x000000008d200000)
 Metaspace       used 15655K, capacity 15900K, committed 16128K, reserved 1062912K
  class space    used 1929K, capacity 2028K, committed 2048K, reserved 1048576K
}
Event: 1.581 GC heap before
{Heap before GC invocations=2 (full 0):
 PSYoungGen      total 35840K, used 28967K [0x00000000d8100000, 0x00000000dc700000, 0x0000000100000000)
  eden space 30720K, 77% used [0x00000000d8100000,0x00000000d984b770,0x00000000d9f00000)
  from space 5120K, 99% used [0x00000000d9f00000,0x00000000da3fe708,0x00000000da400000)
  to   space 5120K, 0% used [0x00000000dc200000,0x00000000dc200000,0x00000000dc700000)
 ParOldGen       total 81920K, used 3076K [0x0000000088200000, 0x000000008d200000, 0x00000000d8100000)
  object space 81920K, 3% used [0x0000000088200000,0x0000000088501268,0x000000008d200000)
 Metaspace       used 20799K, capacity 21056K, committed 21296K, reserved 1069056K
  class space    used 2555K, capacity 2650K, committed 2688K, reserved 1048576K
Event: 1.593 GC heap after
Heap after GC invocations=2 (full 0):
 PSYoungGen      total 66560K, used 5114K [0x00000000d8100000, 0x00000000dc700000, 0x0000000100000000)
  eden space 61440K, 0% used [0x00000000d8100000,0x00000000d8100000,0x00000000dbd00000)
  from space 5120K, 99% used [0x00000000dc200000,0x00000000dc6febc0,0x00000000dc700000)
  to   space 5120K, 0% used [0x00000000dbd00000,0x00000000dbd00000,0x00000000dc200000)
 ParOldGen       total 81920K, used 6697K [0x0000000088200000, 0x000000008d200000, 0x00000000d8100000)
  object space 81920K, 8% used [0x0000000088200000,0x000000008888a798,0x000000008d200000)
 Metaspace       used 20799K, capacity 21056K, committed 21296K, reserved 1069056K
  class space    used 2555K, capacity 2650K, committed 2688K, reserved 1048576K
}
Event: 1.593 GC heap before
{Heap before GC invocations=3 (full 1):
 PSYoungGen      total 66560K, used 5114K [0x00000000d8100000, 0x00000000dc700000, 0x0000000100000000)
  eden space 61440K, 0% used [0x00000000d8100000,0x00000000d8100000,0x00000000dbd00000)
  from space 5120K, 99% used [0x00000000dc200000,0x00000000dc6febc0,0x00000000dc700000)
  to   space 5120K, 0% used [0x00000000dbd00000,0x00000000dbd00000,0x00000000dc200000)
 ParOldGen       total 81920K, used 6697K [0x0000000088200000, 0x000000008d200000, 0x00000000d8100000)
  object space 81920K, 8% used [0x0000000088200000,0x000000008888a798,0x000000008d200000)
 Metaspace       used 20799K, capacity 21056K, committed 21296K, reserved 1069056K
  class space    used 2555K, capacity 2650K, committed 2688K, reserved 1048576K
Event: 1.638 GC heap after
Heap after GC invocations=3 (full 1):
 PSYoungGen      total 66560K, used 0K [0x00000000d8100000, 0x00000000dc700000, 0x0000000100000000)
  eden space 61440K, 0% used [0x00000000d8100000,0x00000000d8100000,0x00000000dbd00000)
  from space 5120K, 0% used [0x00000000dc200000,0x00000000dc200000,0x00000000dc700000)
  to   space 5120K, 0% used [0x00000000dbd00000,0x00000000dbd00000,0x00000000dc200000)
 ParOldGen       total 63488K, used 8517K [0x0000000088200000, 0x000000008c000000, 0x00000000d8100000)
  object space 63488K, 13% used [0x0000000088200000,0x0000000088a51538,0x000000008c000000)
 Metaspace       used 20799K, capacity 21056K, committed 21296K, reserved 1069056K
  class space    used 2555K, capacity 2650K, committed 2688K, reserved 1048576K
}

Deoptimization events (10 events):
Event: 1.158 Thread 0x000078022000a000 Uncommon trap: reason=bimorphic action=maybe_recompile pc=0x00007802113758bc method=java.util.regex.Pattern$BmpCharProperty.match(Ljava/util/regex/Matcher;ILjava/lang/CharSequence;)Z @ 31
Event: 1.158 Thread 0x000078022000a000 Uncommon trap: reason=bimorphic action=maybe_recompile pc=0x00007802113758bc method=java.util.regex.Pattern$BmpCharProperty.match(Ljava/util/regex/Matcher;ILjava/lang/CharSequence;)Z @ 31
Event: 1.266 Thread 0x000078022000a000 Uncommon trap: reason=class_check action=maybe_recompile pc=0x0000780211357d94 method=java.util.regex.Pattern$Curly.match(Ljava/util/regex/Matcher;ILjava/lang/CharSequence;)Z @ 19
Event: 1.292 Thread 0x000078022000a000 Uncommon trap: reason=class_check action=maybe_recompile pc=0x0000780211357d94 method=java.util.regex.Pattern$Curly.match(Ljava/util/regex/Matcher;ILjava/lang/CharSequence;)Z @ 19
Event: 1.292 Thread 0x000078022000a000 Uncommon trap: reason=class_check action=maybe_recompile pc=0x0000780211357d94 method=java.util.regex.Pattern$Curly.match(Ljava/util/regex/Matcher;ILjava/lang/CharSequence;)Z @ 19
Event: 1.292 Thread 0x000078022000a000 Uncommon trap: reason=class_check action=maybe_recompile pc=0x0000780211357d94 method=java.util.regex.Pattern$Curly.match(Ljava/util/regex/Matcher;ILjava/lang/CharSequence;)Z @ 19
Event: 1.339 Thread 0x000078022000a000 Uncommon trap: reason=unstable_if action=reinterpret pc=0x00007802113209e0 method=java.lang.String$CaseInsensitiveComparator.compare(Ljava/lang/String;Ljava/lang/String;)I @ 70
Event: 1.513 Thread 0x000078022000a000 Uncommon trap: reason=bimorphic action=maybe_recompile pc=0x0000780211344f6c method=java.util.HashMap.putVal(ILjava/lang/Object;Ljava/lang/Object;ZZ)Ljava/lang/Object; @ 152
Event: 1.577 Thread 0x000078022000a000 Uncommon trap: reason=unstable_if action=reinterpret pc=0x000078021143a2ec method=java.util.Arrays.equals([B[B)Z @ 41
Event: 3.271 Thread 0x000078022086f000 Uncommon trap: reason=class_check action=maybe_recompile pc=0x0000780211441800 method=java.util.zip.InflaterInputStream.read([BII)I @ 100

Classes redefined (0 events):
No events

Internal exceptions (10 events):
Event: 3.275 Thread 0x000078022086f000 Exception <a 'java/io/FileNotFoundException'> (0x00000000da4c0428) thrown at [/HUDSON/workspace/8-2-build-linux-amd64/jdk8u191/11894/hotspot/src/share/vm/prims/jni.cpp, line 709]
Event: 3.275 Thread 0x000078022086f000 Exception <a 'sun/nio/fs/UnixException'> (0x00000000da4c12f8) thrown at [/HUDSON/workspace/8-2-build-linux-amd64/jdk8u191/11894/hotspot/src/share/vm/prims/jni.cpp, line 709]
Event: 3.275 Thread 0x000078022086f000 Exception <a 'java/io/FileNotFoundException'> (0x00000000da4c1bd8) thrown at [/HUDSON/workspace/8-2-build-linux-amd64/jdk8u191/11894/hotspot/src/share/vm/prims/jni.cpp, line 709]
Event: 3.275 Thread 0x000078022086f000 Exception <a 'sun/nio/fs/UnixException'> (0x00000000da4c2448) thrown at [/HUDSON/workspace/8-2-build-linux-amd64/jdk8u191/11894/hotspot/src/share/vm/prims/jni.cpp, line 709]
Event: 3.275 Thread 0x000078022086f000 Exception <a 'sun/nio/fs/UnixException'> (0x00000000da4c33a8) thrown at [/HUDSON/workspace/8-2-build-linux-amd64/jdk8u191/11894/hotspot/src/share/vm/prims/jni.cpp, line 709]
Event: 3.276 Thread 0x000078022086f000 Exception <a 'sun/nio/fs/UnixException'> (0x00000000da4c5720) thrown at [/HUDSON/workspace/8-2-build-linux-amd64/jdk8u191/11894/hotspot/src/share/vm/prims/jni.cpp, line 709]
Event: 3.276 Thread 0x000078022086f000 Exception <a 'sun/nio/fs/UnixException'> (0x00000000da4c6610) thrown at [/HUDSON/workspace/8-2-build-linux-amd64/jdk8u191/11894/hotspot/src/share/vm/prims/jni.cpp, line 709]
Event: 3.276 Thread 0x000078022086f000 Exception <a 'sun/nio/fs/UnixException'> (0x00000000da4c7950) thrown at [/HUDSON/workspace/8-2-build-linux-amd64/jdk8u191/11894/hotspot/src/share/vm/prims/jni.cpp, line 709]
Event: 3.276 Thread 0x000078022086f000 Exception <a 'sun/nio/fs/UnixException'> (0x00000000da4c8840) thrown at [/HUDSON/workspace/8-2-build-linux-amd64/jdk8u191/11894/hotspot/src/share/vm/prims/jni.cpp, line 709]
Event: 3.278 Thread 0x000078022086f000 Exception <a 'sun/nio/fs/UnixException'> (0x00000000da4db228) thrown at [/HUDSON/workspace/8-2-build-linux-amd64/jdk8u191/11894/hotspot/src/share/vm/prims/jni.cpp, line 709]

Events (10 events):
Event: 3.277 loading class org/eclipse/jgit/hooks/PostCommitHook
Event: 3.277 loading class org/eclipse/jgit/hooks/PostCommitHook done
Event: 3.277 loading class java/util/stream/ReferencePipeline$5
Event: 3.278 loading class java/util/stream/LongPipeline$StatelessOp
Event: 3.278 loading class java/util/stream/LongPipeline
Event: 3.278 loading class sun/awt/X11/XErrorEvent
Event: 3.278 loading class tdl/record/sourcecode/snapshot/file/Header
Event: 3.278 loading class tdl/record/sourcecode/snapshot/file/Header done
Event: 3.278 loading class java/util/stream/LongStream
Event: 3.278 loading class sun/awt/X11/XErrorEvent done


Dynamic libraries:
00400000-00401000 r-xp 00000000 103:07 1732907                           /home/laurence/projects/iwoca/accelerate_runner/jre/bin/java
00600000-00601000 r--p 00000000 103:07 1732907                           /home/laurence/projects/iwoca/accelerate_runner/jre/bin/java
00601000-00602000 rw-p 00001000 103:07 1732907                           /home/laurence/projects/iwoca/accelerate_runner/jre/bin/java
09feb000-0a00c000 rw-p 00000000 00:00 0                                  [heap]
88200000-8c000000 rw-p 00000000 00:00 0 
8c000000-d8100000 ---p 00000000 00:00 0 
d8100000-dc700000 rw-p 00000000 00:00 0 
dc700000-100000000 ---p 00000000 00:00 0 
100000000-1003a0000 rw-p 00000000 00:00 0 
1003a0000-140000000 ---p 00000000 00:00 0 
78015c000000-78015c021000 rw-p 00000000 00:00 0 
78015c021000-780160000000 ---p 00000000 00:00 0 
780160000000-780160021000 rw-p 00000000 00:00 0 
780160021000-780164000000 ---p 00000000 00:00 0 
780168000000-780168021000 rw-p 00000000 00:00 0 
780168021000-78016c000000 ---p 00000000 00:00 0 
78016c000000-78016c021000 rw-p 00000000 00:00 0 
78016c021000-780170000000 ---p 00000000 00:00 0 
780174000000-780174021000 rw-p 00000000 00:00 0 
780174021000-780178000000 ---p 00000000 00:00 0 
780178000000-780178021000 rw-p 00000000 00:00 0 
780178021000-78017c000000 ---p 00000000 00:00 0 
780180000000-780180030000 rw-p 00000000 00:00 0 
780180030000-780184000000 ---p 00000000 00:00 0 
780184000000-7801840f0000 rw-p 00000000 00:00 0 
7801840f0000-780188000000 ---p 00000000 00:00 0 
78018c000000-78018caf4000 rw-p 00000000 00:00 0 
78018caf4000-780190000000 ---p 00000000 00:00 0 
780190000000-780190021000 rw-p 00000000 00:00 0 
780190021000-780194000000 ---p 00000000 00:00 0 
780198000000-780198021000 rw-p 00000000 00:00 0 
780198021000-78019c000000 ---p 00000000 00:00 0 
78019c000000-78019c021000 rw-p 00000000 00:00 0 
78019c021000-7801a0000000 ---p 00000000 00:00 0 
7801a2400000-7801a2bea000 rw-p 00000000 00:00 0 
7801a2c00000-7801a2f01000 rw-p 00000000 00:00 0 
7801a3000000-7801a30fb000 r-xp 00000000 103:07 1733725                   /home/laurence/projects/iwoca/accelerate_runner/jre/lib/amd64/libmlib_image.so
7801a30fb000-7801a32fa000 ---p 000fb000 103:07 1733725                   /home/laurence/projects/iwoca/accelerate_runner/jre/lib/amd64/libmlib_image.so
7801a32fa000-7801a32fb000 r--p 000fa000 103:07 1733725                   /home/laurence/projects/iwoca/accelerate_runner/jre/lib/amd64/libmlib_image.so
7801a32fb000-7801a32fc000 rw-p 000fb000 103:07 1733725                   /home/laurence/projects/iwoca/accelerate_runner/jre/lib/amd64/libmlib_image.so
7801a3600000-7801a3601000 ---p 00000000 00:00 0 
7801a3601000-7801a3e01000 rwxp 00000000 00:00 0 
7801a4000000-7801a4021000 rw-p 00000000 00:00 0 
7801a4021000-7801a8000000 ---p 00000000 00:00 0 
7801a8000000-7801a8021000 rw-p 00000000 00:00 0 
7801a8021000-7801ac000000 ---p 00000000 00:00 0 
7801ac200000-7801ac400000 rw-p 00000000 00:00 0 
7801ac400000-7801ac600000 rw-p 00000000 00:00 0 
7801ac600000-7801ac6cb000 rw-p 00000000 00:00 0 
7801ac800000-7801aca00000 rw-p 00000000 00:00 0 
7801aca00000-7801acc00000 rw-p 00000000 00:00 0 
7801acc00000-7801acccb000 rw-p 00000000 00:00 0 
7801ace00000-7801ad000000 rw-p 00000000 00:00 0 
7801ad000000-7801ad400000 rw-p 00000000 00:00 0 
7801ad400000-7801ad5b5000 rw-p 00000000 00:00 0 
7801ad600000-7801ad800000 rw-p 00000000 00:00 0 
7801ad800000-7801ada00000 rw-p 00000000 00:00 0 
7801ada00000-7801adacb000 rw-p 00000000 00:00 0 
7801adc00000-7801ade00000 rw-p 00000000 00:00 0 
7801ade00000-7801ae200000 rw-p 00000000 00:00 0 
7801ae200000-7801ae3b5000 rw-p 00000000 00:00 0 
7801ae400000-7801ae600000 rw-p 00000000 00:00 0 
7801ae600000-7801ae800000 rw-p 00000000 00:00 0 
7801ae800000-7801ae8cb000 rw-p 00000000 00:00 0 
7801aea00000-7801aec00000 rw-p 00000000 00:00 0 
7801aec00000-7801af000000 rw-p 00000000 00:00 0 
7801af000000-7801af1b5000 rw-p 00000000 00:00 0 
7801af200000-7801af400000 rw-p 00000000 00:00 0 
7801af400000-7801af600000 rw-p 00000000 00:00 0 
7801af600000-7801af6cb000 rw-p 00000000 00:00 0 
7801af800000-7801afa00000 rw-p 00000000 00:00 0 
7801afa00000-7801afe00000 rw-p 00000000 00:00 0 
7801afe00000-7801affb5000 rw-p 00000000 00:00 0 
7801b0000000-7801b030a000 rw-p 00000000 00:00 0 
7801b030a000-7801b4000000 ---p 00000000 00:00 0 
7801b4000000-7801b419b000 rw-p 00000000 00:00 0 
7801b419b000-7801b8000000 ---p 00000000 00:00 0 
7801b8200000-7801b8400000 rw-p 00000000 00:00 0 
7801b8400000-7801b8600000 rw-p 00000000 00:00 0 
7801b8600000-7801b86cb000 rw-p 00000000 00:00 0 
7801b8800000-7801b8a00000 rw-p 00000000 00:00 0 
7801b8a00000-7801b8e00000 rw-p 00000000 00:00 0 
7801b8e00000-7801b8fb5000 rw-p 00000000 00:00 0 
7801b9000000-7801b9200000 rw-p 00000000 00:00 0 
7801b9200000-7801b9400000 rw-p 00000000 00:00 0 
7801b9400000-7801b94cb000 rw-p 00000000 00:00 0 
7801b9600000-7801b9800000 rw-p 00000000 00:00 0 
7801b9800000-7801b9c00000 rw-p 00000000 00:00 0 
7801b9c00000-7801b9db5000 rw-p 00000000 00:00 0 
7801b9e00000-7801ba000000 rw-p 00000000 00:00 0 
7801ba000000-7801ba200000 rw-p 00000000 00:00 0 
7801ba200000-7801ba2cb000 rw-p 00000000 00:00 0 
7801ba400000-7801ba600000 rw-p 00000000 00:00 0 
7801ba600000-7801baa00000 rw-p 00000000 00:00 0 
7801baa00000-7801babb5000 rw-p 00000000 00:00 0 
7801bac00000-7801bae00000 rw-p 00000000 00:00 0 
7801bae00000-7801bb000000 rw-p 00000000 00:00 0 
7801bb000000-7801bb0cb000 rw-p 00000000 00:00 0 
7801bb200000-7801bb400000 rw-p 00000000 00:00 0 
7801bb400000-7801bb800000 rw-p 00000000 00:00 0 
7801bb800000-7801bb9b5000 rw-p 00000000 00:00 0 
7801bba00000-7801bbc00000 rw-p 00000000 00:00 0 
7801bbc00000-7801bbe00000 rw-p 00000000 00:00 0 
7801bbe00000-7801bbecb000 rw-p 00000000 00:00 0 
7801bc000000-7801bc188000 rw-p 00000000 00:00 0 
7801bc188000-7801c0000000 ---p 00000000 00:00 0 
7801c0000000-7801c02f0000 rw-p 00000000 00:00 0 
7801c02f0000-7801c4000000 ---p 00000000 00:00 0 
7801c4400000-7801c4600000 rw-p 00000000 00:00 0 
7801c4600000-7801c4a00000 rw-p 00000000 00:00 0 
7801c4a00000-7801c4bb5000 rw-p 00000000 00:00 0 
7801c4c00000-7801c4e00000 rw-p 00000000 00:00 0 
7801c4e00000-7801c5000000 rw-p 00000000 00:00 0 
7801c5000000-7801c50cb000 rw-p 00000000 00:00 0 
7801c5200000-7801c5400000 rw-p 00000000 00:00 0 
7801c5400000-7801c5800000 rw-p 00000000 00:00 0 
7801c5800000-7801c59b5000 rw-p 00000000 00:00 0 
7801c5a00000-7801c5c00000 rw-p 00000000 00:00 0 
7801c5c00000-7801c5e00000 rw-p 00000000 00:00 0 
7801c5e00000-7801c5ecb000 rw-p 00000000 00:00 0 
7801c6000000-7801c6200000 rw-p 00000000 00:00 0 
7801c6200000-7801c6600000 rw-p 00000000 00:00 0 
7801c6600000-7801c67b5000 rw-p 00000000 00:00 0 
7801c6800000-7801c6a00000 rw-p 00000000 00:00 0 
7801c6a00000-7801c6c00000 rw-p 00000000 00:00 0 
7801c6c00000-7801c6ccb000 rw-p 00000000 00:00 0 
7801c6e00000-7801c7000000 rw-p 00000000 00:00 0 
7801c7000000-7801c7400000 rw-p 00000000 00:00 0 
7801c7400000-7801c75b5000 rw-p 00000000 00:00 0 
7801c7600000-7801c7601000 ---p 00000000 00:00 0 
7801c7601000-7801c7e01000 rwxp 00000000 00:00 0 
7801c8000000-7801c8021000 rw-p 00000000 00:00 0 
7801c8021000-7801cc000000 ---p 00000000 00:00 0 
7801cc000000-7801cc021000 rw-p 00000000 00:00 0 
7801cc021000-7801d0000000 ---p 00000000 00:00 0 
7801d0400000-7801d0401000 ---p 00000000 00:00 0 
7801d0401000-7801d0c01000 rwxp 00000000 00:00 0 
7801d0e00000-7801d0e01000 ---p 00000000 00:00 0 
7801d0e01000-7801d1601000 rwxp 00000000 00:00 0 
7801d1800000-7801d1801000 ---p 00000000 00:00 0 
7801d1801000-7801d2001000 rwxp 00000000 00:00 0 
7801d2200000-7801d2201000 ---p 00000000 00:00 0 
7801d2201000-7801d2a01000 rwxp 00000000 00:00 0 
7801d2c00000-7801d2c01000 ---p 00000000 00:00 0 
7801d2c01000-7801d3401000 rwxp 00000000 00:00 0 
7801d3600000-7801d3601000 ---p 00000000 00:00 0 
7801d3601000-7801d3e01000 rwxp 00000000 00:00 0 
7801d4000000-7801d4021000 rw-p 00000000 00:00 0 
7801d4021000-7801d8000000 ---p 00000000 00:00 0 
7801d8000000-7801d8021000 rw-p 00000000 00:00 0 
7801d8021000-7801dc000000 ---p 00000000 00:00 0 
7801dc200000-7801dc340000 rw-p 00000000 00:00 0 
7801dc340000-7801dc400000 ---p 00000000 00:00 0 
7801dc400000-7801dc401000 ---p 00000000 00:00 0 
7801dc401000-7801dcc01000 rwxp 00000000 00:00 0 
7801dce00000-7801dce01000 ---p 00000000 00:00 0 
7801dce01000-7801dd601000 rwxp 00000000 00:00 0 
7801dd800000-7801dd801000 ---p 00000000 00:00 0 
7801dd801000-7801de001000 rwxp 00000000 00:00 0 
7801de200000-7801de201000 ---p 00000000 00:00 0 
7801de201000-7801dea01000 rwxp 00000000 00:00 0 
7801dec00000-7801dec01000 ---p 00000000 00:00 0 
7801dec01000-7801df401000 rwxp 00000000 00:00 0 
7801df600000-7801df601000 ---p 00000000 00:00 0 
7801df601000-7801dfe01000 rwxp 00000000 00:00 0 
7801dfe47000-7801e0000000 rw-p 00000000 00:00 0 
7801e0000000-7801e0021000 rw-p 00000000 00:00 0 
7801e0021000-7801e4000000 ---p 00000000 00:00 0 
7801e4000000-7801e4021000 rw-p 00000000 00:00 0 
7801e4021000-7801e8000000 ---p 00000000 00:00 0 
7801e8000000-7801e8021000 rw-p 00000000 00:00 0 
7801e8021000-7801ec000000 ---p 00000000 00:00 0 
7801ec000000-7801ec021000 rw-p 00000000 00:00 0 
7801ec021000-7801f0000000 ---p 00000000 00:00 0 
7801f0047000-7801f0200000 rw-p 00000000 00:00 0 
7801f0200000-7801f0201000 ---p 00000000 00:00 0 
7801f0201000-7801f0a01000 rwxp 00000000 00:00 0 
7801f0a47000-7801f0e00000 rw-p 00000000 00:00 0 
7801f0e00000-7801f1000000 rw-p 00000000 00:00 0 
7801f1000000-7801f1096000 rw-p 00000000 00:00 0 
7801f1200000-7801f129a000 r--p 00000000 103:07 9962427                   /usr/lib/x86_64-linux-gnu/libstdc++.so.6.0.30
7801f129a000-7801f13ab000 r-xp 0009a000 103:07 9962427                   /usr/lib/x86_64-linux-gnu/libstdc++.so.6.0.30
7801f13ab000-7801f141a000 r--p 001ab000 103:07 9962427                   /usr/lib/x86_64-linux-gnu/libstdc++.so.6.0.30
7801f141a000-7801f141b000 ---p 0021a000 103:07 9962427                   /usr/lib/x86_64-linux-gnu/libstdc++.so.6.0.30
7801f141b000-7801f1426000 r--p 0021a000 103:07 9962427                   /usr/lib/x86_64-linux-gnu/libstdc++.so.6.0.30
7801f1426000-7801f1429000 rw-p 00225000 103:07 9962427                   /usr/lib/x86_64-linux-gnu/libstdc++.so.6.0.30
7801f1429000-7801f142c000 rw-p 00000000 00:00 0 
7801f1447000-7801f1600000 rw-p 00000000 00:00 0 
7801f1600000-7801f2c4c000 r-xp 00000000 103:07 5898254                   /tmp/humble1458781808896140605.tmp (deleted)
7801f2c4c000-7801f2e4b000 ---p 0164c000 103:07 5898254                   /tmp/humble1458781808896140605.tmp (deleted)
7801f2e4b000-7801f2ef9000 r--p 0164b000 103:07 5898254                   /tmp/humble1458781808896140605.tmp (deleted)
7801f2ef9000-7801f2f40000 rw-p 016f9000 103:07 5898254                   /tmp/humble1458781808896140605.tmp (deleted)
7801f2f40000-7801f368a000 rw-p 00000000 00:00 0 
7801f368e000-7801f3a00000 rw-p 00000000 00:00 0 
7801f3a00000-7801f3a5d000 r-xp 00000000 103:07 1733681                   /home/laurence/projects/iwoca/accelerate_runner/jre/lib/amd64/libfontmanager.so
7801f3a5d000-7801f3c5d000 ---p 0005d000 103:07 1733681                   /home/laurence/projects/iwoca/accelerate_runner/jre/lib/amd64/libfontmanager.so
7801f3c5d000-7801f3c60000 r--p 0005d000 103:07 1733681                   /home/laurence/projects/iwoca/accelerate_runner/jre/lib/amd64/libfontmanager.so
7801f3c60000-7801f3c61000 rw-p 00060000 103:07 1733681                   /home/laurence/projects/iwoca/accelerate_runner/jre/lib/amd64/libfontmanager.so
7801f3c8e000-7801f4000000 rw-p 00000000 00:00 0 
7801f4000000-7801f4021000 rw-p 00000000 00:00 0 
7801f4021000-7801f8000000 ---p 00000000 00:00 0 
7801f8047000-7801f8200000 rw-p 00000000 00:00 0 
7801f8200000-7801f8253000 r-xp 00000000 103:07 1733718                   /home/laurence/projects/iwoca/accelerate_runner/jre/lib/amd64/libawt_xawt.so
7801f8253000-7801f8452000 ---p 00053000 103:07 1733718                   /home/laurence/projects/iwoca/accelerate_runner/jre/lib/amd64/libawt_xawt.so
7801f8452000-7801f8453000 r--p 00052000 103:07 1733718                   /home/laurence/projects/iwoca/accelerate_runner/jre/lib/amd64/libawt_xawt.so
7801f8453000-7801f8456000 rw-p 00053000 103:07 1733718                   /home/laurence/projects/iwoca/accelerate_runner/jre/lib/amd64/libawt_xawt.so
7801f8456000-7801f8457000 rw-p 00000000 00:00 0 
7801f848e000-7801f8800000 rw-p 00000000 00:00 0 
7801f8800000-7801f889f000 r-xp 00000000 103:07 1733703                   /home/laurence/projects/iwoca/accelerate_runner/jre/lib/amd64/libawt.so
7801f889f000-7801f8a9f000 ---p 0009f000 103:07 1733703                   /home/laurence/projects/iwoca/accelerate_runner/jre/lib/amd64/libawt.so
7801f8a9f000-7801f8aa0000 r--p 0009f000 103:07 1733703                   /home/laurence/projects/iwoca/accelerate_runner/jre/lib/amd64/libawt.so
7801f8aa0000-7801f8aab000 rw-p 000a0000 103:07 1733703                   /home/laurence/projects/iwoca/accelerate_runner/jre/lib/amd64/libawt.so
7801f8aab000-7801f8ad0000 rw-p 00000000 00:00 0 
7801f8b47000-7801f8d00000 rw-p 00000000 00:00 0 
7801f8d00000-7801f8d03000 ---p 00000000 00:00 0 
7801f8d03000-7801f8e00000 rwxp 00000000 00:00 0 
7801f8e00000-7801fbe01000 rw-p 00000000 00:00 0 
7801fbf00000-7801fbf03000 ---p 00000000 00:00 0 
7801fbf03000-7801fc000000 rwxp 00000000 00:00 0 
7801fc000000-7801fc021000 rw-p 00000000 00:00 0 
7801fc021000-780200000000 ---p 00000000 00:00 0 
780200000000-780200003000 ---p 00000000 00:00 0 
780200003000-780200100000 rwxp 00000000 00:00 0 
780200100000-780200103000 ---p 00000000 00:00 0 
780200103000-780200200000 rwxp 00000000 00:00 0 
780200200000-7802003c0000 rw-p 00000000 00:00 0 
7802003c0000-7802005c0000 rw-p 00000000 00:00 0 
7802005c0000-7802007ec000 rw-p 00000000 00:00 0 
7802007ec000-7802009c0000 rw-p 00000000 00:00 0 
7802009c0000-780200c00000 rw-p 00000000 00:00 0 
780200c00000-780200c08000 r-xp 00000000 103:07 1733728                   /home/laurence/projects/iwoca/accelerate_runner/jre/lib/amd64/libmanagement.so
780200c08000-780200e08000 ---p 00008000 103:07 1733728                   /home/laurence/projects/iwoca/accelerate_runner/jre/lib/amd64/libmanagement.so
780200e08000-780200e09000 r--p 00008000 103:07 1733728                   /home/laurence/projects/iwoca/accelerate_runner/jre/lib/amd64/libmanagement.so
780200e09000-780200e0a000 rw-p 00009000 103:07 1733728                   /home/laurence/projects/iwoca/accelerate_runner/jre/lib/amd64/libmanagement.so
780200f00000-780200f03000 ---p 00000000 00:00 0 
780200f03000-780201000000 rwxp 00000000 00:00 0 
780201000000-780201003000 ---p 00000000 00:00 0 
780201003000-780201100000 rwxp 00000000 00:00 0 
780201100000-780201103000 ---p 00000000 00:00 0 
780201103000-780201200000 rwxp 00000000 00:00 0 
780201200000-7802013c0000 rw-p 00000000 00:00 0 
7802013c0000-7802015c0000 rw-p 00000000 00:00 0 
7802015c0000-780201800000 rw-p 00000000 00:00 0 
780201800000-780201811000 r-xp 00000000 103:07 1733720                   /home/laurence/projects/iwoca/accelerate_runner/jre/lib/amd64/libnio.so
780201811000-780201a10000 ---p 00011000 103:07 1733720                   /home/laurence/projects/iwoca/accelerate_runner/jre/lib/amd64/libnio.so
780201a10000-780201a11000 r--p 00010000 103:07 1733720                   /home/laurence/projects/iwoca/accelerate_runner/jre/lib/amd64/libnio.so
780201a11000-780201a12000 rw-p 00011000 103:07 1733720                   /home/laurence/projects/iwoca/accelerate_runner/jre/lib/amd64/libnio.so
780201b00000-780201b03000 ---p 00000000 00:00 0 
780201b03000-780201c00000 rwxp 00000000 00:00 0 
780201c00000-780201c03000 ---p 00000000 00:00 0 
780201c03000-780201d00000 rwxp 00000000 00:00 0 
780201d00000-780201d03000 ---p 00000000 00:00 0 
780201d03000-780201e00000 rwxp 00000000 00:00 0 
780201e00000-780201e16000 r-xp 00000000 103:07 1733710                   /home/laurence/projects/iwoca/accelerate_runner/jre/lib/amd64/libnet.so
780201e16000-780202015000 ---p 00016000 103:07 1733710                   /home/laurence/projects/iwoca/accelerate_runner/jre/lib/amd64/libnet.so
780202015000-780202016000 r--p 00015000 103:07 1733710                   /home/laurence/projects/iwoca/accelerate_runner/jre/lib/amd64/libnet.so
780202016000-780202017000 rw-p 00016000 103:07 1733710                   /home/laurence/projects/iwoca/accelerate_runner/jre/lib/amd64/libnet.so
7802020bb000-7802020d4000 r--p 00000000 103:07 9963815                   /usr/lib/x86_64-linux-gnu/libX11.so.6.4.0
7802020d4000-780202160000 r-xp 00019000 103:07 9963815                   /usr/lib/x86_64-linux-gnu/libX11.so.6.4.0
780202160000-7802021f5000 r--p 000a5000 103:07 9963815                   /usr/lib/x86_64-linux-gnu/libX11.so.6.4.0
7802021f5000-7802021f6000 ---p 0013a000 103:07 9963815                   /usr/lib/x86_64-linux-gnu/libX11.so.6.4.0
7802021f6000-7802021f7000 r--p 0013a000 103:07 9963815                   /usr/lib/x86_64-linux-gnu/libX11.so.6.4.0
7802021f7000-7802021fb000 rw-p 0013b000 103:07 9963815                   /usr/lib/x86_64-linux-gnu/libX11.so.6.4.0
7802021fb000-7802021fe000 ---p 00000000 00:00 0 
7802021fe000-7802022fb000 rwxp 00000000 00:00 0 
7802022fb000-7802022fc000 ---p 00000000 00:00 0 
7802022fc000-7802023fc000 rwxp 00000000 00:00 0 
7802023fc000-7802023ff000 ---p 00000000 00:00 0 
7802023ff000-7802024fc000 rwxp 00000000 00:00 0 
7802024fc000-7802024fd000 ---p 00000000 00:00 0 
7802024fd000-780202500000 ---p 00000000 00:00 0 
780202500000-7802025fd000 rwxp 00000000 00:00 0 
7802025fd000-7802025fe000 ---p 00000000 00:00 0 
7802025fe000-780202601000 ---p 00000000 00:00 0 
780202601000-7802026fe000 rwxp 00000000 00:00 0 
7802026fe000-7802026ff000 ---p 00000000 00:00 0 
7802026ff000-780202702000 ---p 00000000 00:00 0 
780202702000-7802027ff000 rwxp 00000000 00:00 0 
7802027ff000-780202800000 ---p 00000000 00:00 0 
780202800000-780202803000 ---p 00000000 00:00 0 
780202803000-780202900000 rwxp 00000000 00:00 0 
780202900000-780202903000 ---p 00000000 00:00 0 
780202903000-780202a00000 rwxp 00000000 00:00 0 
780202a00000-780202c78000 r--p 00000000 103:07 10096112                  /usr/lib/locale/aa_DJ.utf8/LC_COLLATE
780202cef000-780202cf2000 ---p 00000000 00:00 0 
780202cf2000-780202def000 rwxp 00000000 00:00 0 
780202def000-780202df2000 ---p 00000000 00:00 0 
780202df2000-780202eef000 rwxp 00000000 00:00 0 
780202eef000-780202ef0000 ---p 00000000 00:00 0 
780202ef0000-780202ff0000 rwxp 00000000 00:00 0 
780202ff0000-780204000000 rw-p 00000000 00:00 0 
780204000000-780204021000 rw-p 00000000 00:00 0 
780204021000-780208000000 ---p 00000000 00:00 0 
7802080fd000-78020bff0000 rw-p 00000000 00:00 0 
78020c000000-78020c021000 rw-p 00000000 00:00 0 
78020c021000-780210000000 ---p 00000000 00:00 0 
7802100fd000-780210fbf000 rw-p 00000000 00:00 0 
780211000000-780211540000 rwxp 00000000 00:00 0 
780211540000-780220000000 ---p 00000000 00:00 0 
780220000000-780220ad5000 rw-p 00000000 00:00 0 
780220ad5000-780224000000 ---p 00000000 00:00 0 
7802240ff000-78022421f000 rw-p 00000000 00:00 0 
78022421f000-780224480000 ---p 00000000 00:00 0 
7802244ff000-78022461f000 rw-p 00000000 00:00 0 
78022461f000-78022487f000 ---p 00000000 00:00 0 
78022487f000-7802248a3000 rw-p 00000000 00:00 0 
7802248a3000-7802249bf000 ---p 00000000 00:00 0 
7802249bf000-7802249c0000 rw-p 00000000 00:00 0 
780224a00000-780224a15000 rw-p 00000000 00:00 0 
780224a15000-780224dc0000 ---p 00000000 00:00 0 
780224e00000-780224e1a000 r-xp 00000000 103:07 1733701                   /home/laurence/projects/iwoca/accelerate_runner/jre/lib/amd64/libzip.so
780224e1a000-78022501a000 ---p 0001a000 103:07 1733701                   /home/laurence/projects/iwoca/accelerate_runner/jre/lib/amd64/libzip.so
78022501a000-78022501b000 r--p 0001a000 103:07 1733701                   /home/laurence/projects/iwoca/accelerate_runner/jre/lib/amd64/libzip.so
78022501b000-78022501c000 rw-p 0001b000 103:07 1733701                   /home/laurence/projects/iwoca/accelerate_runner/jre/lib/amd64/libzip.so
780225071000-780225073000 r--p 00000000 103:07 9967444                   /usr/lib/x86_64-linux-gnu/libXfixes.so.3.1.0
780225073000-780225076000 r-xp 00002000 103:07 9967444                   /usr/lib/x86_64-linux-gnu/libXfixes.so.3.1.0
780225076000-780225077000 r--p 00005000 103:07 9967444                   /usr/lib/x86_64-linux-gnu/libXfixes.so.3.1.0
780225077000-780225078000 r--p 00006000 103:07 9967444                   /usr/lib/x86_64-linux-gnu/libXfixes.so.3.1.0
780225078000-780225079000 rw-p 00007000 103:07 9967444                   /usr/lib/x86_64-linux-gnu/libXfixes.so.3.1.0
780225079000-78022507c000 r--p 00000000 103:07 9962382                   /usr/lib/x86_64-linux-gnu/libgcc_s.so.1
78022507c000-780225093000 r-xp 00003000 103:07 9962382                   /usr/lib/x86_64-linux-gnu/libgcc_s.so.1
780225093000-780225097000 r--p 0001a000 103:07 9962382                   /usr/lib/x86_64-linux-gnu/libgcc_s.so.1
780225097000-780225098000 r--p 0001d000 103:07 9962382                   /usr/lib/x86_64-linux-gnu/libgcc_s.so.1
780225098000-780225099000 rw-p 0001e000 103:07 9962382                   /usr/lib/x86_64-linux-gnu/libgcc_s.so.1
7802250ae000-7802250b0000 r--p 00000000 103:07 9968386                   /usr/lib/x86_64-linux-gnu/libmd.so.0.0.5
7802250b0000-7802250b7000 r-xp 00002000 103:07 9968386                   /usr/lib/x86_64-linux-gnu/libmd.so.0.0.5
7802250b7000-7802250b9000 r--p 00009000 103:07 9968386                   /usr/lib/x86_64-linux-gnu/libmd.so.0.0.5
7802250b9000-7802250ba000 r--p 0000a000 103:07 9968386                   /usr/lib/x86_64-linux-gnu/libmd.so.0.0.5
7802250ba000-7802250bb000 rw-p 0000b000 103:07 9968386                   /usr/lib/x86_64-linux-gnu/libmd.so.0.0.5
7802250bb000-7802250bf000 r--p 00000000 103:07 9967720                   /usr/lib/x86_64-linux-gnu/libbsd.so.0.11.5
7802250bf000-7802250cc000 r-xp 00004000 103:07 9967720                   /usr/lib/x86_64-linux-gnu/libbsd.so.0.11.5
7802250cc000-7802250cf000 r--p 00011000 103:07 9967720                   /usr/lib/x86_64-linux-gnu/libbsd.so.0.11.5
7802250cf000-7802250d0000 ---p 00014000 103:07 9967720                   /usr/lib/x86_64-linux-gnu/libbsd.so.0.11.5
7802250d0000-7802250d1000 r--p 00014000 103:07 9967720                   /usr/lib/x86_64-linux-gnu/libbsd.so.0.11.5
7802250d1000-7802250d2000 rw-p 00015000 103:07 9967720                   /usr/lib/x86_64-linux-gnu/libbsd.so.0.11.5
7802250d2000-7802250d3000 rw-p 00000000 00:00 0 
7802250d3000-7802250de000 r--p 00000000 103:07 9969041                   /usr/lib/x86_64-linux-gnu/libxcb.so.1.1.0
7802250de000-7802250f2000 r-xp 0000b000 103:07 9969041                   /usr/lib/x86_64-linux-gnu/libxcb.so.1.1.0
7802250f2000-7802250fb000 r--p 0001f000 103:07 9969041                   /usr/lib/x86_64-linux-gnu/libxcb.so.1.1.0
7802250fb000-7802250fc000 r--p 00027000 103:07 9969041                   /usr/lib/x86_64-linux-gnu/libxcb.so.1.1.0
7802250fc000-7802250fd000 rw-p 00028000 103:07 9969041                   /usr/lib/x86_64-linux-gnu/libxcb.so.1.1.0
7802250fd000-780225400000 rw-p 00000000 00:00 0 
780225400000-78022542d000 r-xp 00000000 103:07 1733723                   /home/laurence/projects/iwoca/accelerate_runner/jre/lib/amd64/libjava.so
78022542d000-78022562c000 ---p 0002d000 103:07 1733723                   /home/laurence/projects/iwoca/accelerate_runner/jre/lib/amd64/libjava.so
78022562c000-78022562d000 r--p 0002c000 103:07 1733723                   /home/laurence/projects/iwoca/accelerate_runner/jre/lib/amd64/libjava.so
78022562d000-78022562f000 rw-p 0002d000 103:07 1733723                   /home/laurence/projects/iwoca/accelerate_runner/jre/lib/amd64/libjava.so
78022562f000-780225631000 r--p 00000000 103:07 9967440                   /usr/lib/x86_64-linux-gnu/libXdmcp.so.6.0.0
780225631000-780225633000 r-xp 00002000 103:07 9967440                   /usr/lib/x86_64-linux-gnu/libXdmcp.so.6.0.0
780225633000-780225635000 r--p 00004000 103:07 9967440                   /usr/lib/x86_64-linux-gnu/libXdmcp.so.6.0.0
780225635000-780225636000 r--p 00005000 103:07 9967440                   /usr/lib/x86_64-linux-gnu/libXdmcp.so.6.0.0
780225636000-780225637000 rw-p 00006000 103:07 9967440                   /usr/lib/x86_64-linux-gnu/libXdmcp.so.6.0.0
780225637000-780225725000 r--s 02851000 103:07 1738034                   /home/laurence/projects/iwoca/accelerate_runner/record/bin/record-and-upload.jar
780225725000-7802258ff000 r--s 03d6c000 103:07 1733650                   /home/laurence/projects/iwoca/accelerate_runner/jre/lib/rt.jar
7802258ff000-780225900000 ---p 00000000 00:00 0 
780225900000-780225a00000 rwxp 00000000 00:00 0 
780225a00000-780225a0d000 r-xp 00000000 103:07 1733682                   /home/laurence/projects/iwoca/accelerate_runner/jre/lib/amd64/libverify.so
780225a0d000-780225c0c000 ---p 0000d000 103:07 1733682                   /home/laurence/projects/iwoca/accelerate_runner/jre/lib/amd64/libverify.so
780225c0c000-780225c0e000 r--p 0000c000 103:07 1733682                   /home/laurence/projects/iwoca/accelerate_runner/jre/lib/amd64/libverify.so
780225c0e000-780225c0f000 rw-p 0000e000 103:07 1733682                   /home/laurence/projects/iwoca/accelerate_runner/jre/lib/amd64/libverify.so
780225c14000-780225c15000 r--p 00000000 103:07 9967429                   /usr/lib/x86_64-linux-gnu/libXau.so.6.0.0
780225c15000-780225c17000 r-xp 00001000 103:07 9967429                   /usr/lib/x86_64-linux-gnu/libXau.so.6.0.0
780225c17000-780225c18000 r--p 00003000 103:07 9967429                   /usr/lib/x86_64-linux-gnu/libXau.so.6.0.0
780225c18000-780225c19000 r--p 00003000 103:07 9967429                   /usr/lib/x86_64-linux-gnu/libXau.so.6.0.0
780225c19000-780225c1a000 rw-p 00004000 103:07 9967429                   /usr/lib/x86_64-linux-gnu/libXau.so.6.0.0
780225c1a000-780225c1d000 r--p 00000000 103:07 9967450                   /usr/lib/x86_64-linux-gnu/libXi.so.6.1.0
780225c1d000-780225c29000 r-xp 00003000 103:07 9967450                   /usr/lib/x86_64-linux-gnu/libXi.so.6.1.0
780225c29000-780225c2c000 r--p 0000f000 103:07 9967450                   /usr/lib/x86_64-linux-gnu/libXi.so.6.1.0
780225c2c000-780225c2d000 r--p 00011000 103:07 9967450                   /usr/lib/x86_64-linux-gnu/libXi.so.6.1.0
780225c2d000-780225c2e000 rw-p 00012000 103:07 9967450                   /usr/lib/x86_64-linux-gnu/libXi.so.6.1.0
780225c2e000-780225c30000 r--p 00000000 103:07 9967468                   /usr/lib/x86_64-linux-gnu/libXtst.so.6.1.0
780225c30000-780225c33000 r-xp 00002000 103:07 9967468                   /usr/lib/x86_64-linux-gnu/libXtst.so.6.1.0
780225c33000-780225c34000 r--p 00005000 103:07 9967468                   /usr/lib/x86_64-linux-gnu/libXtst.so.6.1.0
780225c34000-780225c35000 r--p 00005000 103:07 9967468                   /usr/lib/x86_64-linux-gnu/libXtst.so.6.1.0
780225c35000-780225c36000 rw-p 00006000 103:07 9967468                   /usr/lib/x86_64-linux-gnu/libXtst.so.6.1.0
780225c36000-780225c38000 r--p 00000000 103:07 9967462                   /usr/lib/x86_64-linux-gnu/libXrender.so.1.3.0
780225c38000-780225c3f000 r-xp 00002000 103:07 9967462                   /usr/lib/x86_64-linux-gnu/libXrender.so.1.3.0
780225c3f000-780225c41000 r--p 00009000 103:07 9967462                   /usr/lib/x86_64-linux-gnu/libXrender.so.1.3.0
780225c41000-780225c42000 r--p 0000a000 103:07 9967462                   /usr/lib/x86_64-linux-gnu/libXrender.so.1.3.0
780225c42000-780225c43000 rw-p 0000b000 103:07 9967462                   /usr/lib/x86_64-linux-gnu/libXrender.so.1.3.0
780225c43000-780225c47000 r--p 00000000 103:07 9967442                   /usr/lib/x86_64-linux-gnu/libXext.so.6.4.0
780225c47000-780225c52000 r-xp 00004000 103:07 9967442                   /usr/lib/x86_64-linux-gnu/libXext.so.6.4.0
780225c52000-780225c56000 r--p 0000f000 103:07 9967442                   /usr/lib/x86_64-linux-gnu/libXext.so.6.4.0
780225c56000-780225c57000 r--p 00012000 103:07 9967442                   /usr/lib/x86_64-linux-gnu/libXext.so.6.4.0
780225c57000-780225c58000 rw-p 00013000 103:07 9967442                   /usr/lib/x86_64-linux-gnu/libXext.so.6.4.0
780225c5c000-780225c5e000 r--p 00000000 103:07 9967436                   /usr/lib/x86_64-linux-gnu/libXcursor.so.1.0.2
780225c5e000-780225c64000 r-xp 00002000 103:07 9967436                   /usr/lib/x86_64-linux-gnu/libXcursor.so.1.0.2
780225c64000-780225c66000 r--p 00008000 103:07 9967436                   /usr/lib/x86_64-linux-gnu/libXcursor.so.1.0.2
780225c66000-780225c67000 r--p 00009000 103:07 9967436                   /usr/lib/x86_64-linux-gnu/libXcursor.so.1.0.2
780225c67000-780225c68000 rw-p 0000a000 103:07 9967436                   /usr/lib/x86_64-linux-gnu/libXcursor.so.1.0.2
780225c68000-780225c6d000 r--s 002f9000 103:07 1737978                   /home/laurence/projects/iwoca/accelerate_runner/jre/lib/charsets.jar
780225c6d000-780225c70000 ---p 00000000 00:00 0 
780225c70000-780225ca6000 rwxp 00000000 00:00 0 
780225ca6000-780225cfd000 r--p 00000000 103:07 10114403                  /usr/lib/locale/C.utf8/LC_CTYPE
780225cfd000-780225cfe000 ---p 00000000 00:00 0 
780225cfe000-780225dfe000 rwxp 00000000 00:00 0 
780225dfe000-780225dff000 ---p 00000000 00:00 0 
780225dff000-780225eff000 rwxp 00000000 00:00 0 
780225eff000-780225f00000 ---p 00000000 00:00 0 
780225f00000-780226000000 rwxp 00000000 00:00 0 
780226000000-780226ce2000 r-xp 00000000 103:07 1733698                   /home/laurence/projects/iwoca/accelerate_runner/jre/lib/amd64/server/libjvm.so
780226ce2000-780226ee2000 ---p 00ce2000 103:07 1733698                   /home/laurence/projects/iwoca/accelerate_runner/jre/lib/amd64/server/libjvm.so
780226ee2000-780226f78000 r--p 00ce2000 103:07 1733698                   /home/laurence/projects/iwoca/accelerate_runner/jre/lib/amd64/server/libjvm.so
780226f78000-780226fa9000 rw-p 00d78000 103:07 1733698                   /home/laurence/projects/iwoca/accelerate_runner/jre/lib/amd64/server/libjvm.so
780226fa9000-780226fe4000 rw-p 00000000 00:00 0 
780226fe6000-780226ff9000 r--s 00345000 103:07 1737980                   /home/laurence/projects/iwoca/accelerate_runner/jre/lib/resources.jar
780226ff9000-780226ffe000 r--s 000a0000 103:07 1737972                   /home/laurence/projects/iwoca/accelerate_runner/jre/lib/jsse.jar
780226ffe000-780226fff000 ---p 00000000 00:00 0 
780226fff000-7802270ff000 rwxp 00000000 00:00 0 
7802270ff000-780227100000 ---p 00000000 00:00 0 
780227100000-780227200000 rwxp 00000000 00:00 0 
780227200000-780227228000 r--p 00000000 103:07 9961549                   /usr/lib/x86_64-linux-gnu/libc.so.6
780227228000-7802273bd000 r-xp 00028000 103:07 9961549                   /usr/lib/x86_64-linux-gnu/libc.so.6
7802273bd000-780227415000 r--p 001bd000 103:07 9961549                   /usr/lib/x86_64-linux-gnu/libc.so.6
780227415000-780227416000 ---p 00215000 103:07 9961549                   /usr/lib/x86_64-linux-gnu/libc.so.6
780227416000-78022741a000 r--p 00215000 103:07 9961549                   /usr/lib/x86_64-linux-gnu/libc.so.6
78022741a000-78022741c000 rw-p 00219000 103:07 9961549                   /usr/lib/x86_64-linux-gnu/libc.so.6
78022741c000-780227429000 rw-p 00000000 00:00 0 
78022742a000-78022742d000 r--s 0001a000 103:07 1737992                   /home/laurence/projects/iwoca/accelerate_runner/jre/lib/jce.jar
78022742d000-78022742e000 r--p 00000000 103:07 9968504                   /usr/lib/x86_64-linux-gnu/libnss_mdns4_minimal.so.2
78022742e000-780227430000 r-xp 00001000 103:07 9968504                   /usr/lib/x86_64-linux-gnu/libnss_mdns4_minimal.so.2
780227430000-780227431000 r--p 00003000 103:07 9968504                   /usr/lib/x86_64-linux-gnu/libnss_mdns4_minimal.so.2
780227431000-780227432000 r--p 00003000 103:07 9968504                   /usr/lib/x86_64-linux-gnu/libnss_mdns4_minimal.so.2
780227432000-780227433000 rw-p 00004000 103:07 9968504                   /usr/lib/x86_64-linux-gnu/libnss_mdns4_minimal.so.2
780227433000-780227434000 r--p 00000000 103:07 1582161                   /usr/share/locale-langpack/en_GB/LC_MESSAGES/libc.mo
780227434000-780227439000 r--s 0003f000 103:07 1733676                   /home/laurence/projects/iwoca/accelerate_runner/jre/lib/ext/sunjce_provider.jar
780227439000-78022743a000 r--p 00000000 103:07 10096132                  /usr/lib/locale/aa_ET/LC_NUMERIC
78022743a000-7802274ff000 rw-p 00000000 00:00 0 
7802274ff000-780227500000 ---p 00000000 00:00 0 
780227500000-780227600000 rwxp 00000000 00:00 0 
780227600000-780227617000 r-xp 00000000 103:07 1733690                   /home/laurence/projects/iwoca/accelerate_runner/jre/lib/amd64/jli/libjli.so
780227617000-780227816000 ---p 00017000 103:07 1733690                   /home/laurence/projects/iwoca/accelerate_runner/jre/lib/amd64/jli/libjli.so
780227816000-780227817000 r--p 00016000 103:07 1733690                   /home/laurence/projects/iwoca/accelerate_runner/jre/lib/amd64/jli/libjli.so
780227817000-780227818000 rw-p 00017000 103:07 1733690                   /home/laurence/projects/iwoca/accelerate_runner/jre/lib/amd64/jli/libjli.so
780227818000-780227819000 r--p 00000000 103:07 10112428                  /usr/lib/locale/en_GB.utf8/LC_TIME
780227819000-78022781a000 r--p 00000000 103:07 10112200                  /usr/lib/locale/cy_GB.utf8/LC_MONETARY
78022781a000-78022781b000 r--p 00000000 103:07 10112359                  /usr/lib/locale/en_AG/LC_MESSAGES/SYS_LC_MESSAGES
78022781b000-78022781c000 r--p 00000000 103:07 10114410                  /usr/lib/locale/C.utf8/LC_PAPER
78022781c000-78022789d000 rw-p 00000000 00:00 0 
78022789d000-78022789e000 ---p 00000000 00:00 0 
78022789e000-78022799e000 rwxp 00000000 00:00 0 
78022799e000-78022799f000 r--p 00000000 103:07 9963727                   /usr/lib/x86_64-linux-gnu/librt.so.1
78022799f000-7802279a0000 r-xp 00001000 103:07 9963727                   /usr/lib/x86_64-linux-gnu/librt.so.1
7802279a0000-7802279a1000 r--p 00002000 103:07 9963727                   /usr/lib/x86_64-linux-gnu/librt.so.1
7802279a1000-7802279a2000 r--p 00002000 103:07 9963727                   /usr/lib/x86_64-linux-gnu/librt.so.1
7802279a2000-7802279a3000 rw-p 00003000 103:07 9963727                   /usr/lib/x86_64-linux-gnu/librt.so.1
7802279a3000-7802279a4000 ---p 00000000 00:00 0 
7802279a4000-7802279a7000 ---p 00000000 00:00 0 
7802279a7000-780227aa4000 rwxp 00000000 00:00 0 
780227aa4000-780227ab2000 r--p 00000000 103:07 9963621                   /usr/lib/x86_64-linux-gnu/libm.so.6
780227ab2000-780227b2e000 r-xp 0000e000 103:07 9963621                   /usr/lib/x86_64-linux-gnu/libm.so.6
780227b2e000-780227b89000 r--p 0008a000 103:07 9963621                   /usr/lib/x86_64-linux-gnu/libm.so.6
780227b89000-780227b8a000 r--p 000e4000 103:07 9963621                   /usr/lib/x86_64-linux-gnu/libm.so.6
780227b8a000-780227b8b000 rw-p 000e5000 103:07 9963621                   /usr/lib/x86_64-linux-gnu/libm.so.6
780227b8b000-780227b8d000 rw-p 00000000 00:00 0 
780227b8d000-780227b8e000 r--p 00000000 103:07 9963616                   /usr/lib/x86_64-linux-gnu/libdl.so.2
780227b8e000-780227b8f000 r-xp 00001000 103:07 9963616                   /usr/lib/x86_64-linux-gnu/libdl.so.2
780227b8f000-780227b90000 r--p 00002000 103:07 9963616                   /usr/lib/x86_64-linux-gnu/libdl.so.2
780227b90000-780227b91000 r--p 00002000 103:07 9963616                   /usr/lib/x86_64-linux-gnu/libdl.so.2
780227b91000-780227b92000 rw-p 00003000 103:07 9963616                   /usr/lib/x86_64-linux-gnu/libdl.so.2
780227b92000-780227b93000 r--p 00000000 103:07 9963711                   /usr/lib/x86_64-linux-gnu/libpthread.so.0
780227b93000-780227b94000 r-xp 00001000 103:07 9963711                   /usr/lib/x86_64-linux-gnu/libpthread.so.0
780227b94000-780227b95000 r--p 00002000 103:07 9963711                   /usr/lib/x86_64-linux-gnu/libpthread.so.0
780227b95000-780227b96000 r--p 00002000 103:07 9963711                   /usr/lib/x86_64-linux-gnu/libpthread.so.0
780227b96000-780227b97000 rw-p 00003000 103:07 9963711                   /usr/lib/x86_64-linux-gnu/libpthread.so.0
780227b97000-780227b98000 r--p 00000000 103:07 10110889                  /usr/lib/locale/bi_VU/LC_NAME
780227b98000-780227b99000 r--p 00000000 103:07 10112426                  /usr/lib/locale/en_GB.utf8/LC_ADDRESS
780227b99000-780227b9a000 r--p 00000000 103:07 10112201                  /usr/lib/locale/cy_GB.utf8/LC_TELEPHONE
780227b9a000-780227b9b000 r--p 00000000 103:07 10114405                  /usr/lib/locale/C.utf8/LC_MEASUREMENT
780227b9b000-780227ba2000 r--s 00000000 103:07 531669                    /usr/lib/x86_64-linux-gnu/gconv/gconv-modules.cache
780227ba2000-780227ba3000 r--p 00000000 103:07 10112427                  /usr/lib/locale/en_GB.utf8/LC_IDENTIFICATION
780227ba3000-780227bab000 rw-s 00000000 103:07 6422530                   /tmp/hsperfdata_laurence/7759
780227bab000-780227bae000 rw-p 00000000 00:00 0 
780227bae000-780227bb0000 r--p 00000000 103:07 9961521                   /usr/lib/x86_64-linux-gnu/ld-linux-x86-64.so.2
780227bb0000-780227bda000 r-xp 00002000 103:07 9961521                   /usr/lib/x86_64-linux-gnu/ld-linux-x86-64.so.2
780227bda000-780227be5000 r--p 0002c000 103:07 9961521                   /usr/lib/x86_64-linux-gnu/ld-linux-x86-64.so.2
780227be5000-780227be6000 r--p 00000000 00:00 0 
780227be6000-780227be8000 r--p 00037000 103:07 9961521                   /usr/lib/x86_64-linux-gnu/ld-linux-x86-64.so.2
780227be8000-780227bea000 rw-p 00039000 103:07 9961521                   /usr/lib/x86_64-linux-gnu/ld-linux-x86-64.so.2
7ffe53928000-7ffe53949000 rwxp 00000000 00:00 0                          [stack]
7ffe53949000-7ffe5394a000 rw-p 00000000 00:00 0 
7ffe539f0000-7ffe539f4000 r--p 00000000 00:00 0                          [vvar]
7ffe539f4000-7ffe539f6000 r-xp 00000000 00:00 0                          [vdso]
ffffffffff600000-ffffffffff601000 --xp 00000000 00:00 0                  [vsyscall]

VM Arguments:
jvm_args: -Dlogback.enableJansi=true 
java_command: /home/laurence/projects/iwoca/accelerate_runner/record/bin/record-and-upload.jar --config /home/laurence/projects/iwoca/accelerate_runner/config/credentials.config --store /home/laurence/projects/iwoca/accelerate_runner/record/localstore --sourcecode /home/laurence/projects/iwoca/accelerate_runner
java_class_path (initial): /home/laurence/projects/iwoca/accelerate_runner/record/bin/record-and-upload.jar
Launcher Type: SUN_STANDARD

Environment Variables:
PATH=/home/laurence/.elan/bin:/home/laurence/.local/bin:/home/laurence/.elan/bin:/home/laurence/.local/bin:/usr/local/sbin:/usr/local/bin:/usr/sbin:/usr/bin:/sbin:/bin:/usr/games:/usr/local/games:/snap/bin:/snap/bin:/usr/local/go/bin:/home/laurence/go/bin:/usr/local/go/bin:/home/laurence/go/bin:/home/laurence/.vscode/extensions/ms-python.debugpy-2025.4.1-linux-x64/bundled/scripts/noConfigScripts
USERNAME=laurence
SHELL=/bin/bash
DISPLAY=:0

Signal Handlers:
SIGSEGV: [libjvm.so+0xaced60], sa_mask[0]=11111111011111111101111111111110, sa_flags=SA_RESTART|SA_SIGINFO
SIGBUS: [libjvm.so+0xaced60], sa_mask[0]=11111111011111111101111111111110, sa_flags=SA_RESTART|SA_SIGINFO
SIGFPE: [libjvm.so+0x907ca0], sa_mask[0]=11111111011111111101111111111110, sa_flags=SA_RESTART|SA_SIGINFO
SIGPIPE: [libjvm.so+0x907ca0], sa_mask[0]=11111111011111111101111111111110, sa_flags=SA_RESTART|SA_SIGINFO
SIGXFSZ: [libjvm.so+0x907ca0], sa_mask[0]=11111111011111111101111111111110, sa_flags=SA_RESTART|SA_SIGINFO
SIGILL: [libjvm.so+0x907ca0], sa_mask[0]=11111111011111111101111111111110, sa_flags=SA_RESTART|SA_SIGINFO
SIGUSR1: SIG_DFL, sa_mask[0]=00000000000000000000000000000000, sa_flags=none
SIGUSR2: [libjvm.so+0x907b70], sa_mask[0]=00000000000000000000000000000000, sa_flags=SA_RESTART|SA_SIGINFO
SIGHUP: [libjvm.so+0x908190], sa_mask[0]=11111111011111111101111111111110, sa_flags=SA_RESTART|SA_SIGINFO
SIGINT: [libjvm.so+0x908190], sa_mask[0]=11111111011111111101111111111110, sa_flags=SA_RESTART|SA_SIGINFO
SIGTERM: [libjvm.so+0x908190], sa_mask[0]=11111111011111111101111111111110, sa_flags=SA_RESTART|SA_SIGINFO
SIGQUIT: [libjvm.so+0x908190], sa_mask[0]=11111111011111111101111111111110, sa_flags=SA_RESTART|SA_SIGINFO


---------------  S Y S T E M  ---------------

OS:DISTRIB_ID=Ubuntu
DISTRIB_RELEASE=22.04
DISTRIB_CODENAME=jammy
DISTRIB_DESCRIPTION="Ubuntu 22.04.5 LTS"

uname:Linux 6.8.0-57-generic #59~22.04.1-Ubuntu SMP PREEMPT_DYNAMIC Wed Mar 19 17:07:41 UTC 2 x86_64
libc:glibc 2.35 NPTL 2.35 
rlimit: STACK 8192k, CORE 0k, NPROC 30369, NOFILE 1048576, AS infinity
load average:0.80 0.79 0.68

/proc/meminfo:
MemTotal:        7853972 kB
MemFree:          498164 kB
MemAvailable:    3748032 kB
Buffers:          152412 kB
Cached:          3807216 kB
SwapCached:          140 kB
Active:          3003680 kB
Inactive:        3533348 kB
Active(anon):    2125432 kB
Inactive(anon):  1063244 kB
Active(file):     878248 kB
Inactive(file):  2470104 kB
Unevictable:      166160 kB
Mlocked:              16 kB
SwapTotal:       2097148 kB
SwapFree:        2095612 kB
Zswap:                 0 kB
Zswapped:              0 kB
Dirty:               144 kB
Writeback:            56 kB
AnonPages:       2743852 kB
Mapped:           773224 kB
Shmem:            611276 kB
KReclaimable:     212244 kB
Slab:             423236 kB
SReclaimable:     212244 kB
SUnreclaim:       210992 kB
KernelStack:       19296 kB
PageTables:        45476 kB
SecPageTables:         0 kB
NFS_Unstable:          0 kB
Bounce:                0 kB
WritebackTmp:          0 kB
CommitLimit:     6024132 kB
Committed_AS:   10705928 kB
VmallocTotal:   34359738367 kB
VmallocUsed:       54872 kB
VmallocChunk:          0 kB
Percpu:             8768 kB
HardwareCorrupted:     0 kB
AnonHugePages:     28672 kB
ShmemHugePages:   456704 kB
ShmemPmdMapped:        0 kB
FileHugePages:         0 kB
FilePmdMapped:         0 kB
Unaccepted:            0 kB
HugePages_Total:       0
HugePages_Free:        0
HugePages_Rsvd:        0
HugePages_Surp:        0
Hugepagesize:       2048 kB
Hugetlb:               0 kB
DirectMap4k:      218628 kB
DirectMap2M:     3696640 kB
DirectMap1G:     5242880 kB


CPU:total 8 (initial active 8) (4 cores per cpu, 2 threads per core) family 6 model 140 stepping 1, cmov, cx8, fxsr, mmx, sse, sse2, sse3, ssse3, sse4.1, sse4.2, popcnt, avx, avx2, aes, clmul, erms, 3dnowpref, lzcnt, ht, tsc, tscinvbit, bmi1, bmi2, adx

/proc/cpuinfo:
processor	: 0
vendor_id	: GenuineIntel
cpu family	: 6
model		: 140
model name	: 11th Gen Intel(R) Core(TM) i7-1165G7 @ 2.80GHz
stepping	: 1
microcode	: 0xba
cpu MHz		: 1400.014
cache size	: 12288 KB
physical id	: 0
siblings	: 8
core id		: 0
cpu cores	: 4
apicid		: 0
initial apicid	: 0
fpu		: yes
fpu_exception	: yes
cpuid level	: 27
wp		: yes
flags		: fpu vme de pse tsc msr pae mce cx8 apic sep mtrr pge mca cmov pat pse36 clflush dts acpi mmx fxsr sse sse2 ss ht tm pbe syscall nx pdpe1gb rdtscp lm constant_tsc art arch_perfmon pebs bts rep_good nopl xtopology nonstop_tsc cpuid aperfmperf tsc_known_freq pni pclmulqdq dtes64 monitor ds_cpl vmx est tm2 ssse3 sdbg fma cx16 xtpr pdcm pcid sse4_1 sse4_2 x2apic movbe popcnt tsc_deadline_timer aes xsave avx f16c rdrand lahf_lm abm 3dnowprefetch cpuid_fault epb cat_l2 cdp_l2 ssbd ibrs ibpb stibp ibrs_enhanced tpr_shadow flexpriority ept vpid ept_ad fsgsbase tsc_adjust bmi1 avx2 smep bmi2 erms invpcid rdt_a avx512f avx512dq rdseed adx smap avx512ifma clflushopt clwb intel_pt avx512cd sha_ni avx512bw avx512vl xsaveopt xsavec xgetbv1 xsaves split_lock_detect user_shstk dtherm ida arat pln pts hwp hwp_notify hwp_act_window hwp_epp hwp_pkg_req vnmi avx512vbmi umip pku ospke avx512_vbmi2 gfni vaes vpclmulqdq avx512_vnni avx512_bitalg avx512_vpopcntdq rdpid movdiri movdir64b fsrm avx512_vp2intersect md_clear ibt flush_l1d arch_capabilities
vmx flags	: vnmi preemption_timer posted_intr invvpid ept_x_only ept_ad ept_1gb flexpriority apicv tsc_offset vtpr mtf vapic ept vpid unrestricted_guest vapic_reg vid ple pml ept_mode_based_exec tsc_scaling
bugs		: spectre_v1 spectre_v2 spec_store_bypass swapgs eibrs_pbrsb gds bhi
bogomips	: 5606.40
clflush size	: 64
cache_alignment	: 64
address sizes	: 39 bits physical, 48 bits virtual
power management:

processor	: 1
vendor_id	: GenuineIntel
cpu family	: 6
model		: 140
model name	: 11th Gen Intel(R) Core(TM) i7-1165G7 @ 2.80GHz
stepping	: 1
microcode	: 0xba
cpu MHz		: 1399.985
cache size	: 12288 KB
physical id	: 0
siblings	: 8
core id		: 1
cpu cores	: 4
apicid		: 2
initial apicid	: 2
fpu		: yes
fpu_exception	: yes
cpuid level	: 27
wp		: yes
flags		: fpu vme de pse tsc msr pae mce cx8 apic sep mtrr pge mca cmov pat pse36 clflush dts acpi mmx fxsr sse sse2 ss ht tm pbe syscall nx pdpe1gb rdtscp lm constant_tsc art arch_perfmon pebs bts rep_good nopl xtopology nonstop_tsc cpuid aperfmperf tsc_known_freq pni pclmulqdq dtes64 monitor ds_cpl vmx est tm2 ssse3 sdbg fma cx16 xtpr pdcm pcid sse4_1 sse4_2 x2apic movbe popcnt tsc_deadline_timer aes xsave avx f16c rdrand lahf_lm abm 3dnowprefetch cpuid_fault epb cat_l2 cdp_l2 ssbd ibrs ibpb stibp ibrs_enhanced tpr_shadow flexpriority ept vpid ept_ad fsgsbase tsc_adjust bmi1 avx2 smep bmi2 erms invpcid rdt_a avx512f avx512dq rdseed adx smap avx512ifma clflushopt clwb intel_pt avx512cd sha_ni avx512bw avx512vl xsaveopt xsavec xgetbv1 xsaves split_lock_detect user_shstk dtherm ida arat pln pts hwp hwp_notify hwp_act_window hwp_epp hwp_pkg_req vnmi avx512vbmi umip pku ospke avx512_vbmi2 gfni vaes vpclmulqdq avx512_vnni avx512_bitalg avx512_vpopcntdq rdpid movdiri movdir64b fsrm avx512_vp2intersect md_clear ibt flush_l1d arch_capabilities
vmx flags	: vnmi preemption_timer posted_intr invvpid ept_x_only ept_ad ept_1gb flexpriority apicv tsc_offset vtpr mtf vapic ept vpid unrestricted_guest vapic_reg vid ple pml ept_mode_based_exec tsc_scaling
bugs		: spectre_v1 spectre_v2 spec_store_bypass swapgs eibrs_pbrsb gds bhi
bogomips	: 5606.40
clflush size	: 64
cache_alignment	: 64
address sizes	: 39 bits physical, 48 bits virtual
power management:

processor	: 2
vendor_id	: GenuineIntel
cpu family	: 6
model		: 140
model name	: 11th Gen Intel(R) Core(TM) i7-1165G7 @ 2.80GHz
stepping	: 1
microcode	: 0xba
cpu MHz		: 1399.985
cache size	: 12288 KB
physical id	: 0
siblings	: 8
core id		: 2
cpu cores	: 4
apicid		: 4
initial apicid	: 4
fpu		: yes
fpu_exception	: yes
cpuid level	: 27
wp		: yes
flags		: fpu vme de pse tsc msr pae mce cx8 apic sep mtrr pge mca cmov pat pse36 clflush dts acpi mmx fxsr sse sse2 ss ht tm pbe syscall nx pdpe1gb rdtscp lm constant_tsc art arch_perfmon pebs bts rep_good nopl xtopology nonstop_tsc cpuid aperfmperf tsc_known_freq pni pclmulqdq dtes64 monitor ds_cpl vmx est tm2 ssse3 sdbg fma cx16 xtpr pdcm pcid sse4_1 sse4_2 x2apic movbe popcnt tsc_deadline_timer aes xsave avx f16c rdrand lahf_lm abm 3dnowprefetch cpuid_fault epb cat_l2 cdp_l2 ssbd ibrs ibpb stibp ibrs_enhanced tpr_shadow flexpriority ept vpid ept_ad fsgsbase tsc_adjust bmi1 avx2 smep bmi2 erms invpcid rdt_a avx512f avx512dq rdseed adx smap avx512ifma clflushopt clwb intel_pt avx512cd sha_ni avx512bw avx512vl xsaveopt xsavec xgetbv1 xsaves split_lock_detect user_shstk dtherm ida arat pln pts hwp hwp_notify hwp_act_window hwp_epp hwp_pkg_req vnmi avx512vbmi umip pku ospke avx512_vbmi2 gfni vaes vpclmulqdq avx512_vnni avx512_bitalg avx512_vpopcntdq rdpid movdiri movdir64b fsrm avx512_vp2intersect md_clear ibt flush_l1d arch_capabilities
vmx flags	: vnmi preemption_timer posted_intr invvpid ept_x_only ept_ad ept_1gb flexpriority apicv tsc_offset vtpr mtf vapic ept vpid unrestricted_guest vapic_reg vid ple pml ept_mode_based_exec tsc_scaling
bugs		: spectre_v1 spectre_v2 spec_store_bypass swapgs eibrs_pbrsb gds bhi
bogomips	: 5606.40
clflush size	: 64
cache_alignment	: 64
address sizes	: 39 bits physical, 48 bits virtual
power management:

processor	: 3
vendor_id	: GenuineIntel
cpu family	: 6
model		: 140
model name	: 11th Gen Intel(R) Core(TM) i7-1165G7 @ 2.80GHz
stepping	: 1
microcode	: 0xba
cpu MHz		: 1400.014
cache size	: 12288 KB
physical id	: 0
siblings	: 8
core id		: 3
cpu cores	: 4
apicid		: 6
initial apicid	: 6
fpu		: yes
fpu_exception	: yes
cpuid level	: 27
wp		: yes
flags		: fpu vme de pse tsc msr pae mce cx8 apic sep mtrr pge mca cmov pat pse36 clflush dts acpi mmx fxsr sse sse2 ss ht tm pbe syscall nx pdpe1gb rdtscp lm constant_tsc art arch_perfmon pebs bts rep_good nopl xtopology nonstop_tsc cpuid aperfmperf tsc_known_freq pni pclmulqdq dtes64 monitor ds_cpl vmx est tm2 ssse3 sdbg fma cx16 xtpr pdcm pcid sse4_1 sse4_2 x2apic movbe popcnt tsc_deadline_timer aes xsave avx f16c rdrand lahf_lm abm 3dnowprefetch cpuid_fault epb cat_l2 cdp_l2 ssbd ibrs ibpb stibp ibrs_enhanced tpr_shadow flexpriority ept vpid ept_ad fsgsbase tsc_adjust bmi1 avx2 smep bmi2 erms invpcid rdt_a avx512f avx512dq rdseed adx smap avx512ifma clflushopt clwb intel_pt avx512cd sha_ni avx512bw avx512vl xsaveopt xsavec xgetbv1 xsaves split_lock_detect user_shstk dtherm ida arat pln pts hwp hwp_notify hwp_act_window hwp_epp hwp_pkg_req vnmi avx512vbmi umip pku ospke avx512_vbmi2 gfni vaes vpclmulqdq avx512_vnni avx512_bitalg avx512_vpopcntdq rdpid movdiri movdir64b fsrm avx512_vp2intersect md_clear ibt flush_l1d arch_capabilities
vmx flags	: vnmi preemption_timer posted_intr invvpid ept_x_only ept_ad ept_1gb flexpriority apicv tsc_offset vtpr mtf vapic ept vpid unrestricted_guest vapic_reg vid ple pml ept_mode_based_exec tsc_scaling
bugs		: spectre_v1 spectre_v2 spec_store_bypass swapgs eibrs_pbrsb gds bhi
bogomips	: 5606.40
clflush size	: 64
cache_alignment	: 64
address sizes	: 39 bits physical, 48 bits virtual
power management:

processor	: 4
vendor_id	: GenuineIntel
cpu family	: 6
model		: 140
model name	: 11th Gen Intel(R) Core(TM) i7-1165G7 @ 2.80GHz
stepping	: 1
microcode	: 0xba
cpu MHz		: 1399.985
cache size	: 12288 KB
physical id	: 0
siblings	: 8
core id		: 0
cpu cores	: 4
apicid		: 1
initial apicid	: 1
fpu		: yes
fpu_exception	: yes
cpuid level	: 27
wp		: yes
flags		: fpu vme de pse tsc msr pae mce cx8 apic sep mtrr pge mca cmov pat pse36 clflush dts acpi mmx fxsr sse sse2 ss ht tm pbe syscall nx pdpe1gb rdtscp lm constant_tsc art arch_perfmon pebs bts rep_good nopl xtopology nonstop_tsc cpuid aperfmperf tsc_known_freq pni pclmulqdq dtes64 monitor ds_cpl vmx est tm2 ssse3 sdbg fma cx16 xtpr pdcm pcid sse4_1 sse4_2 x2apic movbe popcnt tsc_deadline_timer aes xsave avx f16c rdrand lahf_lm abm 3dnowprefetch cpuid_fault epb cat_l2 cdp_l2 ssbd ibrs ibpb stibp ibrs_enhanced tpr_shadow flexpriority ept vpid ept_ad fsgsbase tsc_adjust bmi1 avx2 smep bmi2 erms invpcid rdt_a avx512f avx512dq rdseed adx smap avx512ifma clflushopt clwb intel_pt avx512cd sha_ni avx512bw avx512vl xsaveopt xsavec xgetbv1 xsaves split_lock_detect user_shstk dtherm ida arat pln pts hwp hwp_notify hwp_act_window hwp_epp hwp_pkg_req vnmi avx512vbmi umip pku ospke avx512_vbmi2 gfni vaes vpclmulqdq avx512_vnni avx512_bitalg avx512_vpopcntdq rdpid movdiri movdir64b fsrm avx512_vp2intersect md_clear ibt flush_l1d arch_capabilities
vmx flags	: vnmi preemption_timer posted_intr invvpid ept_x_only ept_ad ept_1gb flexpriority apicv tsc_offset vtpr mtf vapic ept vpid unrestricted_guest vapic_reg vid ple pml ept_mode_based_exec tsc_scaling
bugs		: spectre_v1 spectre_v2 spec_store_bypass swapgs eibrs_pbrsb gds bhi
bogomips	: 5606.40
clflush size	: 64
cache_alignment	: 64
address sizes	: 39 bits physical, 48 bits virtual
power management:

processor	: 5
vendor_id	: GenuineIntel
cpu family	: 6
model		: 140
model name	: 11th Gen Intel(R) Core(TM) i7-1165G7 @ 2.80GHz
stepping	: 1
microcode	: 0xba
cpu MHz		: 1399.985
cache size	: 12288 KB
physical id	: 0
siblings	: 8
core id		: 1
cpu cores	: 4
apicid		: 3
initial apicid	: 3
fpu		: yes
fpu_exception	: yes
cpuid level	: 27
wp		: yes
flags		: fpu vme de pse tsc msr pae mce cx8 apic sep mtrr pge mca cmov pat pse36 clflush dts acpi mmx fxsr sse sse2 ss ht tm pbe syscall nx pdpe1gb rdtscp lm constant_tsc art arch_perfmon pebs bts rep_good nopl xtopology nonstop_tsc cpuid aperfmperf tsc_known_freq pni pclmulqdq dtes64 monitor ds_cpl vmx est tm2 ssse3 sdbg fma cx16 xtpr pdcm pcid sse4_1 sse4_2 x2apic movbe popcnt tsc_deadline_timer aes xsave avx f16c rdrand lahf_lm abm 3dnowprefetch cpuid_fault epb cat_l2 cdp_l2 ssbd ibrs ibpb stibp ibrs_enhanced tpr_shadow flexpriority ept vpid ept_ad fsgsbase tsc_adjust bmi1 avx2 smep bmi2 erms invpcid rdt_a avx512f avx512dq rdseed adx smap avx512ifma clflushopt clwb intel_pt avx512cd sha_ni avx512bw avx512vl xsaveopt xsavec xgetbv1 xsaves split_lock_detect user_shstk dtherm ida arat pln pts hwp hwp_notify hwp_act_window hwp_epp hwp_pkg_req vnmi avx512vbmi umip pku ospke avx512_vbmi2 gfni vaes vpclmulqdq avx512_vnni avx512_bitalg avx512_vpopcntdq rdpid movdiri movdir64b fsrm avx512_vp2intersect md_clear ibt flush_l1d arch_capabilities
vmx flags	: vnmi preemption_timer posted_intr invvpid ept_x_only ept_ad ept_1gb flexpriority apicv tsc_offset vtpr mtf vapic ept vpid unrestricted_guest vapic_reg vid ple pml ept_mode_based_exec tsc_scaling
bugs		: spectre_v1 spectre_v2 spec_store_bypass swapgs eibrs_pbrsb gds bhi
bogomips	: 5606.40
clflush size	: 64
cache_alignment	: 64
address sizes	: 39 bits physical, 48 bits virtual
power management:

processor	: 6
vendor_id	: GenuineIntel
cpu family	: 6
model		: 140
model name	: 11th Gen Intel(R) Core(TM) i7-1165G7 @ 2.80GHz
stepping	: 1
microcode	: 0xba
cpu MHz		: 1399.985
cache size	: 12288 KB
physical id	: 0
siblings	: 8
core id		: 2
cpu cores	: 4
apicid		: 5
initial apicid	: 5
fpu		: yes
fpu_exception	: yes
cpuid level	: 27
wp		: yes
flags		: fpu vme de pse tsc msr pae mce cx8 apic sep mtrr pge mca cmov pat pse36 clflush dts acpi mmx fxsr sse sse2 ss ht tm pbe syscall nx pdpe1gb rdtscp lm constant_tsc art arch_perfmon pebs bts rep_good nopl xtopology nonstop_tsc cpuid aperfmperf tsc_known_freq pni pclmulqdq dtes64 monitor ds_cpl vmx est tm2 ssse3 sdbg fma cx16 xtpr pdcm pcid sse4_1 sse4_2 x2apic movbe popcnt tsc_deadline_timer aes xsave avx f16c rdrand lahf_lm abm 3dnowprefetch cpuid_fault epb cat_l2 cdp_l2 ssbd ibrs ibpb stibp ibrs_enhanced tpr_shadow flexpriority ept vpid ept_ad fsgsbase tsc_adjust bmi1 avx2 smep bmi2 erms invpcid rdt_a avx512f avx512dq rdseed adx smap avx512ifma clflushopt clwb intel_pt avx512cd sha_ni avx512bw avx512vl xsaveopt xsavec xgetbv1 xsaves split_lock_detect user_shstk dtherm ida arat pln pts hwp hwp_notify hwp_act_window hwp_epp hwp_pkg_req vnmi avx512vbmi umip pku ospke avx512_vbmi2 gfni vaes vpclmulqdq avx512_vnni avx512_bitalg avx512_vpopcntdq rdpid movdiri movdir64b fsrm avx512_vp2intersect md_clear ibt flush_l1d arch_capabilities
vmx flags	: vnmi preemption_timer posted_intr invvpid ept_x_only ept_ad ept_1gb flexpriority apicv tsc_offset vtpr mtf vapic ept vpid unrestricted_guest vapic_reg vid ple pml ept_mode_based_exec tsc_scaling
bugs		: spectre_v1 spectre_v2 spec_store_bypass swapgs eibrs_pbrsb gds bhi
bogomips	: 5606.40
clflush size	: 64
cache_alignment	: 64
address sizes	: 39 bits physical, 48 bits virtual
power management:

processor	: 7
vendor_id	: GenuineIntel
cpu family	: 6
model		: 140
model name	: 11th Gen Intel(R) Core(TM) i7-1165G7 @ 2.80GHz
stepping	: 1
microcode	: 0xba
cpu MHz		: 1399.985
cache size	: 12288 KB
physical id	: 0
siblings	: 8
core id		: 3
cpu cores	: 4
apicid		: 7
initial apicid	: 7
fpu		: yes
fpu_exception	: yes
cpuid level	: 27
wp		: yes
flags		: fpu vme de pse tsc msr pae mce cx8 apic sep mtrr pge mca cmov pat pse36 clflush dts acpi mmx fxsr sse sse2 ss ht tm pbe syscall nx pdpe1gb rdtscp lm constant_tsc art arch_perfmon pebs bts rep_good nopl xtopology nonstop_tsc cpuid aperfmperf tsc_known_freq pni pclmulqdq dtes64 monitor ds_cpl vmx est tm2 ssse3 sdbg fma cx16 xtpr pdcm pcid sse4_1 sse4_2 x2apic movbe popcnt tsc_deadline_timer aes xsave avx f16c rdrand lahf_lm abm 3dnowprefetch cpuid_fault epb cat_l2 cdp_l2 ssbd ibrs ibpb stibp ibrs_enhanced tpr_shadow flexpriority ept vpid ept_ad fsgsbase tsc_adjust bmi1 avx2 smep bmi2 erms invpcid rdt_a avx512f avx512dq rdseed adx smap avx512ifma clflushopt clwb intel_pt avx512cd sha_ni avx512bw avx512vl xsaveopt xsavec xgetbv1 xsaves split_lock_detect user_shstk dtherm ida arat pln pts hwp hwp_notify hwp_act_window hwp_epp hwp_pkg_req vnmi avx512vbmi umip pku ospke avx512_vbmi2 gfni vaes vpclmulqdq avx512_vnni avx512_bitalg avx512_vpopcntdq rdpid movdiri movdir64b fsrm avx512_vp2intersect md_clear ibt flush_l1d arch_capabilities
vmx flags	: vnmi preemption_timer posted_intr invvpid ept_x_only ept_ad ept_1gb flexpriority apicv tsc_offset vtpr mtf vapic ept vpid unrestricted_guest vapic_reg vid ple pml ept_mode_based_exec tsc_scaling
bugs		: spectre_v1 spectre_v2 spec_store_bypass swapgs eibrs_pbrsb gds bhi
bogomips	: 5606.40
clflush size	: 64
cache_alignment	: 64
address sizes	: 39 bits physical, 48 bits virtual
power management:



Memory: 4k page, physical 7853972k(498164k free), swap 2097148k(2095612k free)

vm_info: Java HotSpot(TM) 64-Bit Server VM (25.191-b12) for linux-amd64 JRE (1.8.0_191-b12), built on Oct  6 2018 05:43:09 by "java_re" with gcc 7.3.0

time: Sun Apr 13 13:02:36 2025
elapsed time: 3 seconds (0d 0h 0m 3s)

