#
# A fatal error has been detected by the Java Runtime Environment:
#
#  SIGSEGV (0xb) at pc=0x000070160603fc39, pid=19085, tid=0x000070160f7ff640
#
# JRE version: Java(TM) SE Runtime Environment (8.0_191-b12) (build 1.8.0_191-b12)
# Java VM: Java HotSpot(TM) 64-Bit Server VM (25.191-b12 mixed mode linux-amd64 compressed oops)
# Problematic frame:
# C  [libawt_xawt.so+0x3fc39]  ReadRegionsInList.constprop.5+0x4e9
#
# Failed to write core dump. Core dumps have been disabled. To enable core dumping, try "ulimit -c unlimited" before starting Java again
#
# If you would like to submit a bug report, please visit:
#   http://bugreport.java.com/bugreport/crash.jsp
# The crash happened outside the Java Virtual Machine in native code.
# See problematic frame for where to report the bug.
#

---------------  T H R E A D  ---------------

Current thread (0x000070162c887800):  JavaThread "VideoRec" [_thread_in_native, id=19124, stack(0x000070160f700000,0x000070160f800000)]

siginfo: si_signo: 11 (SIGSEGV), si_code: 1 (SEGV_MAPERR), si_addr: 0x0000000000000068

Registers:
RAX=0x0000000000000780, RBX=0x0000000000000000, RCX=0x0000000000000780, RDX=0x0000000000000000
RSP=0x000070160f7fe250, RBP=0x000070160f7fe330, RSI=0x0000000000000000, RDI=0x0000000000000000
R8 =0x000070160f7fe2f4, R9 =0x0000000000000002, R10=0x00007015980006e0, R11=0x0000701598000090
R12=0x0000000000000000, R13=0x0000000000000000, R14=0x00007015987ff050, R15=0x00007015987e3580
RIP=0x000070160603fc39, EFLAGS=0x0000000000010246, CSGSFS=0x002b000000000033, ERR=0x0000000000000004
  TRAPNO=0x000000000000000e

Top of Stack: (sp=0x000070160f7fe250)
0x000070160f7fe250:   0438078000000000 000007800fbf1969
0x000070160f7fe260:   0000000200000000 000070160f7fe2f8
0x000070160f7fe270:   000070160f7fe2f4 000070160f7fe2f0
0x000070160f7fe280:   000070160f7fe2ec 0000000000000438
0x000070160f7fe290:   000070160000077f 000070162c77d420
0x000070160f7fe2a0:   0000000000000040 000070159863eb90
0x000070160f7fe2b0:   0000000000000000 0000000000000000
0x000070160f7fe2c0:   0000000000000000 0000000000000780
0x000070160f7fe2d0:   0438078000000000 0000000000000780
0x000070160f7fe2e0:   0000000000000000 0000001000000000
0x000070160f7fe2f0:   0000000000000008 0000701598809de0
0x000070160f7fe300:   0000001800000000 0438078000000000
0x000070160f7fe310:   0000000000000780 0000000000000000
0x000070160f7fe320:   000070160f7fe3a0 0000000000000438
0x000070160f7fe330:   000070160f7fe410 00007016060401e6
0x000070160f7fe340:   00007015987e3760 00007016060401a4
0x000070160f7fe350:   0000000000da0000 0000000000020000
0x000070160f7fe360:   000070162c77d420 0000000000000000
0x000070160f7fe370:   0000701600000438 000070162c77d420
0x000070160f7fe380:   000070160f7fe4b8 000070162c77d420
0x000070160f7fe390:   000000000f7fe4b8 0000000000000000
0x000070160f7fe3a0:   0000000000000000 000070160f7fe3d4
0x000070160f7fe3b0:   0000701600000005 0000000000ff0000
0x000070160f7fe3c0:   000000000000ff00 00000000000000ff
0x000070160f7fe3d0:   0000010000000008 0438078000000000
0x000070160f7fe3e0:   0000000000000000 000070162c8879f8
0x000070160f7fe3f0:   0000000000000000 000070162c77d420
0x000070160f7fe400:   0000000000000000 0000000000000496
0x000070160f7fe410:   000070160f7fe500 0000701606037c60
0x000070160f7fe420:   0000000000000150 000070159880fb90
0x000070160f7fe430:   0000000000000000 0000000000000000
0x000070160f7fe440:   0000000000000150 0000701598809350 

Instructions: (pc=0x000070160603fc39)
0x000070160603fc19:   45 8c 03 45 90 89 45 a0 49 8d 44 24 01 45 31 e4
0x000070160603fc29:   48 89 45 98 0f 1f 00 44 89 e6 8b 55 ac 48 89 df
0x000070160603fc39:   ff 53 68 4d 8b 57 08 8b 4d bc 48 98 48 8b 75 c8
0x000070160603fc49:   49 8b 52 18 49 8b 7a 20 48 21 c2 48 21 c7 49 23 

Register to memory mapping:

RAX=0x0000000000000780 is an unknown value
RBX=0x0000000000000000 is an unknown value
RCX=0x0000000000000780 is an unknown value
RDX=0x0000000000000000 is an unknown value
RSP=0x000070160f7fe250 is pointing into the stack for thread: 0x000070162c887800
RBP=0x000070160f7fe330 is pointing into the stack for thread: 0x000070162c887800
RSI=0x0000000000000000 is an unknown value
RDI=0x0000000000000000 is an unknown value
R8 =0x000070160f7fe2f4 is pointing into the stack for thread: 0x000070162c887800
R9 =0x0000000000000002 is an unknown value
R10=0x00007015980006e0 is an unknown value
R11=0x0000701598000090 is an unknown value
R12=0x0000000000000000 is an unknown value
R13=0x0000000000000000 is an unknown value
R14=0x00007015987ff050 is an unknown value
R15=0x00007015987e3580 is an unknown value


Stack: [0x000070160f700000,0x000070160f800000],  sp=0x000070160f7fe250,  free space=1016k
Native frames: (J=compiled Java code, j=interpreted, Vv=VM code, C=native code)
C  [libawt_xawt.so+0x3fc39]  ReadRegionsInList.constprop.5+0x4e9
C  [libawt_xawt.so+0x401e6]  ReadAreaToImage+0x86
C  [libawt_xawt.so+0x37c60]  Java_sun_awt_X11_XRobotPeer_getRGBPixelsImpl+0x120
j  sun.awt.X11.XRobotPeer.getRGBPixelsImpl(Lsun/awt/X11GraphicsConfig;IIII[I)V+0
j  sun.awt.X11.XRobotPeer.getRGBPixels(Ljava/awt/Rectangle;)[I+33
j  java.awt.Robot.createScreenCapture(Ljava/awt/Rectangle;)Ljava/awt/image/BufferedImage;+50
j  tdl.record.screen.image.input.InputFromScreen.readImage()Ljava/awt/image/BufferedImage;+8
j  tdl.record.screen.image.input.ScaleToOptimalSizeImage.readImage()Ljava/awt/image/BufferedImage;+5
j  tdl.record.screen.image.input.EnsureEvenHeightAndWidth.readImage()Ljava/awt/image/BufferedImage;+5
j  tdl.record.screen.video.VideoRecorder.doRecord(Ljava/time/Duration;)V+142
j  tdl.record.screen.video.VideoRecorder.start(Ljava/time/Duration;)V+23
j  tdl.record_upload.video.VideoRecordingThread.run()V+23
v  ~StubRoutines::call_stub
V  [libjvm.so+0x6852db]  JavaCalls::call_helper(JavaValue*, methodHandle*, JavaCallArguments*, Thread*)+0xddb
V  [libjvm.so+0x682ba3]  JavaCalls::call_virtual(JavaValue*, KlassHandle, Symbol*, Symbol*, JavaCallArguments*, Thread*)+0x263
V  [libjvm.so+0x683167]  JavaCalls::call_virtual(JavaValue*, Handle, KlassHandle, Symbol*, Symbol*, Thread*)+0x47
V  [libjvm.so+0x6ef0ec]  thread_entry(JavaThread*, Thread*)+0x6c
V  [libjvm.so+0xa76f9b]  JavaThread::thread_main_inner()+0xdb
V  [libjvm.so+0xa7722f]  JavaThread::run()+0x25f
V  [libjvm.so+0x909c92]  java_start(Thread*)+0x102
C  [libc.so.6+0x94ac3]

Java frames: (J=compiled Java code, j=interpreted, Vv=VM code)
j  sun.awt.X11.XRobotPeer.getRGBPixelsImpl(Lsun/awt/X11GraphicsConfig;IIII[I)V+0
j  sun.awt.X11.XRobotPeer.getRGBPixels(Ljava/awt/Rectangle;)[I+33
j  java.awt.Robot.createScreenCapture(Ljava/awt/Rectangle;)Ljava/awt/image/BufferedImage;+50
j  tdl.record.screen.image.input.InputFromScreen.readImage()Ljava/awt/image/BufferedImage;+8
j  tdl.record.screen.image.input.ScaleToOptimalSizeImage.readImage()Ljava/awt/image/BufferedImage;+5
j  tdl.record.screen.image.input.EnsureEvenHeightAndWidth.readImage()Ljava/awt/image/BufferedImage;+5
j  tdl.record.screen.video.VideoRecorder.doRecord(Ljava/time/Duration;)V+142
j  tdl.record.screen.video.VideoRecorder.start(Ljava/time/Duration;)V+23
j  tdl.record_upload.video.VideoRecordingThread.run()V+23
v  ~StubRoutines::call_stub

---------------  P R O C E S S  ---------------

Java Threads: ( => current thread )
  0x000070156c003800 JavaThread "ExEvent-27" [_thread_blocked, id=19138, stack(0x0000701607600000,0x0000701607700000)]
  0x000070156c001800 JavaThread "ExEvent-26-acceptor-0@5d749f4b-ServerConnector@1199fe66{HTTP/1.1,[http/1.1]}{localhost:41375}" [_thread_in_native, id=19137, stack(0x0000701607500000,0x0000701607600000)]
  0x000070162c8a8800 JavaThread "ExEvent-21" [_thread_in_native, id=19130, stack(0x0000701607700000,0x0000701607800000)]
  0x0000701598024800 JavaThread "AWT-XAWT" daemon [_thread_blocked, id=19129, stack(0x0000701607d00000,0x0000701607e00000)]
  0x000070162c892000 JavaThread "HealthCheck" [_thread_blocked, id=19128, stack(0x0000701607e00000,0x0000701607f00000)]
  0x000070162c890000 JavaThread "Metrics" [_thread_blocked, id=19127, stack(0x0000701607f00000,0x0000701608000000)]
  0x000070162c88d800 JavaThread "Upload" [_thread_in_Java, id=19126, stack(0x000070160c000000,0x000070160c100000)]
  0x000070162c889000 JavaThread "SourceRec" [_thread_in_vm, id=19125, stack(0x000070160c100000,0x000070160c200000)]
=>0x000070162c887800 JavaThread "VideoRec" [_thread_in_native, id=19124, stack(0x000070160f700000,0x000070160f800000)]
  0x000070162c7dc800 JavaThread "Java2D Disposer" daemon [_thread_blocked, id=19120, stack(0x000070160fabe000,0x000070160fbbe000)]
  0x000070162c6d6000 JavaThread "java-sdk-http-connection-reaper" daemon [_thread_blocked, id=19119, stack(0x000070160fcfe000,0x000070160fdfe000)]
  0x000070162c433800 JavaThread "process reaper" daemon [_thread_blocked, id=19109, stack(0x000070163366d000,0x00007016336a6000)]
  0x000070162c21f800 JavaThread "Service Thread" daemon [_thread_blocked, id=19106, stack(0x000070161c000000,0x000070161c100000)]
  0x000070162c214800 JavaThread "C1 CompilerThread3" daemon [_thread_blocked, id=19105, stack(0x000070160ff00000,0x0000701610000000)]
  0x000070162c212800 JavaThread "C2 CompilerThread2" daemon [_thread_blocked, id=19104, stack(0x00007016140fe000,0x00007016141fe000)]
  0x000070162c210800 JavaThread "C2 CompilerThread1" daemon [_thread_blocked, id=19103, stack(0x00007016141ff000,0x00007016142ff000)]
  0x000070162c20d800 JavaThread "C2 CompilerThread0" daemon [_thread_in_native, id=19102, stack(0x0000701614300000,0x0000701614400000)]
  0x000070162c20c000 JavaThread "Signal Dispatcher" daemon [_thread_blocked, id=19101, stack(0x000070161c100000,0x000070161c200000)]
  0x000070162c1d4800 JavaThread "Finalizer" daemon [_thread_blocked, id=19100, stack(0x000070161c4f7000,0x000070161c5f7000)]
  0x000070162c1d2000 JavaThread "Reference Handler" daemon [_thread_blocked, id=19099, stack(0x000070161c5f7000,0x000070161c6f7000)]
  0x000070162c00a000 JavaThread "main" [_thread_blocked, id=19089, stack(0x00007016353a4000,0x00007016354a4000)]

Other Threads:
  0x000070162c1c8000 VMThread [stack: 0x000070161c6f8000,0x000070161c7f8000] [id=19098]
  0x000070162c222800 WatcherThread [stack: 0x000070160fdff000,0x000070160feff000] [id=19107]

VM state:not at safepoint (normal execution)

VM Mutex/Monitor currently owned by a thread: None

Heap:
 PSYoungGen      total 66560K, used 53750K [0x00000000d8100000, 0x00000000dc700000, 0x0000000100000000)
  eden space 61440K, 87% used [0x00000000d8100000,0x00000000db57db70,0x00000000dbd00000)
  from space 5120K, 0% used [0x00000000dc200000,0x00000000dc200000,0x00000000dc700000)
  to   space 5120K, 0% used [0x00000000dbd00000,0x00000000dbd00000,0x00000000dc200000)
 ParOldGen       total 62976K, used 8522K [0x0000000088200000, 0x000000008bf80000, 0x00000000d8100000)
  object space 62976K, 13% used [0x0000000088200000,0x0000000088a52818,0x000000008bf80000)
 Metaspace       used 28747K, capacity 29250K, committed 29568K, reserved 1075200K
  class space    used 3520K, capacity 3685K, committed 3712K, reserved 1048576K

Card table byte_map: [0x0000701632000000,0x00007016323c0000] byte_map_base: 0x0000701631bbf000

Marking Bits: (ParMarkBitMap*) 0x00007016349c6d40
 Begin Bits: [0x0000701614400000, 0x00007016161f8000)
 End Bits:   [0x00007016161f8000, 0x0000701617ff0000)

Polling page: 0x00007016355e5000

CodeCache: size=245760Kb used=5359Kb max_used=5359Kb free=240400Kb
 bounds [0x000070161d000000, 0x000070161d540000, 0x000070162c000000]
 total_blobs=2302 nmethods=1658 adapters=557
 compilation: enabled

Compilation events (10 events):
Event: 3.366 Thread 0x000070162c214800 1655       3       sun.security.jca.GetInstance$Instance::toArray (19 bytes)
Event: 3.366 Thread 0x000070162c214800 nmethod 1655 0x000070161d53bf90 code [0x000070161d53c100, 0x000070161d53c530]
Event: 3.366 Thread 0x000070162c214800 1656       1       sun.nio.fs.UnixException::errno (5 bytes)
Event: 3.367 Thread 0x000070162c214800 nmethod 1656 0x000070161d53bcd0 code [0x000070161d53be20, 0x000070161d53bf30]
Event: 3.367 Thread 0x000070162c214800 1657       3       sun.security.provider.SHA::<init> (30 bytes)
Event: 3.368 Thread 0x000070162c214800 nmethod 1657 0x000070161d53b450 code [0x000070161d53b5e0, 0x000070161d53bb08]
Event: 3.369 Thread 0x000070162c214800 1658       3       sun.nio.fs.UnixPath::<init> (15 bytes)
Event: 3.370 Thread 0x000070162c214800 nmethod 1658 0x000070161d53de90 code [0x000070161d53e000, 0x000070161d53e230]
Event: 3.370 Thread 0x000070162c214800 1659       3       sun.nio.fs.AbstractPath::<init> (5 bytes)
Event: 3.370 Thread 0x000070162c214800 nmethod 1659 0x000070161d53e310 code [0x000070161d53e480, 0x000070161d53e630]

GC Heap History (6 events):
Event: 1.001 GC heap before
{Heap before GC invocations=1 (full 0):
 PSYoungGen      total 35840K, used 30720K [0x00000000d8100000, 0x00000000da900000, 0x0000000100000000)
  eden space 30720K, 100% used [0x00000000d8100000,0x00000000d9f00000,0x00000000d9f00000)
  from space 5120K, 0% used [0x00000000da400000,0x00000000da400000,0x00000000da900000)
  to   space 5120K, 0% used [0x00000000d9f00000,0x00000000d9f00000,0x00000000da400000)
 ParOldGen       total 81920K, used 0K [0x0000000088200000, 0x000000008d200000, 0x00000000d8100000)
  object space 81920K, 0% used [0x0000000088200000,0x0000000088200000,0x000000008d200000)
 Metaspace       used 15651K, capacity 15900K, committed 16128K, reserved 1062912K
  class space    used 1929K, capacity 2028K, committed 2048K, reserved 1048576K
Event: 1.011 GC heap after
Heap after GC invocations=1 (full 0):
 PSYoungGen      total 35840K, used 5104K [0x00000000d8100000, 0x00000000dc700000, 0x0000000100000000)
  eden space 30720K, 0% used [0x00000000d8100000,0x00000000d8100000,0x00000000d9f00000)
  from space 5120K, 99% used [0x00000000d9f00000,0x00000000da3fc030,0x00000000da400000)
  to   space 5120K, 0% used [0x00000000dc200000,0x00000000dc200000,0x00000000dc700000)
 ParOldGen       total 81920K, used 3156K [0x0000000088200000, 0x000000008d200000, 0x00000000d8100000)
  object space 81920K, 3% used [0x0000000088200000,0x0000000088515368,0x000000008d200000)
 Metaspace       used 15651K, capacity 15900K, committed 16128K, reserved 1062912K
  class space    used 1929K, capacity 2028K, committed 2048K, reserved 1048576K
}
Event: 1.643 GC heap before
{Heap before GC invocations=2 (full 0):
 PSYoungGen      total 35840K, used 28661K [0x00000000d8100000, 0x00000000dc700000, 0x0000000100000000)
  eden space 30720K, 76% used [0x00000000d8100000,0x00000000d9801418,0x00000000d9f00000)
  from space 5120K, 99% used [0x00000000d9f00000,0x00000000da3fc030,0x00000000da400000)
  to   space 5120K, 0% used [0x00000000dc200000,0x00000000dc200000,0x00000000dc700000)
 ParOldGen       total 81920K, used 3156K [0x0000000088200000, 0x000000008d200000, 0x00000000d8100000)
  object space 81920K, 3% used [0x0000000088200000,0x0000000088515368,0x000000008d200000)
 Metaspace       used 20802K, capacity 21056K, committed 21296K, reserved 1069056K
  class space    used 2556K, capacity 2650K, committed 2688K, reserved 1048576K
Event: 1.656 GC heap after
Heap after GC invocations=2 (full 0):
 PSYoungGen      total 66560K, used 5089K [0x00000000d8100000, 0x00000000dc700000, 0x0000000100000000)
  eden space 61440K, 0% used [0x00000000d8100000,0x00000000d8100000,0x00000000dbd00000)
  from space 5120K, 99% used [0x00000000dc200000,0x00000000dc6f8490,0x00000000dc700000)
  to   space 5120K, 0% used [0x00000000dbd00000,0x00000000dbd00000,0x00000000dc200000)
 ParOldGen       total 81920K, used 6803K [0x0000000088200000, 0x000000008d200000, 0x00000000d8100000)
  object space 81920K, 8% used [0x0000000088200000,0x00000000888a4f70,0x000000008d200000)
 Metaspace       used 20802K, capacity 21056K, committed 21296K, reserved 1069056K
  class space    used 2556K, capacity 2650K, committed 2688K, reserved 1048576K
}
Event: 1.656 GC heap before
{Heap before GC invocations=3 (full 1):
 PSYoungGen      total 66560K, used 5089K [0x00000000d8100000, 0x00000000dc700000, 0x0000000100000000)
  eden space 61440K, 0% used [0x00000000d8100000,0x00000000d8100000,0x00000000dbd00000)
  from space 5120K, 99% used [0x00000000dc200000,0x00000000dc6f8490,0x00000000dc700000)
  to   space 5120K, 0% used [0x00000000dbd00000,0x00000000dbd00000,0x00000000dc200000)
 ParOldGen       total 81920K, used 6803K [0x0000000088200000, 0x000000008d200000, 0x00000000d8100000)
  object space 81920K, 8% used [0x0000000088200000,0x00000000888a4f70,0x000000008d200000)
 Metaspace       used 20802K, capacity 21056K, committed 21296K, reserved 1069056K
  class space    used 2556K, capacity 2650K, committed 2688K, reserved 1048576K
Event: 1.698 GC heap after
Heap after GC invocations=3 (full 1):
 PSYoungGen      total 66560K, used 0K [0x00000000d8100000, 0x00000000dc700000, 0x0000000100000000)
  eden space 61440K, 0% used [0x00000000d8100000,0x00000000d8100000,0x00000000dbd00000)
  from space 5120K, 0% used [0x00000000dc200000,0x00000000dc200000,0x00000000dc700000)
  to   space 5120K, 0% used [0x00000000dbd00000,0x00000000dbd00000,0x00000000dc200000)
 ParOldGen       total 62976K, used 8522K [0x0000000088200000, 0x000000008bf80000, 0x00000000d8100000)
  object space 62976K, 13% used [0x0000000088200000,0x0000000088a52818,0x000000008bf80000)
 Metaspace       used 20802K, capacity 21056K, committed 21296K, reserved 1069056K
  class space    used 2556K, capacity 2650K, committed 2688K, reserved 1048576K
}

Deoptimization events (10 events):
Event: 1.194 Thread 0x000070162c00a000 Uncommon trap: reason=bimorphic action=maybe_recompile pc=0x000070161d36e7bc method=java.util.regex.Pattern$BmpCharProperty.match(Ljava/util/regex/Matcher;ILjava/lang/CharSequence;)Z @ 31
Event: 1.194 Thread 0x000070162c00a000 Uncommon trap: reason=bimorphic action=maybe_recompile pc=0x000070161d36e7bc method=java.util.regex.Pattern$BmpCharProperty.match(Ljava/util/regex/Matcher;ILjava/lang/CharSequence;)Z @ 31
Event: 1.300 Thread 0x000070162c00a000 Uncommon trap: reason=class_check action=maybe_recompile pc=0x000070161d353b50 method=java.util.regex.Pattern$Curly.match(Ljava/util/regex/Matcher;ILjava/lang/CharSequence;)Z @ 19
Event: 1.326 Thread 0x000070162c00a000 Uncommon trap: reason=class_check action=maybe_recompile pc=0x000070161d353b50 method=java.util.regex.Pattern$Curly.match(Ljava/util/regex/Matcher;ILjava/lang/CharSequence;)Z @ 19
Event: 1.326 Thread 0x000070162c00a000 Uncommon trap: reason=class_check action=maybe_recompile pc=0x000070161d353b50 method=java.util.regex.Pattern$Curly.match(Ljava/util/regex/Matcher;ILjava/lang/CharSequence;)Z @ 19
Event: 1.326 Thread 0x000070162c00a000 Uncommon trap: reason=class_check action=maybe_recompile pc=0x000070161d353b50 method=java.util.regex.Pattern$Curly.match(Ljava/util/regex/Matcher;ILjava/lang/CharSequence;)Z @ 19
Event: 1.373 Thread 0x000070162c00a000 Uncommon trap: reason=unstable_if action=reinterpret pc=0x000070161d3203a0 method=java.lang.String$CaseInsensitiveComparator.compare(Ljava/lang/String;Ljava/lang/String;)I @ 70
Event: 1.574 Thread 0x000070162c00a000 Uncommon trap: reason=bimorphic action=maybe_recompile pc=0x000070161d33f028 method=java.util.HashMap.putVal(ILjava/lang/Object;Ljava/lang/Object;ZZ)Ljava/lang/Object; @ 152
Event: 1.632 Thread 0x000070162c00a000 Uncommon trap: reason=unstable_if action=reinterpret pc=0x000070161d439cec method=java.util.Arrays.equals([B[B)Z @ 41
Event: 3.362 Thread 0x000070162c889000 Uncommon trap: reason=class_check action=maybe_recompile pc=0x000070161d43e300 method=java.util.zip.InflaterInputStream.read([BII)I @ 100

Classes redefined (0 events):
No events

Internal exceptions (10 events):
Event: 3.365 Thread 0x000070162c889000 Exception <a 'java/io/FileNotFoundException'> (0x00000000da9d8948) thrown at [/HUDSON/workspace/8-2-build-linux-amd64/jdk8u191/11894/hotspot/src/share/vm/prims/jni.cpp, line 709]
Event: 3.365 Thread 0x000070162c889000 Exception <a 'sun/nio/fs/UnixException'> (0x00000000da9d9828) thrown at [/HUDSON/workspace/8-2-build-linux-amd64/jdk8u191/11894/hotspot/src/share/vm/prims/jni.cpp, line 709]
Event: 3.365 Thread 0x000070162c889000 Exception <a 'java/io/FileNotFoundException'> (0x00000000da9da108) thrown at [/HUDSON/workspace/8-2-build-linux-amd64/jdk8u191/11894/hotspot/src/share/vm/prims/jni.cpp, line 709]
Event: 3.365 Thread 0x000070162c889000 Exception <a 'sun/nio/fs/UnixException'> (0x00000000da9da980) thrown at [/HUDSON/workspace/8-2-build-linux-amd64/jdk8u191/11894/hotspot/src/share/vm/prims/jni.cpp, line 709]
Event: 3.366 Thread 0x000070162c889000 Exception <a 'sun/nio/fs/UnixException'> (0x00000000da9db8e0) thrown at [/HUDSON/workspace/8-2-build-linux-amd64/jdk8u191/11894/hotspot/src/share/vm/prims/jni.cpp, line 709]
Event: 3.366 Thread 0x000070162c889000 Exception <a 'sun/nio/fs/UnixException'> (0x00000000da9ddc60) thrown at [/HUDSON/workspace/8-2-build-linux-amd64/jdk8u191/11894/hotspot/src/share/vm/prims/jni.cpp, line 709]
Event: 3.367 Thread 0x000070162c889000 Exception <a 'sun/nio/fs/UnixException'> (0x00000000da9deb50) thrown at [/HUDSON/workspace/8-2-build-linux-amd64/jdk8u191/11894/hotspot/src/share/vm/prims/jni.cpp, line 709]
Event: 3.367 Thread 0x000070162c889000 Exception <a 'sun/nio/fs/UnixException'> (0x00000000da9dfe90) thrown at [/HUDSON/workspace/8-2-build-linux-amd64/jdk8u191/11894/hotspot/src/share/vm/prims/jni.cpp, line 709]
Event: 3.367 Thread 0x000070162c889000 Exception <a 'sun/nio/fs/UnixException'> (0x00000000da9e0d80) thrown at [/HUDSON/workspace/8-2-build-linux-amd64/jdk8u191/11894/hotspot/src/share/vm/prims/jni.cpp, line 709]
Event: 3.369 Thread 0x000070162c889000 Exception <a 'sun/nio/fs/UnixException'> (0x00000000da9f3768) thrown at [/HUDSON/workspace/8-2-build-linux-amd64/jdk8u191/11894/hotspot/src/share/vm/prims/jni.cpp, line 709]

Events (10 events):
Event: 3.368 loading class org/eclipse/jgit/api/CommitCommand$1
Event: 3.368 loading class org/eclipse/jgit/api/CommitCommand$1 done
Event: 3.369 loading class org/eclipse/jgit/hooks/PostCommitHook
Event: 3.369 loading class org/eclipse/jgit/hooks/PostCommitHook done
Event: 3.370 loading class tdl/record/sourcecode/snapshot/file/Header
Event: 3.370 loading class tdl/record/sourcecode/snapshot/file/Header done
Event: 3.370 loading class sun/awt/X11/XErrorEvent
Event: 3.370 loading class sun/awt/X11/XErrorEvent done
Event: 3.370 loading class tdl/record/sourcecode/snapshot/helpers/ByteHelper
Event: 3.370 loading class tdl/record/sourcecode/snapshot/helpers/ByteHelper done


Dynamic libraries:
00400000-00401000 r-xp 00000000 103:07 1732907                           /home/laurence/projects/iwoca/accelerate_runner/jre/bin/java
00600000-00601000 r--p 00000000 103:07 1732907                           /home/laurence/projects/iwoca/accelerate_runner/jre/bin/java
00601000-00602000 rw-p 00001000 103:07 1732907                           /home/laurence/projects/iwoca/accelerate_runner/jre/bin/java
017ae000-017cf000 rw-p 00000000 00:00 0                                  [heap]
88200000-8bf80000 rw-p 00000000 00:00 0 
8bf80000-d8100000 ---p 00000000 00:00 0 
d8100000-dc700000 rw-p 00000000 00:00 0 
dc700000-100000000 ---p 00000000 00:00 0 
100000000-1003a0000 rw-p 00000000 00:00 0 
1003a0000-140000000 ---p 00000000 00:00 0 
701568000000-701568021000 rw-p 00000000 00:00 0 
701568021000-70156c000000 ---p 00000000 00:00 0 
70156c000000-70156c021000 rw-p 00000000 00:00 0 
70156c021000-701570000000 ---p 00000000 00:00 0 
701574000000-701574021000 rw-p 00000000 00:00 0 
701574021000-701578000000 ---p 00000000 00:00 0 
701578000000-701578021000 rw-p 00000000 00:00 0 
701578021000-70157c000000 ---p 00000000 00:00 0 
701580000000-701580021000 rw-p 00000000 00:00 0 
701580021000-701584000000 ---p 00000000 00:00 0 
701584000000-701584021000 rw-p 00000000 00:00 0 
701584021000-701588000000 ---p 00000000 00:00 0 
70158c000000-70158c032000 rw-p 00000000 00:00 0 
70158c032000-701590000000 ---p 00000000 00:00 0 
701590000000-7015900fc000 rw-p 00000000 00:00 0 
7015900fc000-701594000000 ---p 00000000 00:00 0 
701598000000-701598ae6000 rw-p 00000000 00:00 0 
701598ae6000-70159c000000 ---p 00000000 00:00 0 
70159c000000-70159c021000 rw-p 00000000 00:00 0 
70159c021000-7015a0000000 ---p 00000000 00:00 0 
7015a4000000-7015a4021000 rw-p 00000000 00:00 0 
7015a4021000-7015a8000000 ---p 00000000 00:00 0 
7015a8000000-7015a8021000 rw-p 00000000 00:00 0 
7015a8021000-7015ac000000 ---p 00000000 00:00 0 
7015af800000-7015affea000 rw-p 00000000 00:00 0 
7015b0000000-7015b0021000 rw-p 00000000 00:00 0 
7015b0021000-7015b4000000 ---p 00000000 00:00 0 
7015b4000000-7015b4021000 rw-p 00000000 00:00 0 
7015b4021000-7015b8000000 ---p 00000000 00:00 0 
7015b8800000-7015b88fb000 r-xp 00000000 103:07 1733725                   /home/laurence/projects/iwoca/accelerate_runner/jre/lib/amd64/libmlib_image.so
7015b88fb000-7015b8afa000 ---p 000fb000 103:07 1733725                   /home/laurence/projects/iwoca/accelerate_runner/jre/lib/amd64/libmlib_image.so
7015b8afa000-7015b8afb000 r--p 000fa000 103:07 1733725                   /home/laurence/projects/iwoca/accelerate_runner/jre/lib/amd64/libmlib_image.so
7015b8afb000-7015b8afc000 rw-p 000fb000 103:07 1733725                   /home/laurence/projects/iwoca/accelerate_runner/jre/lib/amd64/libmlib_image.so
7015b8e00000-7015b8e01000 ---p 00000000 00:00 0 
7015b8e01000-7015b9601000 rwxp 00000000 00:00 0 
7015b9800000-7015b9a00000 rw-p 00000000 00:00 0 
7015b9a00000-7015b9c00000 rw-p 00000000 00:00 0 
7015b9c00000-7015b9ccb000 rw-p 00000000 00:00 0 
7015b9e00000-7015ba000000 rw-p 00000000 00:00 0 
7015ba000000-7015ba200000 rw-p 00000000 00:00 0 
7015ba200000-7015ba2cb000 rw-p 00000000 00:00 0 
7015ba400000-7015ba600000 rw-p 00000000 00:00 0 
7015ba600000-7015baa00000 rw-p 00000000 00:00 0 
7015baa00000-7015babb5000 rw-p 00000000 00:00 0 
7015bac00000-7015bae00000 rw-p 00000000 00:00 0 
7015bae00000-7015bb000000 rw-p 00000000 00:00 0 
7015bb000000-7015bb0cb000 rw-p 00000000 00:00 0 
7015bb200000-7015bb400000 rw-p 00000000 00:00 0 
7015bb400000-7015bb800000 rw-p 00000000 00:00 0 
7015bb800000-7015bb9b5000 rw-p 00000000 00:00 0 
7015bba00000-7015bbc00000 rw-p 00000000 00:00 0 
7015bbc00000-7015bbe00000 rw-p 00000000 00:00 0 
7015bbe00000-7015bbecb000 rw-p 00000000 00:00 0 
7015bc000000-7015bc2d2000 rw-p 00000000 00:00 0 
7015bc2d2000-7015c0000000 ---p 00000000 00:00 0 
7015c0000000-7015c0285000 rw-p 00000000 00:00 0 
7015c0285000-7015c4000000 ---p 00000000 00:00 0 
7015c4600000-7015c4800000 rw-p 00000000 00:00 0 
7015c4800000-7015c4c00000 rw-p 00000000 00:00 0 
7015c4c00000-7015c4db5000 rw-p 00000000 00:00 0 
7015c4e00000-7015c5000000 rw-p 00000000 00:00 0 
7015c5000000-7015c5200000 rw-p 00000000 00:00 0 
7015c5200000-7015c52cb000 rw-p 00000000 00:00 0 
7015c5400000-7015c5600000 rw-p 00000000 00:00 0 
7015c5600000-7015c5a00000 rw-p 00000000 00:00 0 
7015c5a00000-7015c5bb5000 rw-p 00000000 00:00 0 
7015c5c00000-7015c5e00000 rw-p 00000000 00:00 0 
7015c5e00000-7015c6000000 rw-p 00000000 00:00 0 
7015c6000000-7015c60cb000 rw-p 00000000 00:00 0 
7015c6200000-7015c6400000 rw-p 00000000 00:00 0 
7015c6400000-7015c6800000 rw-p 00000000 00:00 0 
7015c6800000-7015c69b5000 rw-p 00000000 00:00 0 
7015c6a00000-7015c6c00000 rw-p 00000000 00:00 0 
7015c6c00000-7015c6e00000 rw-p 00000000 00:00 0 
7015c6e00000-7015c6ecb000 rw-p 00000000 00:00 0 
7015c7000000-7015c7200000 rw-p 00000000 00:00 0 
7015c7200000-7015c7600000 rw-p 00000000 00:00 0 
7015c7600000-7015c77b5000 rw-p 00000000 00:00 0 
7015c7800000-7015c7a00000 rw-p 00000000 00:00 0 
7015c7a00000-7015c7e00000 rw-p 00000000 00:00 0 
7015c7e00000-7015c7fb5000 rw-p 00000000 00:00 0 
7015c8000000-7015c81dd000 rw-p 00000000 00:00 0 
7015c81dd000-7015cc000000 ---p 00000000 00:00 0 
7015cc000000-7015cc37f000 rw-p 00000000 00:00 0 
7015cc37f000-7015d0000000 ---p 00000000 00:00 0 
7015d0200000-7015d0400000 rw-p 00000000 00:00 0 
7015d0400000-7015d0600000 rw-p 00000000 00:00 0 
7015d0600000-7015d06cb000 rw-p 00000000 00:00 0 
7015d0800000-7015d0a00000 rw-p 00000000 00:00 0 
7015d0a00000-7015d0c00000 rw-p 00000000 00:00 0 
7015d0c00000-7015d0ccb000 rw-p 00000000 00:00 0 
7015d0e00000-7015d1000000 rw-p 00000000 00:00 0 
7015d1000000-7015d1400000 rw-p 00000000 00:00 0 
7015d1400000-7015d15b5000 rw-p 00000000 00:00 0 
7015d1600000-7015d1800000 rw-p 00000000 00:00 0 
7015d1800000-7015d1a00000 rw-p 00000000 00:00 0 
7015d1a00000-7015d1acb000 rw-p 00000000 00:00 0 
7015d1c00000-7015d1e00000 rw-p 00000000 00:00 0 
7015d1e00000-7015d2200000 rw-p 00000000 00:00 0 
7015d2200000-7015d23b5000 rw-p 00000000 00:00 0 
7015d2400000-7015d2600000 rw-p 00000000 00:00 0 
7015d2600000-7015d2800000 rw-p 00000000 00:00 0 
7015d2800000-7015d28cb000 rw-p 00000000 00:00 0 
7015d2a00000-7015d2c00000 rw-p 00000000 00:00 0 
7015d2c00000-7015d3000000 rw-p 00000000 00:00 0 
7015d3000000-7015d31b5000 rw-p 00000000 00:00 0 
7015d3200000-7015d3400000 rw-p 00000000 00:00 0 
7015d3400000-7015d3600000 rw-p 00000000 00:00 0 
7015d3600000-7015d36cb000 rw-p 00000000 00:00 0 
7015d3800000-7015d3a00000 rw-p 00000000 00:00 0 
7015d3a00000-7015d3e00000 rw-p 00000000 00:00 0 
7015d3e00000-7015d3fb5000 rw-p 00000000 00:00 0 
7015d4000000-7015d4021000 rw-p 00000000 00:00 0 
7015d4021000-7015d8000000 ---p 00000000 00:00 0 
7015d8000000-7015d8021000 rw-p 00000000 00:00 0 
7015d8021000-7015dc000000 ---p 00000000 00:00 0 
7015dc200000-7015dc501000 rw-p 00000000 00:00 0 
7015dc600000-7015dc800000 rw-p 00000000 00:00 0 
7015dc800000-7015dcc00000 rw-p 00000000 00:00 0 
7015dcc00000-7015dcdb5000 rw-p 00000000 00:00 0 
7015dce00000-7015dce01000 ---p 00000000 00:00 0 
7015dce01000-7015dd601000 rwxp 00000000 00:00 0 
7015dd800000-7015dd801000 ---p 00000000 00:00 0 
7015dd801000-7015de001000 rwxp 00000000 00:00 0 
7015de200000-7015de201000 ---p 00000000 00:00 0 
7015de201000-7015dea01000 rwxp 00000000 00:00 0 
7015dec00000-7015dec01000 ---p 00000000 00:00 0 
7015dec01000-7015df401000 rwxp 00000000 00:00 0 
7015df600000-7015df601000 ---p 00000000 00:00 0 
7015df601000-7015dfe01000 rwxp 00000000 00:00 0 
7015e0000000-7015e0021000 rw-p 00000000 00:00 0 
7015e0021000-7015e4000000 ---p 00000000 00:00 0 
7015e4000000-7015e4021000 rw-p 00000000 00:00 0 
7015e4021000-7015e8000000 ---p 00000000 00:00 0 
7015e8200000-7015e8340000 rw-p 00000000 00:00 0 
7015e8340000-7015e8400000 ---p 00000000 00:00 0 
7015e8400000-7015e8401000 ---p 00000000 00:00 0 
7015e8401000-7015e8c01000 rwxp 00000000 00:00 0 
7015e8e00000-7015e8e01000 ---p 00000000 00:00 0 
7015e8e01000-7015e9601000 rwxp 00000000 00:00 0 
7015e9800000-7015e9801000 ---p 00000000 00:00 0 
7015e9801000-7015ea001000 rwxp 00000000 00:00 0 
7015ea200000-7015ea201000 ---p 00000000 00:00 0 
7015ea201000-7015eaa01000 rwxp 00000000 00:00 0 
7015eac00000-7015eac01000 ---p 00000000 00:00 0 
7015eac01000-7015eb401000 rwxp 00000000 00:00 0 
7015eb600000-7015eb601000 ---p 00000000 00:00 0 
7015eb601000-7015ebe01000 rwxp 00000000 00:00 0 
7015ec000000-7015ec021000 rw-p 00000000 00:00 0 
7015ec021000-7015f0000000 ---p 00000000 00:00 0 
7015f0000000-7015f0021000 rw-p 00000000 00:00 0 
7015f0021000-7015f4000000 ---p 00000000 00:00 0 
7015f4000000-7015f4021000 rw-p 00000000 00:00 0 
7015f4021000-7015f8000000 ---p 00000000 00:00 0 
7015f8200000-7015f8400000 rw-p 00000000 00:00 0 
7015f8400000-7015f8600000 rw-p 00000000 00:00 0 
7015f8600000-7015f86cb000 rw-p 00000000 00:00 0 
7015f8800000-7015f8801000 ---p 00000000 00:00 0 
7015f8801000-7015f9001000 rwxp 00000000 00:00 0 
7015f9047000-7015f9200000 rw-p 00000000 00:00 0 
7015f9200000-7015f9201000 ---p 00000000 00:00 0 
7015f9201000-7015f9a01000 rwxp 00000000 00:00 0 
7015f9a47000-7015f9c00000 rw-p 00000000 00:00 0 
7015f9c00000-7015fb24c000 r-xp 00000000 103:07 5898254                   /tmp/humble651945352638651355.tmp (deleted)
7015fb24c000-7015fb44b000 ---p 0164c000 103:07 5898254                   /tmp/humble651945352638651355.tmp (deleted)
7015fb44b000-7015fb4f9000 r--p 0164b000 103:07 5898254                   /tmp/humble651945352638651355.tmp (deleted)
7015fb4f9000-7015fb540000 rw-p 016f9000 103:07 5898254                   /tmp/humble651945352638651355.tmp (deleted)
7015fb540000-7015fbc8a000 rw-p 00000000 00:00 0 
7015fbc8e000-7015fc000000 rw-p 00000000 00:00 0 
7015fc000000-7015fc021000 rw-p 00000000 00:00 0 
7015fc021000-701600000000 ---p 00000000 00:00 0 
701600000000-701600021000 rw-p 00000000 00:00 0 
701600021000-701604000000 ---p 00000000 00:00 0 
701604047000-701604200000 rw-p 00000000 00:00 0 
701604200000-701604201000 ---p 00000000 00:00 0 
701604201000-701604a01000 rwxp 00000000 00:00 0 
701604a47000-701604e00000 rw-p 00000000 00:00 0 
701604e00000-701605000000 rw-p 00000000 00:00 0 
701605000000-701605096000 rw-p 00000000 00:00 0 
701605200000-701605400000 rw-p 00000000 00:00 0 
701605400000-70160549a000 r--p 00000000 103:07 9962427                   /usr/lib/x86_64-linux-gnu/libstdc++.so.6.0.30
70160549a000-7016055ab000 r-xp 0009a000 103:07 9962427                   /usr/lib/x86_64-linux-gnu/libstdc++.so.6.0.30
7016055ab000-70160561a000 r--p 001ab000 103:07 9962427                   /usr/lib/x86_64-linux-gnu/libstdc++.so.6.0.30
70160561a000-70160561b000 ---p 0021a000 103:07 9962427                   /usr/lib/x86_64-linux-gnu/libstdc++.so.6.0.30
70160561b000-701605626000 r--p 0021a000 103:07 9962427                   /usr/lib/x86_64-linux-gnu/libstdc++.so.6.0.30
701605626000-701605629000 rw-p 00225000 103:07 9962427                   /usr/lib/x86_64-linux-gnu/libstdc++.so.6.0.30
701605629000-70160562c000 rw-p 00000000 00:00 0 
701605647000-701605a00000 rw-p 00000000 00:00 0 
701605a00000-701605a5d000 r-xp 00000000 103:07 1733681                   /home/laurence/projects/iwoca/accelerate_runner/jre/lib/amd64/libfontmanager.so
701605a5d000-701605c5d000 ---p 0005d000 103:07 1733681                   /home/laurence/projects/iwoca/accelerate_runner/jre/lib/amd64/libfontmanager.so
701605c5d000-701605c60000 r--p 0005d000 103:07 1733681                   /home/laurence/projects/iwoca/accelerate_runner/jre/lib/amd64/libfontmanager.so
701605c60000-701605c61000 rw-p 00060000 103:07 1733681                   /home/laurence/projects/iwoca/accelerate_runner/jre/lib/amd64/libfontmanager.so
701605c8e000-701606000000 rw-p 00000000 00:00 0 
701606000000-701606053000 r-xp 00000000 103:07 1733718                   /home/laurence/projects/iwoca/accelerate_runner/jre/lib/amd64/libawt_xawt.so
701606053000-701606252000 ---p 00053000 103:07 1733718                   /home/laurence/projects/iwoca/accelerate_runner/jre/lib/amd64/libawt_xawt.so
701606252000-701606253000 r--p 00052000 103:07 1733718                   /home/laurence/projects/iwoca/accelerate_runner/jre/lib/amd64/libawt_xawt.so
701606253000-701606256000 rw-p 00053000 103:07 1733718                   /home/laurence/projects/iwoca/accelerate_runner/jre/lib/amd64/libawt_xawt.so
701606256000-701606257000 rw-p 00000000 00:00 0 
70160628e000-701606600000 rw-p 00000000 00:00 0 
701606600000-70160669f000 r-xp 00000000 103:07 1733703                   /home/laurence/projects/iwoca/accelerate_runner/jre/lib/amd64/libawt.so
70160669f000-70160689f000 ---p 0009f000 103:07 1733703                   /home/laurence/projects/iwoca/accelerate_runner/jre/lib/amd64/libawt.so
70160689f000-7016068a0000 r--p 0009f000 103:07 1733703                   /home/laurence/projects/iwoca/accelerate_runner/jre/lib/amd64/libawt.so
7016068a0000-7016068ab000 rw-p 000a0000 103:07 1733703                   /home/laurence/projects/iwoca/accelerate_runner/jre/lib/amd64/libawt.so
7016068ab000-7016068d0000 rw-p 00000000 00:00 0 
701606a47000-701606dec000 rw-p 00000000 00:00 0 
701606dec000-701606fc0000 rw-p 00000000 00:00 0 
701606fc0000-701607200000 rw-p 00000000 00:00 0 
701607200000-701607208000 r-xp 00000000 103:07 1733728                   /home/laurence/projects/iwoca/accelerate_runner/jre/lib/amd64/libmanagement.so
701607208000-701607408000 ---p 00008000 103:07 1733728                   /home/laurence/projects/iwoca/accelerate_runner/jre/lib/amd64/libmanagement.so
701607408000-701607409000 r--p 00008000 103:07 1733728                   /home/laurence/projects/iwoca/accelerate_runner/jre/lib/amd64/libmanagement.so
701607409000-70160740a000 rw-p 00009000 103:07 1733728                   /home/laurence/projects/iwoca/accelerate_runner/jre/lib/amd64/libmanagement.so
701607500000-701607503000 ---p 00000000 00:00 0 
701607503000-701607600000 rwxp 00000000 00:00 0 
701607600000-701607603000 ---p 00000000 00:00 0 
701607603000-701607700000 rwxp 00000000 00:00 0 
701607700000-701607703000 ---p 00000000 00:00 0 
701607703000-701607800000 rwxp 00000000 00:00 0 
701607800000-701607a00000 rw-p 00000000 00:00 0 
701607a00000-701607a11000 r-xp 00000000 103:07 1733720                   /home/laurence/projects/iwoca/accelerate_runner/jre/lib/amd64/libnio.so
701607a11000-701607c10000 ---p 00011000 103:07 1733720                   /home/laurence/projects/iwoca/accelerate_runner/jre/lib/amd64/libnio.so
701607c10000-701607c11000 r--p 00010000 103:07 1733720                   /home/laurence/projects/iwoca/accelerate_runner/jre/lib/amd64/libnio.so
701607c11000-701607c12000 rw-p 00011000 103:07 1733720                   /home/laurence/projects/iwoca/accelerate_runner/jre/lib/amd64/libnio.so
701607d00000-701607d03000 ---p 00000000 00:00 0 
701607d03000-701607e00000 rwxp 00000000 00:00 0 
701607e00000-701607e03000 ---p 00000000 00:00 0 
701607e03000-701607f00000 rwxp 00000000 00:00 0 
701607f00000-701607f03000 ---p 00000000 00:00 0 
701607f03000-701608000000 rwxp 00000000 00:00 0 
701608000000-701608021000 rw-p 00000000 00:00 0 
701608021000-70160c000000 ---p 00000000 00:00 0 
70160c000000-70160c003000 ---p 00000000 00:00 0 
70160c003000-70160c100000 rwxp 00000000 00:00 0 
70160c100000-70160c103000 ---p 00000000 00:00 0 
70160c103000-70160c200000 rwxp 00000000 00:00 0 
70160c200000-70160c3c0000 rw-p 00000000 00:00 0 
70160c3c0000-70160c5c0000 rw-p 00000000 00:00 0 
70160c5c0000-70160f601000 rw-p 00000000 00:00 0 
70160f700000-70160f703000 ---p 00000000 00:00 0 
70160f703000-70160f800000 rwxp 00000000 00:00 0 
70160f800000-70160f816000 r-xp 00000000 103:07 1733710                   /home/laurence/projects/iwoca/accelerate_runner/jre/lib/amd64/libnet.so
70160f816000-70160fa15000 ---p 00016000 103:07 1733710                   /home/laurence/projects/iwoca/accelerate_runner/jre/lib/amd64/libnet.so
70160fa15000-70160fa16000 r--p 00015000 103:07 1733710                   /home/laurence/projects/iwoca/accelerate_runner/jre/lib/amd64/libnet.so
70160fa16000-70160fa17000 rw-p 00016000 103:07 1733710                   /home/laurence/projects/iwoca/accelerate_runner/jre/lib/amd64/libnet.so
70160fabe000-70160fac1000 ---p 00000000 00:00 0 
70160fac1000-70160fbbe000 rwxp 00000000 00:00 0 
70160fbbe000-70160fbd7000 r--p 00000000 103:07 9963815                   /usr/lib/x86_64-linux-gnu/libX11.so.6.4.0
70160fbd7000-70160fc63000 r-xp 00019000 103:07 9963815                   /usr/lib/x86_64-linux-gnu/libX11.so.6.4.0
70160fc63000-70160fcf8000 r--p 000a5000 103:07 9963815                   /usr/lib/x86_64-linux-gnu/libX11.so.6.4.0
70160fcf8000-70160fcf9000 ---p 0013a000 103:07 9963815                   /usr/lib/x86_64-linux-gnu/libX11.so.6.4.0
70160fcf9000-70160fcfa000 r--p 0013a000 103:07 9963815                   /usr/lib/x86_64-linux-gnu/libX11.so.6.4.0
70160fcfa000-70160fcfe000 rw-p 0013b000 103:07 9963815                   /usr/lib/x86_64-linux-gnu/libX11.so.6.4.0
70160fcfe000-70160fd01000 ---p 00000000 00:00 0 
70160fd01000-70160fdfe000 rwxp 00000000 00:00 0 
70160fdfe000-70160fdff000 ---p 00000000 00:00 0 
70160fdff000-70160feff000 rwxp 00000000 00:00 0 
70160feff000-70160ff00000 ---p 00000000 00:00 0 
70160ff00000-70160ff03000 ---p 00000000 00:00 0 
70160ff03000-701610000000 rwxp 00000000 00:00 0 
701610000000-701610021000 rw-p 00000000 00:00 0 
701610021000-701614000000 ---p 00000000 00:00 0 
7016140fd000-7016140fe000 ---p 00000000 00:00 0 
7016140fe000-701614101000 ---p 00000000 00:00 0 
701614101000-7016141fe000 rwxp 00000000 00:00 0 
7016141fe000-7016141ff000 ---p 00000000 00:00 0 
7016141ff000-701614202000 ---p 00000000 00:00 0 
701614202000-7016142ff000 rwxp 00000000 00:00 0 
7016142ff000-701614300000 ---p 00000000 00:00 0 
701614300000-701614303000 ---p 00000000 00:00 0 
701614303000-701614400000 rwxp 00000000 00:00 0 
701614400000-701617ff0000 rw-p 00000000 00:00 0 
701618000000-701618021000 rw-p 00000000 00:00 0 
701618021000-70161c000000 ---p 00000000 00:00 0 
70161c000000-70161c003000 ---p 00000000 00:00 0 
70161c003000-70161c100000 rwxp 00000000 00:00 0 
70161c100000-70161c103000 ---p 00000000 00:00 0 
70161c103000-70161c200000 rwxp 00000000 00:00 0 
70161c200000-70161c478000 r--p 00000000 103:07 10096112                  /usr/lib/locale/aa_DJ.utf8/LC_COLLATE
70161c4f7000-70161c4fa000 ---p 00000000 00:00 0 
70161c4fa000-70161c5f7000 rwxp 00000000 00:00 0 
70161c5f7000-70161c5fa000 ---p 00000000 00:00 0 
70161c5fa000-70161c6f7000 rwxp 00000000 00:00 0 
70161c6f7000-70161c6f8000 ---p 00000000 00:00 0 
70161c6f8000-70161c7f8000 rwxp 00000000 00:00 0 
70161c7f8000-70161d000000 rw-p 00000000 00:00 0 
70161d000000-70161d550000 rwxp 00000000 00:00 0 
70161d550000-70162c000000 ---p 00000000 00:00 0 
70162c000000-70162caef000 rw-p 00000000 00:00 0 
70162caef000-701630000000 ---p 00000000 00:00 0 
7016300f1000-701631bbf000 rw-p 00000000 00:00 0 
701631c00000-701631c1f000 rw-p 00000000 00:00 0 
701631c1f000-701631e80000 ---p 00000000 00:00 0 
701631eff000-70163201f000 rw-p 00000000 00:00 0 
70163201f000-70163227f000 ---p 00000000 00:00 0 
70163227f000-7016322a3000 rw-p 00000000 00:00 0 
7016322a3000-7016323bf000 ---p 00000000 00:00 0 
7016323bf000-7016323c0000 rw-p 00000000 00:00 0 
701632400000-701632416000 rw-p 00000000 00:00 0 
701632416000-7016327c0000 ---p 00000000 00:00 0 
701632800000-70163281a000 r-xp 00000000 103:07 1733701                   /home/laurence/projects/iwoca/accelerate_runner/jre/lib/amd64/libzip.so
70163281a000-701632a1a000 ---p 0001a000 103:07 1733701                   /home/laurence/projects/iwoca/accelerate_runner/jre/lib/amd64/libzip.so
701632a1a000-701632a1b000 r--p 0001a000 103:07 1733701                   /home/laurence/projects/iwoca/accelerate_runner/jre/lib/amd64/libzip.so
701632a1b000-701632a1c000 rw-p 0001b000 103:07 1733701                   /home/laurence/projects/iwoca/accelerate_runner/jre/lib/amd64/libzip.so
701632a71000-701632a73000 r--p 00000000 103:07 9967444                   /usr/lib/x86_64-linux-gnu/libXfixes.so.3.1.0
701632a73000-701632a76000 r-xp 00002000 103:07 9967444                   /usr/lib/x86_64-linux-gnu/libXfixes.so.3.1.0
701632a76000-701632a77000 r--p 00005000 103:07 9967444                   /usr/lib/x86_64-linux-gnu/libXfixes.so.3.1.0
701632a77000-701632a78000 r--p 00006000 103:07 9967444                   /usr/lib/x86_64-linux-gnu/libXfixes.so.3.1.0
701632a78000-701632a79000 rw-p 00007000 103:07 9967444                   /usr/lib/x86_64-linux-gnu/libXfixes.so.3.1.0
701632a79000-701632a7c000 r--p 00000000 103:07 9962382                   /usr/lib/x86_64-linux-gnu/libgcc_s.so.1
701632a7c000-701632a93000 r-xp 00003000 103:07 9962382                   /usr/lib/x86_64-linux-gnu/libgcc_s.so.1
701632a93000-701632a97000 r--p 0001a000 103:07 9962382                   /usr/lib/x86_64-linux-gnu/libgcc_s.so.1
701632a97000-701632a98000 r--p 0001d000 103:07 9962382                   /usr/lib/x86_64-linux-gnu/libgcc_s.so.1
701632a98000-701632a99000 rw-p 0001e000 103:07 9962382                   /usr/lib/x86_64-linux-gnu/libgcc_s.so.1
701632aae000-701632ab0000 r--p 00000000 103:07 9968386                   /usr/lib/x86_64-linux-gnu/libmd.so.0.0.5
701632ab0000-701632ab7000 r-xp 00002000 103:07 9968386                   /usr/lib/x86_64-linux-gnu/libmd.so.0.0.5
701632ab7000-701632ab9000 r--p 00009000 103:07 9968386                   /usr/lib/x86_64-linux-gnu/libmd.so.0.0.5
701632ab9000-701632aba000 r--p 0000a000 103:07 9968386                   /usr/lib/x86_64-linux-gnu/libmd.so.0.0.5
701632aba000-701632abb000 rw-p 0000b000 103:07 9968386                   /usr/lib/x86_64-linux-gnu/libmd.so.0.0.5
701632abb000-701632abf000 r--p 00000000 103:07 9967720                   /usr/lib/x86_64-linux-gnu/libbsd.so.0.11.5
701632abf000-701632acc000 r-xp 00004000 103:07 9967720                   /usr/lib/x86_64-linux-gnu/libbsd.so.0.11.5
701632acc000-701632acf000 r--p 00011000 103:07 9967720                   /usr/lib/x86_64-linux-gnu/libbsd.so.0.11.5
701632acf000-701632ad0000 ---p 00014000 103:07 9967720                   /usr/lib/x86_64-linux-gnu/libbsd.so.0.11.5
701632ad0000-701632ad1000 r--p 00014000 103:07 9967720                   /usr/lib/x86_64-linux-gnu/libbsd.so.0.11.5
701632ad1000-701632ad2000 rw-p 00015000 103:07 9967720                   /usr/lib/x86_64-linux-gnu/libbsd.so.0.11.5
701632ad2000-701632ad3000 rw-p 00000000 00:00 0 
701632ad3000-701632ade000 r--p 00000000 103:07 9969041                   /usr/lib/x86_64-linux-gnu/libxcb.so.1.1.0
701632ade000-701632af2000 r-xp 0000b000 103:07 9969041                   /usr/lib/x86_64-linux-gnu/libxcb.so.1.1.0
701632af2000-701632afb000 r--p 0001f000 103:07 9969041                   /usr/lib/x86_64-linux-gnu/libxcb.so.1.1.0
701632afb000-701632afc000 r--p 00027000 103:07 9969041                   /usr/lib/x86_64-linux-gnu/libxcb.so.1.1.0
701632afc000-701632afd000 rw-p 00028000 103:07 9969041                   /usr/lib/x86_64-linux-gnu/libxcb.so.1.1.0
701632afd000-701632e00000 rw-p 00000000 00:00 0 
701632e00000-701632e2d000 r-xp 00000000 103:07 1733723                   /home/laurence/projects/iwoca/accelerate_runner/jre/lib/amd64/libjava.so
701632e2d000-70163302c000 ---p 0002d000 103:07 1733723                   /home/laurence/projects/iwoca/accelerate_runner/jre/lib/amd64/libjava.so
70163302c000-70163302d000 r--p 0002c000 103:07 1733723                   /home/laurence/projects/iwoca/accelerate_runner/jre/lib/amd64/libjava.so
70163302d000-70163302f000 rw-p 0002d000 103:07 1733723                   /home/laurence/projects/iwoca/accelerate_runner/jre/lib/amd64/libjava.so
70163302f000-701633031000 r--p 00000000 103:07 9967440                   /usr/lib/x86_64-linux-gnu/libXdmcp.so.6.0.0
701633031000-701633033000 r-xp 00002000 103:07 9967440                   /usr/lib/x86_64-linux-gnu/libXdmcp.so.6.0.0
701633033000-701633035000 r--p 00004000 103:07 9967440                   /usr/lib/x86_64-linux-gnu/libXdmcp.so.6.0.0
701633035000-701633036000 r--p 00005000 103:07 9967440                   /usr/lib/x86_64-linux-gnu/libXdmcp.so.6.0.0
701633036000-701633037000 rw-p 00006000 103:07 9967440                   /usr/lib/x86_64-linux-gnu/libXdmcp.so.6.0.0
701633037000-701633125000 r--s 02851000 103:07 1738034                   /home/laurence/projects/iwoca/accelerate_runner/record/bin/record-and-upload.jar
701633125000-7016332ff000 r--s 03d6c000 103:07 1733650                   /home/laurence/projects/iwoca/accelerate_runner/jre/lib/rt.jar
7016332ff000-701633300000 ---p 00000000 00:00 0 
701633300000-701633400000 rwxp 00000000 00:00 0 
701633400000-70163340d000 r-xp 00000000 103:07 1733682                   /home/laurence/projects/iwoca/accelerate_runner/jre/lib/amd64/libverify.so
70163340d000-70163360c000 ---p 0000d000 103:07 1733682                   /home/laurence/projects/iwoca/accelerate_runner/jre/lib/amd64/libverify.so
70163360c000-70163360e000 r--p 0000c000 103:07 1733682                   /home/laurence/projects/iwoca/accelerate_runner/jre/lib/amd64/libverify.so
70163360e000-70163360f000 rw-p 0000e000 103:07 1733682                   /home/laurence/projects/iwoca/accelerate_runner/jre/lib/amd64/libverify.so
701633614000-701633615000 r--p 00000000 103:07 9967429                   /usr/lib/x86_64-linux-gnu/libXau.so.6.0.0
701633615000-701633617000 r-xp 00001000 103:07 9967429                   /usr/lib/x86_64-linux-gnu/libXau.so.6.0.0
701633617000-701633618000 r--p 00003000 103:07 9967429                   /usr/lib/x86_64-linux-gnu/libXau.so.6.0.0
701633618000-701633619000 r--p 00003000 103:07 9967429                   /usr/lib/x86_64-linux-gnu/libXau.so.6.0.0
701633619000-70163361a000 rw-p 00004000 103:07 9967429                   /usr/lib/x86_64-linux-gnu/libXau.so.6.0.0
70163361a000-70163361d000 r--p 00000000 103:07 9967450                   /usr/lib/x86_64-linux-gnu/libXi.so.6.1.0
70163361d000-701633629000 r-xp 00003000 103:07 9967450                   /usr/lib/x86_64-linux-gnu/libXi.so.6.1.0
701633629000-70163362c000 r--p 0000f000 103:07 9967450                   /usr/lib/x86_64-linux-gnu/libXi.so.6.1.0
70163362c000-70163362d000 r--p 00011000 103:07 9967450                   /usr/lib/x86_64-linux-gnu/libXi.so.6.1.0
70163362d000-70163362e000 rw-p 00012000 103:07 9967450                   /usr/lib/x86_64-linux-gnu/libXi.so.6.1.0
70163362e000-701633630000 r--p 00000000 103:07 9967468                   /usr/lib/x86_64-linux-gnu/libXtst.so.6.1.0
701633630000-701633633000 r-xp 00002000 103:07 9967468                   /usr/lib/x86_64-linux-gnu/libXtst.so.6.1.0
701633633000-701633634000 r--p 00005000 103:07 9967468                   /usr/lib/x86_64-linux-gnu/libXtst.so.6.1.0
701633634000-701633635000 r--p 00005000 103:07 9967468                   /usr/lib/x86_64-linux-gnu/libXtst.so.6.1.0
701633635000-701633636000 rw-p 00006000 103:07 9967468                   /usr/lib/x86_64-linux-gnu/libXtst.so.6.1.0
701633636000-701633638000 r--p 00000000 103:07 9967462                   /usr/lib/x86_64-linux-gnu/libXrender.so.1.3.0
701633638000-70163363f000 r-xp 00002000 103:07 9967462                   /usr/lib/x86_64-linux-gnu/libXrender.so.1.3.0
70163363f000-701633641000 r--p 00009000 103:07 9967462                   /usr/lib/x86_64-linux-gnu/libXrender.so.1.3.0
701633641000-701633642000 r--p 0000a000 103:07 9967462                   /usr/lib/x86_64-linux-gnu/libXrender.so.1.3.0
701633642000-701633643000 rw-p 0000b000 103:07 9967462                   /usr/lib/x86_64-linux-gnu/libXrender.so.1.3.0
701633643000-701633647000 r--p 00000000 103:07 9967442                   /usr/lib/x86_64-linux-gnu/libXext.so.6.4.0
701633647000-701633652000 r-xp 00004000 103:07 9967442                   /usr/lib/x86_64-linux-gnu/libXext.so.6.4.0
701633652000-701633656000 r--p 0000f000 103:07 9967442                   /usr/lib/x86_64-linux-gnu/libXext.so.6.4.0
701633656000-701633657000 r--p 00012000 103:07 9967442                   /usr/lib/x86_64-linux-gnu/libXext.so.6.4.0
701633657000-701633658000 rw-p 00013000 103:07 9967442                   /usr/lib/x86_64-linux-gnu/libXext.so.6.4.0
70163365c000-70163365e000 r--p 00000000 103:07 9967436                   /usr/lib/x86_64-linux-gnu/libXcursor.so.1.0.2
70163365e000-701633664000 r-xp 00002000 103:07 9967436                   /usr/lib/x86_64-linux-gnu/libXcursor.so.1.0.2
701633664000-701633666000 r--p 00008000 103:07 9967436                   /usr/lib/x86_64-linux-gnu/libXcursor.so.1.0.2
701633666000-701633667000 r--p 00009000 103:07 9967436                   /usr/lib/x86_64-linux-gnu/libXcursor.so.1.0.2
701633667000-701633668000 rw-p 0000a000 103:07 9967436                   /usr/lib/x86_64-linux-gnu/libXcursor.so.1.0.2
701633668000-70163366d000 r--s 002f9000 103:07 1737978                   /home/laurence/projects/iwoca/accelerate_runner/jre/lib/charsets.jar
70163366d000-701633670000 ---p 00000000 00:00 0 
701633670000-7016336a6000 rwxp 00000000 00:00 0 
7016336a6000-7016336fd000 r--p 00000000 103:07 10114403                  /usr/lib/locale/C.utf8/LC_CTYPE
7016336fd000-7016336fe000 ---p 00000000 00:00 0 
7016336fe000-7016337fe000 rwxp 00000000 00:00 0 
7016337fe000-7016337ff000 ---p 00000000 00:00 0 
7016337ff000-7016338ff000 rwxp 00000000 00:00 0 
7016338ff000-701633900000 ---p 00000000 00:00 0 
701633900000-701633a00000 rwxp 00000000 00:00 0 
701633a00000-7016346e2000 r-xp 00000000 103:07 1733698                   /home/laurence/projects/iwoca/accelerate_runner/jre/lib/amd64/server/libjvm.so
7016346e2000-7016348e2000 ---p 00ce2000 103:07 1733698                   /home/laurence/projects/iwoca/accelerate_runner/jre/lib/amd64/server/libjvm.so
7016348e2000-701634978000 r--p 00ce2000 103:07 1733698                   /home/laurence/projects/iwoca/accelerate_runner/jre/lib/amd64/server/libjvm.so
701634978000-7016349a9000 rw-p 00d78000 103:07 1733698                   /home/laurence/projects/iwoca/accelerate_runner/jre/lib/amd64/server/libjvm.so
7016349a9000-7016349e4000 rw-p 00000000 00:00 0 
7016349e6000-7016349f9000 r--s 00345000 103:07 1737980                   /home/laurence/projects/iwoca/accelerate_runner/jre/lib/resources.jar
7016349f9000-7016349fe000 r--s 000a0000 103:07 1737972                   /home/laurence/projects/iwoca/accelerate_runner/jre/lib/jsse.jar
7016349fe000-7016349ff000 ---p 00000000 00:00 0 
7016349ff000-701634aff000 rwxp 00000000 00:00 0 
701634aff000-701634b00000 ---p 00000000 00:00 0 
701634b00000-701634c00000 rwxp 00000000 00:00 0 
701634c00000-701634c28000 r--p 00000000 103:07 9961549                   /usr/lib/x86_64-linux-gnu/libc.so.6
701634c28000-701634dbd000 r-xp 00028000 103:07 9961549                   /usr/lib/x86_64-linux-gnu/libc.so.6
701634dbd000-701634e15000 r--p 001bd000 103:07 9961549                   /usr/lib/x86_64-linux-gnu/libc.so.6
701634e15000-701634e16000 ---p 00215000 103:07 9961549                   /usr/lib/x86_64-linux-gnu/libc.so.6
701634e16000-701634e1a000 r--p 00215000 103:07 9961549                   /usr/lib/x86_64-linux-gnu/libc.so.6
701634e1a000-701634e1c000 rw-p 00219000 103:07 9961549                   /usr/lib/x86_64-linux-gnu/libc.so.6
701634e1c000-701634e29000 rw-p 00000000 00:00 0 
701634e2a000-701634e2d000 r--s 0001a000 103:07 1737992                   /home/laurence/projects/iwoca/accelerate_runner/jre/lib/jce.jar
701634e2d000-701634e2e000 r--p 00000000 103:07 9968504                   /usr/lib/x86_64-linux-gnu/libnss_mdns4_minimal.so.2
701634e2e000-701634e30000 r-xp 00001000 103:07 9968504                   /usr/lib/x86_64-linux-gnu/libnss_mdns4_minimal.so.2
701634e30000-701634e31000 r--p 00003000 103:07 9968504                   /usr/lib/x86_64-linux-gnu/libnss_mdns4_minimal.so.2
701634e31000-701634e32000 r--p 00003000 103:07 9968504                   /usr/lib/x86_64-linux-gnu/libnss_mdns4_minimal.so.2
701634e32000-701634e33000 rw-p 00004000 103:07 9968504                   /usr/lib/x86_64-linux-gnu/libnss_mdns4_minimal.so.2
701634e33000-701634e34000 r--p 00000000 103:07 1582161                   /usr/share/locale-langpack/en_GB/LC_MESSAGES/libc.mo
701634e34000-701634e39000 r--s 0003f000 103:07 1733676                   /home/laurence/projects/iwoca/accelerate_runner/jre/lib/ext/sunjce_provider.jar
701634e39000-701634e3a000 r--p 00000000 103:07 10096132                  /usr/lib/locale/aa_ET/LC_NUMERIC
701634e3a000-701634eff000 rw-p 00000000 00:00 0 
701634eff000-701634f00000 ---p 00000000 00:00 0 
701634f00000-701635000000 rwxp 00000000 00:00 0 
701635000000-701635017000 r-xp 00000000 103:07 1733690                   /home/laurence/projects/iwoca/accelerate_runner/jre/lib/amd64/jli/libjli.so
701635017000-701635216000 ---p 00017000 103:07 1733690                   /home/laurence/projects/iwoca/accelerate_runner/jre/lib/amd64/jli/libjli.so
701635216000-701635217000 r--p 00016000 103:07 1733690                   /home/laurence/projects/iwoca/accelerate_runner/jre/lib/amd64/jli/libjli.so
701635217000-701635218000 rw-p 00017000 103:07 1733690                   /home/laurence/projects/iwoca/accelerate_runner/jre/lib/amd64/jli/libjli.so
701635218000-701635219000 r--p 00000000 103:07 10112428                  /usr/lib/locale/en_GB.utf8/LC_TIME
701635219000-70163521a000 r--p 00000000 103:07 10112200                  /usr/lib/locale/cy_GB.utf8/LC_MONETARY
70163521a000-70163521b000 r--p 00000000 103:07 10112359                  /usr/lib/locale/en_AG/LC_MESSAGES/SYS_LC_MESSAGES
70163521b000-70163521c000 r--p 00000000 103:07 10114410                  /usr/lib/locale/C.utf8/LC_PAPER
70163521c000-70163529d000 rw-p 00000000 00:00 0 
70163529d000-70163529e000 ---p 00000000 00:00 0 
70163529e000-70163539e000 rwxp 00000000 00:00 0 
70163539e000-70163539f000 r--p 00000000 103:07 9963727                   /usr/lib/x86_64-linux-gnu/librt.so.1
70163539f000-7016353a0000 r-xp 00001000 103:07 9963727                   /usr/lib/x86_64-linux-gnu/librt.so.1
7016353a0000-7016353a1000 r--p 00002000 103:07 9963727                   /usr/lib/x86_64-linux-gnu/librt.so.1
7016353a1000-7016353a2000 r--p 00002000 103:07 9963727                   /usr/lib/x86_64-linux-gnu/librt.so.1
7016353a2000-7016353a3000 rw-p 00003000 103:07 9963727                   /usr/lib/x86_64-linux-gnu/librt.so.1
7016353a3000-7016353a4000 ---p 00000000 00:00 0 
7016353a4000-7016353a7000 ---p 00000000 00:00 0 
7016353a7000-7016354a4000 rwxp 00000000 00:00 0 
7016354a4000-7016354b2000 r--p 00000000 103:07 9963621                   /usr/lib/x86_64-linux-gnu/libm.so.6
7016354b2000-70163552e000 r-xp 0000e000 103:07 9963621                   /usr/lib/x86_64-linux-gnu/libm.so.6
70163552e000-701635589000 r--p 0008a000 103:07 9963621                   /usr/lib/x86_64-linux-gnu/libm.so.6
701635589000-70163558a000 r--p 000e4000 103:07 9963621                   /usr/lib/x86_64-linux-gnu/libm.so.6
70163558a000-70163558b000 rw-p 000e5000 103:07 9963621                   /usr/lib/x86_64-linux-gnu/libm.so.6
70163558b000-70163558d000 rw-p 00000000 00:00 0 
70163558d000-70163558e000 r--p 00000000 103:07 9963616                   /usr/lib/x86_64-linux-gnu/libdl.so.2
70163558e000-70163558f000 r-xp 00001000 103:07 9963616                   /usr/lib/x86_64-linux-gnu/libdl.so.2
70163558f000-701635590000 r--p 00002000 103:07 9963616                   /usr/lib/x86_64-linux-gnu/libdl.so.2
701635590000-701635591000 r--p 00002000 103:07 9963616                   /usr/lib/x86_64-linux-gnu/libdl.so.2
701635591000-701635592000 rw-p 00003000 103:07 9963616                   /usr/lib/x86_64-linux-gnu/libdl.so.2
701635592000-701635593000 r--p 00000000 103:07 9963711                   /usr/lib/x86_64-linux-gnu/libpthread.so.0
701635593000-701635594000 r-xp 00001000 103:07 9963711                   /usr/lib/x86_64-linux-gnu/libpthread.so.0
701635594000-701635595000 r--p 00002000 103:07 9963711                   /usr/lib/x86_64-linux-gnu/libpthread.so.0
701635595000-701635596000 r--p 00002000 103:07 9963711                   /usr/lib/x86_64-linux-gnu/libpthread.so.0
701635596000-701635597000 rw-p 00003000 103:07 9963711                   /usr/lib/x86_64-linux-gnu/libpthread.so.0
701635597000-701635598000 r--p 00000000 103:07 10110889                  /usr/lib/locale/bi_VU/LC_NAME
701635598000-701635599000 r--p 00000000 103:07 10112426                  /usr/lib/locale/en_GB.utf8/LC_ADDRESS
701635599000-70163559a000 r--p 00000000 103:07 10112201                  /usr/lib/locale/cy_GB.utf8/LC_TELEPHONE
70163559a000-70163559b000 r--p 00000000 103:07 10114405                  /usr/lib/locale/C.utf8/LC_MEASUREMENT
70163559b000-7016355a2000 r--s 00000000 103:07 531669                    /usr/lib/x86_64-linux-gnu/gconv/gconv-modules.cache
7016355a2000-7016355a3000 r--p 00000000 103:07 10112427                  /usr/lib/locale/en_GB.utf8/LC_IDENTIFICATION
7016355a3000-7016355ab000 rw-s 00000000 103:07 6422530                   /tmp/hsperfdata_laurence/19085
7016355ab000-7016355ae000 rw-p 00000000 00:00 0 
7016355ae000-7016355b0000 r--p 00000000 103:07 9961521                   /usr/lib/x86_64-linux-gnu/ld-linux-x86-64.so.2
7016355b0000-7016355da000 r-xp 00002000 103:07 9961521                   /usr/lib/x86_64-linux-gnu/ld-linux-x86-64.so.2
7016355da000-7016355e5000 r--p 0002c000 103:07 9961521                   /usr/lib/x86_64-linux-gnu/ld-linux-x86-64.so.2
7016355e5000-7016355e6000 r--p 00000000 00:00 0 
7016355e6000-7016355e8000 r--p 00037000 103:07 9961521                   /usr/lib/x86_64-linux-gnu/ld-linux-x86-64.so.2
7016355e8000-7016355ea000 rw-p 00039000 103:07 9961521                   /usr/lib/x86_64-linux-gnu/ld-linux-x86-64.so.2
7fffab084000-7fffab0a4000 rwxp 00000000 00:00 0                          [stack]
7fffab0a4000-7fffab0a6000 rw-p 00000000 00:00 0 
7fffab1d7000-7fffab1db000 r--p 00000000 00:00 0                          [vvar]
7fffab1db000-7fffab1dd000 r-xp 00000000 00:00 0                          [vdso]
ffffffffff600000-ffffffffff601000 --xp 00000000 00:00 0                  [vsyscall]

VM Arguments:
jvm_args: -Dlogback.enableJansi=true 
java_command: /home/laurence/projects/iwoca/accelerate_runner/record/bin/record-and-upload.jar --config /home/laurence/projects/iwoca/accelerate_runner/config/credentials.config --store /home/laurence/projects/iwoca/accelerate_runner/record/localstore --sourcecode /home/laurence/projects/iwoca/accelerate_runner
java_class_path (initial): /home/laurence/projects/iwoca/accelerate_runner/record/bin/record-and-upload.jar
Launcher Type: SUN_STANDARD

Environment Variables:
PATH=/home/laurence/.vscode/extensions/ms-python.python-2024.14.1-linux-x64/python_files/deactivate/bash:/home/laurence/projects/iwoca/accelerate_runner/env/bin:/home/laurence/.vscode/extensions/ms-python.python-2024.14.1-linux-x64/python_files/deactivate/bash:/home/laurence/projects/iwoca/accelerate_runner/env/bin:/home/laurence/.elan/bin:/home/laurence/.local/bin:/home/laurence/.elan/bin:/home/laurence/.local/bin:/usr/local/sbin:/usr/local/bin:/usr/sbin:/usr/bin:/sbin:/bin:/usr/games:/usr/local/games:/snap/bin:/snap/bin:/usr/local/go/bin:/home/laurence/go/bin:/usr/local/go/bin:/home/laurence/go/bin
USERNAME=laurence
SHELL=/bin/bash
DISPLAY=:0

Signal Handlers:
SIGSEGV: [libjvm.so+0xaced60], sa_mask[0]=11111111011111111101111111111110, sa_flags=SA_RESTART|SA_SIGINFO
SIGBUS: [libjvm.so+0xaced60], sa_mask[0]=11111111011111111101111111111110, sa_flags=SA_RESTART|SA_SIGINFO
SIGFPE: [libjvm.so+0x907ca0], sa_mask[0]=11111111011111111101111111111110, sa_flags=SA_RESTART|SA_SIGINFO
SIGPIPE: [libjvm.so+0x907ca0], sa_mask[0]=11111111011111111101111111111110, sa_flags=SA_RESTART|SA_SIGINFO
SIGXFSZ: [libjvm.so+0x907ca0], sa_mask[0]=11111111011111111101111111111110, sa_flags=SA_RESTART|SA_SIGINFO
SIGILL: [libjvm.so+0x907ca0], sa_mask[0]=11111111011111111101111111111110, sa_flags=SA_RESTART|SA_SIGINFO
SIGUSR1: SIG_DFL, sa_mask[0]=00000000000000000000000000000000, sa_flags=none
SIGUSR2: [libjvm.so+0x907b70], sa_mask[0]=00000000000000000000000000000000, sa_flags=SA_RESTART|SA_SIGINFO
SIGHUP: [libjvm.so+0x908190], sa_mask[0]=11111111011111111101111111111110, sa_flags=SA_RESTART|SA_SIGINFO
SIGINT: [libjvm.so+0x908190], sa_mask[0]=11111111011111111101111111111110, sa_flags=SA_RESTART|SA_SIGINFO
SIGTERM: [libjvm.so+0x908190], sa_mask[0]=11111111011111111101111111111110, sa_flags=SA_RESTART|SA_SIGINFO
SIGQUIT: [libjvm.so+0x908190], sa_mask[0]=11111111011111111101111111111110, sa_flags=SA_RESTART|SA_SIGINFO


---------------  S Y S T E M  ---------------

OS:DISTRIB_ID=Ubuntu
DISTRIB_RELEASE=22.04
DISTRIB_CODENAME=jammy
DISTRIB_DESCRIPTION="Ubuntu 22.04.5 LTS"

uname:Linux 6.8.0-57-generic #59~22.04.1-Ubuntu SMP PREEMPT_DYNAMIC Wed Mar 19 17:07:41 UTC 2 x86_64
libc:glibc 2.35 NPTL 2.35 
rlimit: STACK 8192k, CORE 0k, NPROC 30369, NOFILE 1048576, AS infinity
load average:1.09 1.12 0.97

/proc/meminfo:
MemTotal:        7853972 kB
MemFree:          247548 kB
MemAvailable:    2847444 kB
Buffers:          105964 kB
Cached:          3217572 kB
SwapCached:         5932 kB
Active:          3088548 kB
Inactive:        3633004 kB
Active(anon):    2516600 kB
Inactive(anon):  1528544 kB
Active(file):     571948 kB
Inactive(file):  2104460 kB
Unevictable:      175324 kB
Mlocked:              16 kB
SwapTotal:       2097148 kB
SwapFree:        2019836 kB
Zswap:                 0 kB
Zswapped:              0 kB
Dirty:                40 kB
Writeback:             0 kB
AnonPages:       3567720 kB
Mapped:           661204 kB
Shmem:            647128 kB
KReclaimable:     234216 kB
Slab:             456128 kB
SReclaimable:     234216 kB
SUnreclaim:       221912 kB
KernelStack:       23328 kB
PageTables:        55836 kB
SecPageTables:         0 kB
NFS_Unstable:          0 kB
Bounce:                0 kB
WritebackTmp:          0 kB
CommitLimit:     6024132 kB
Committed_AS:   12286548 kB
VmallocTotal:   34359738367 kB
VmallocUsed:       59152 kB
VmallocChunk:          0 kB
Percpu:             8768 kB
HardwareCorrupted:     0 kB
AnonHugePages:     28672 kB
ShmemHugePages:   485376 kB
ShmemPmdMapped:        0 kB
FileHugePages:         0 kB
FilePmdMapped:         0 kB
Unaccepted:            0 kB
HugePages_Total:       0
HugePages_Free:        0
HugePages_Rsvd:        0
HugePages_Surp:        0
Hugepagesize:       2048 kB
Hugetlb:               0 kB
DirectMap4k:      251396 kB
DirectMap2M:     5761024 kB
DirectMap1G:     3145728 kB


CPU:total 8 (initial active 8) (4 cores per cpu, 2 threads per core) family 6 model 140 stepping 1, cmov, cx8, fxsr, mmx, sse, sse2, sse3, ssse3, sse4.1, sse4.2, popcnt, avx, avx2, aes, clmul, erms, 3dnowpref, lzcnt, ht, tsc, tscinvbit, bmi1, bmi2, adx

/proc/cpuinfo:
processor	: 0
vendor_id	: GenuineIntel
cpu family	: 6
model		: 140
model name	: 11th Gen Intel(R) Core(TM) i7-1165G7 @ 2.80GHz
stepping	: 1
microcode	: 0xba
cpu MHz		: 1299.973
cache size	: 12288 KB
physical id	: 0
siblings	: 8
core id		: 0
cpu cores	: 4
apicid		: 0
initial apicid	: 0
fpu		: yes
fpu_exception	: yes
cpuid level	: 27
wp		: yes
flags		: fpu vme de pse tsc msr pae mce cx8 apic sep mtrr pge mca cmov pat pse36 clflush dts acpi mmx fxsr sse sse2 ss ht tm pbe syscall nx pdpe1gb rdtscp lm constant_tsc art arch_perfmon pebs bts rep_good nopl xtopology nonstop_tsc cpuid aperfmperf tsc_known_freq pni pclmulqdq dtes64 monitor ds_cpl vmx est tm2 ssse3 sdbg fma cx16 xtpr pdcm pcid sse4_1 sse4_2 x2apic movbe popcnt tsc_deadline_timer aes xsave avx f16c rdrand lahf_lm abm 3dnowprefetch cpuid_fault epb cat_l2 cdp_l2 ssbd ibrs ibpb stibp ibrs_enhanced tpr_shadow flexpriority ept vpid ept_ad fsgsbase tsc_adjust bmi1 avx2 smep bmi2 erms invpcid rdt_a avx512f avx512dq rdseed adx smap avx512ifma clflushopt clwb intel_pt avx512cd sha_ni avx512bw avx512vl xsaveopt xsavec xgetbv1 xsaves split_lock_detect user_shstk dtherm ida arat pln pts hwp hwp_notify hwp_act_window hwp_epp hwp_pkg_req vnmi avx512vbmi umip pku ospke avx512_vbmi2 gfni vaes vpclmulqdq avx512_vnni avx512_bitalg avx512_vpopcntdq rdpid movdiri movdir64b fsrm avx512_vp2intersect md_clear ibt flush_l1d arch_capabilities
vmx flags	: vnmi preemption_timer posted_intr invvpid ept_x_only ept_ad ept_1gb flexpriority apicv tsc_offset vtpr mtf vapic ept vpid unrestricted_guest vapic_reg vid ple pml ept_mode_based_exec tsc_scaling
bugs		: spectre_v1 spectre_v2 spec_store_bypass swapgs eibrs_pbrsb gds bhi
bogomips	: 5606.40
clflush size	: 64
cache_alignment	: 64
address sizes	: 39 bits physical, 48 bits virtual
power management:

processor	: 1
vendor_id	: GenuineIntel
cpu family	: 6
model		: 140
model name	: 11th Gen Intel(R) Core(TM) i7-1165G7 @ 2.80GHz
stepping	: 1
microcode	: 0xba
cpu MHz		: 1300.000
cache size	: 12288 KB
physical id	: 0
siblings	: 8
core id		: 1
cpu cores	: 4
apicid		: 2
initial apicid	: 2
fpu		: yes
fpu_exception	: yes
cpuid level	: 27
wp		: yes
flags		: fpu vme de pse tsc msr pae mce cx8 apic sep mtrr pge mca cmov pat pse36 clflush dts acpi mmx fxsr sse sse2 ss ht tm pbe syscall nx pdpe1gb rdtscp lm constant_tsc art arch_perfmon pebs bts rep_good nopl xtopology nonstop_tsc cpuid aperfmperf tsc_known_freq pni pclmulqdq dtes64 monitor ds_cpl vmx est tm2 ssse3 sdbg fma cx16 xtpr pdcm pcid sse4_1 sse4_2 x2apic movbe popcnt tsc_deadline_timer aes xsave avx f16c rdrand lahf_lm abm 3dnowprefetch cpuid_fault epb cat_l2 cdp_l2 ssbd ibrs ibpb stibp ibrs_enhanced tpr_shadow flexpriority ept vpid ept_ad fsgsbase tsc_adjust bmi1 avx2 smep bmi2 erms invpcid rdt_a avx512f avx512dq rdseed adx smap avx512ifma clflushopt clwb intel_pt avx512cd sha_ni avx512bw avx512vl xsaveopt xsavec xgetbv1 xsaves split_lock_detect user_shstk dtherm ida arat pln pts hwp hwp_notify hwp_act_window hwp_epp hwp_pkg_req vnmi avx512vbmi umip pku ospke avx512_vbmi2 gfni vaes vpclmulqdq avx512_vnni avx512_bitalg avx512_vpopcntdq rdpid movdiri movdir64b fsrm avx512_vp2intersect md_clear ibt flush_l1d arch_capabilities
vmx flags	: vnmi preemption_timer posted_intr invvpid ept_x_only ept_ad ept_1gb flexpriority apicv tsc_offset vtpr mtf vapic ept vpid unrestricted_guest vapic_reg vid ple pml ept_mode_based_exec tsc_scaling
bugs		: spectre_v1 spectre_v2 spec_store_bypass swapgs eibrs_pbrsb gds bhi
bogomips	: 5606.40
clflush size	: 64
cache_alignment	: 64
address sizes	: 39 bits physical, 48 bits virtual
power management:

processor	: 2
vendor_id	: GenuineIntel
cpu family	: 6
model		: 140
model name	: 11th Gen Intel(R) Core(TM) i7-1165G7 @ 2.80GHz
stepping	: 1
microcode	: 0xba
cpu MHz		: 1300.000
cache size	: 12288 KB
physical id	: 0
siblings	: 8
core id		: 2
cpu cores	: 4
apicid		: 4
initial apicid	: 4
fpu		: yes
fpu_exception	: yes
cpuid level	: 27
wp		: yes
flags		: fpu vme de pse tsc msr pae mce cx8 apic sep mtrr pge mca cmov pat pse36 clflush dts acpi mmx fxsr sse sse2 ss ht tm pbe syscall nx pdpe1gb rdtscp lm constant_tsc art arch_perfmon pebs bts rep_good nopl xtopology nonstop_tsc cpuid aperfmperf tsc_known_freq pni pclmulqdq dtes64 monitor ds_cpl vmx est tm2 ssse3 sdbg fma cx16 xtpr pdcm pcid sse4_1 sse4_2 x2apic movbe popcnt tsc_deadline_timer aes xsave avx f16c rdrand lahf_lm abm 3dnowprefetch cpuid_fault epb cat_l2 cdp_l2 ssbd ibrs ibpb stibp ibrs_enhanced tpr_shadow flexpriority ept vpid ept_ad fsgsbase tsc_adjust bmi1 avx2 smep bmi2 erms invpcid rdt_a avx512f avx512dq rdseed adx smap avx512ifma clflushopt clwb intel_pt avx512cd sha_ni avx512bw avx512vl xsaveopt xsavec xgetbv1 xsaves split_lock_detect user_shstk dtherm ida arat pln pts hwp hwp_notify hwp_act_window hwp_epp hwp_pkg_req vnmi avx512vbmi umip pku ospke avx512_vbmi2 gfni vaes vpclmulqdq avx512_vnni avx512_bitalg avx512_vpopcntdq rdpid movdiri movdir64b fsrm avx512_vp2intersect md_clear ibt flush_l1d arch_capabilities
vmx flags	: vnmi preemption_timer posted_intr invvpid ept_x_only ept_ad ept_1gb flexpriority apicv tsc_offset vtpr mtf vapic ept vpid unrestricted_guest vapic_reg vid ple pml ept_mode_based_exec tsc_scaling
bugs		: spectre_v1 spectre_v2 spec_store_bypass swapgs eibrs_pbrsb gds bhi
bogomips	: 5606.40
clflush size	: 64
cache_alignment	: 64
address sizes	: 39 bits physical, 48 bits virtual
power management:

processor	: 3
vendor_id	: GenuineIntel
cpu family	: 6
model		: 140
model name	: 11th Gen Intel(R) Core(TM) i7-1165G7 @ 2.80GHz
stepping	: 1
microcode	: 0xba
cpu MHz		: 1299.986
cache size	: 12288 KB
physical id	: 0
siblings	: 8
core id		: 3
cpu cores	: 4
apicid		: 6
initial apicid	: 6
fpu		: yes
fpu_exception	: yes
cpuid level	: 27
wp		: yes
flags		: fpu vme de pse tsc msr pae mce cx8 apic sep mtrr pge mca cmov pat pse36 clflush dts acpi mmx fxsr sse sse2 ss ht tm pbe syscall nx pdpe1gb rdtscp lm constant_tsc art arch_perfmon pebs bts rep_good nopl xtopology nonstop_tsc cpuid aperfmperf tsc_known_freq pni pclmulqdq dtes64 monitor ds_cpl vmx est tm2 ssse3 sdbg fma cx16 xtpr pdcm pcid sse4_1 sse4_2 x2apic movbe popcnt tsc_deadline_timer aes xsave avx f16c rdrand lahf_lm abm 3dnowprefetch cpuid_fault epb cat_l2 cdp_l2 ssbd ibrs ibpb stibp ibrs_enhanced tpr_shadow flexpriority ept vpid ept_ad fsgsbase tsc_adjust bmi1 avx2 smep bmi2 erms invpcid rdt_a avx512f avx512dq rdseed adx smap avx512ifma clflushopt clwb intel_pt avx512cd sha_ni avx512bw avx512vl xsaveopt xsavec xgetbv1 xsaves split_lock_detect user_shstk dtherm ida arat pln pts hwp hwp_notify hwp_act_window hwp_epp hwp_pkg_req vnmi avx512vbmi umip pku ospke avx512_vbmi2 gfni vaes vpclmulqdq avx512_vnni avx512_bitalg avx512_vpopcntdq rdpid movdiri movdir64b fsrm avx512_vp2intersect md_clear ibt flush_l1d arch_capabilities
vmx flags	: vnmi preemption_timer posted_intr invvpid ept_x_only ept_ad ept_1gb flexpriority apicv tsc_offset vtpr mtf vapic ept vpid unrestricted_guest vapic_reg vid ple pml ept_mode_based_exec tsc_scaling
bugs		: spectre_v1 spectre_v2 spec_store_bypass swapgs eibrs_pbrsb gds bhi
bogomips	: 5606.40
clflush size	: 64
cache_alignment	: 64
address sizes	: 39 bits physical, 48 bits virtual
power management:

processor	: 4
vendor_id	: GenuineIntel
cpu family	: 6
model		: 140
model name	: 11th Gen Intel(R) Core(TM) i7-1165G7 @ 2.80GHz
stepping	: 1
microcode	: 0xba
cpu MHz		: 1299.986
cache size	: 12288 KB
physical id	: 0
siblings	: 8
core id		: 0
cpu cores	: 4
apicid		: 1
initial apicid	: 1
fpu		: yes
fpu_exception	: yes
cpuid level	: 27
wp		: yes
flags		: fpu vme de pse tsc msr pae mce cx8 apic sep mtrr pge mca cmov pat pse36 clflush dts acpi mmx fxsr sse sse2 ss ht tm pbe syscall nx pdpe1gb rdtscp lm constant_tsc art arch_perfmon pebs bts rep_good nopl xtopology nonstop_tsc cpuid aperfmperf tsc_known_freq pni pclmulqdq dtes64 monitor ds_cpl vmx est tm2 ssse3 sdbg fma cx16 xtpr pdcm pcid sse4_1 sse4_2 x2apic movbe popcnt tsc_deadline_timer aes xsave avx f16c rdrand lahf_lm abm 3dnowprefetch cpuid_fault epb cat_l2 cdp_l2 ssbd ibrs ibpb stibp ibrs_enhanced tpr_shadow flexpriority ept vpid ept_ad fsgsbase tsc_adjust bmi1 avx2 smep bmi2 erms invpcid rdt_a avx512f avx512dq rdseed adx smap avx512ifma clflushopt clwb intel_pt avx512cd sha_ni avx512bw avx512vl xsaveopt xsavec xgetbv1 xsaves split_lock_detect user_shstk dtherm ida arat pln pts hwp hwp_notify hwp_act_window hwp_epp hwp_pkg_req vnmi avx512vbmi umip pku ospke avx512_vbmi2 gfni vaes vpclmulqdq avx512_vnni avx512_bitalg avx512_vpopcntdq rdpid movdiri movdir64b fsrm avx512_vp2intersect md_clear ibt flush_l1d arch_capabilities
vmx flags	: vnmi preemption_timer posted_intr invvpid ept_x_only ept_ad ept_1gb flexpriority apicv tsc_offset vtpr mtf vapic ept vpid unrestricted_guest vapic_reg vid ple pml ept_mode_based_exec tsc_scaling
bugs		: spectre_v1 spectre_v2 spec_store_bypass swapgs eibrs_pbrsb gds bhi
bogomips	: 5606.40
clflush size	: 64
cache_alignment	: 64
address sizes	: 39 bits physical, 48 bits virtual
power management:

processor	: 5
vendor_id	: GenuineIntel
cpu family	: 6
model		: 140
model name	: 11th Gen Intel(R) Core(TM) i7-1165G7 @ 2.80GHz
stepping	: 1
microcode	: 0xba
cpu MHz		: 1300.000
cache size	: 12288 KB
physical id	: 0
siblings	: 8
core id		: 1
cpu cores	: 4
apicid		: 3
initial apicid	: 3
fpu		: yes
fpu_exception	: yes
cpuid level	: 27
wp		: yes
flags		: fpu vme de pse tsc msr pae mce cx8 apic sep mtrr pge mca cmov pat pse36 clflush dts acpi mmx fxsr sse sse2 ss ht tm pbe syscall nx pdpe1gb rdtscp lm constant_tsc art arch_perfmon pebs bts rep_good nopl xtopology nonstop_tsc cpuid aperfmperf tsc_known_freq pni pclmulqdq dtes64 monitor ds_cpl vmx est tm2 ssse3 sdbg fma cx16 xtpr pdcm pcid sse4_1 sse4_2 x2apic movbe popcnt tsc_deadline_timer aes xsave avx f16c rdrand lahf_lm abm 3dnowprefetch cpuid_fault epb cat_l2 cdp_l2 ssbd ibrs ibpb stibp ibrs_enhanced tpr_shadow flexpriority ept vpid ept_ad fsgsbase tsc_adjust bmi1 avx2 smep bmi2 erms invpcid rdt_a avx512f avx512dq rdseed adx smap avx512ifma clflushopt clwb intel_pt avx512cd sha_ni avx512bw avx512vl xsaveopt xsavec xgetbv1 xsaves split_lock_detect user_shstk dtherm ida arat pln pts hwp hwp_notify hwp_act_window hwp_epp hwp_pkg_req vnmi avx512vbmi umip pku ospke avx512_vbmi2 gfni vaes vpclmulqdq avx512_vnni avx512_bitalg avx512_vpopcntdq rdpid movdiri movdir64b fsrm avx512_vp2intersect md_clear ibt flush_l1d arch_capabilities
vmx flags	: vnmi preemption_timer posted_intr invvpid ept_x_only ept_ad ept_1gb flexpriority apicv tsc_offset vtpr mtf vapic ept vpid unrestricted_guest vapic_reg vid ple pml ept_mode_based_exec tsc_scaling
bugs		: spectre_v1 spectre_v2 spec_store_bypass swapgs eibrs_pbrsb gds bhi
bogomips	: 5606.40
clflush size	: 64
cache_alignment	: 64
address sizes	: 39 bits physical, 48 bits virtual
power management:

processor	: 6
vendor_id	: GenuineIntel
cpu family	: 6
model		: 140
model name	: 11th Gen Intel(R) Core(TM) i7-1165G7 @ 2.80GHz
stepping	: 1
microcode	: 0xba
cpu MHz		: 1299.973
cache size	: 12288 KB
physical id	: 0
siblings	: 8
core id		: 2
cpu cores	: 4
apicid		: 5
initial apicid	: 5
fpu		: yes
fpu_exception	: yes
cpuid level	: 27
wp		: yes
flags		: fpu vme de pse tsc msr pae mce cx8 apic sep mtrr pge mca cmov pat pse36 clflush dts acpi mmx fxsr sse sse2 ss ht tm pbe syscall nx pdpe1gb rdtscp lm constant_tsc art arch_perfmon pebs bts rep_good nopl xtopology nonstop_tsc cpuid aperfmperf tsc_known_freq pni pclmulqdq dtes64 monitor ds_cpl vmx est tm2 ssse3 sdbg fma cx16 xtpr pdcm pcid sse4_1 sse4_2 x2apic movbe popcnt tsc_deadline_timer aes xsave avx f16c rdrand lahf_lm abm 3dnowprefetch cpuid_fault epb cat_l2 cdp_l2 ssbd ibrs ibpb stibp ibrs_enhanced tpr_shadow flexpriority ept vpid ept_ad fsgsbase tsc_adjust bmi1 avx2 smep bmi2 erms invpcid rdt_a avx512f avx512dq rdseed adx smap avx512ifma clflushopt clwb intel_pt avx512cd sha_ni avx512bw avx512vl xsaveopt xsavec xgetbv1 xsaves split_lock_detect user_shstk dtherm ida arat pln pts hwp hwp_notify hwp_act_window hwp_epp hwp_pkg_req vnmi avx512vbmi umip pku ospke avx512_vbmi2 gfni vaes vpclmulqdq avx512_vnni avx512_bitalg avx512_vpopcntdq rdpid movdiri movdir64b fsrm avx512_vp2intersect md_clear ibt flush_l1d arch_capabilities
vmx flags	: vnmi preemption_timer posted_intr invvpid ept_x_only ept_ad ept_1gb flexpriority apicv tsc_offset vtpr mtf vapic ept vpid unrestricted_guest vapic_reg vid ple pml ept_mode_based_exec tsc_scaling
bugs		: spectre_v1 spectre_v2 spec_store_bypass swapgs eibrs_pbrsb gds bhi
bogomips	: 5606.40
clflush size	: 64
cache_alignment	: 64
address sizes	: 39 bits physical, 48 bits virtual
power management:

processor	: 7
vendor_id	: GenuineIntel
cpu family	: 6
model		: 140
model name	: 11th Gen Intel(R) Core(TM) i7-1165G7 @ 2.80GHz
stepping	: 1
microcode	: 0xba
cpu MHz		: 1299.972
cache size	: 12288 KB
physical id	: 0
siblings	: 8
core id		: 3
cpu cores	: 4
apicid		: 7
initial apicid	: 7
fpu		: yes
fpu_exception	: yes
cpuid level	: 27
wp		: yes
flags		: fpu vme de pse tsc msr pae mce cx8 apic sep mtrr pge mca cmov pat pse36 clflush dts acpi mmx fxsr sse sse2 ss ht tm pbe syscall nx pdpe1gb rdtscp lm constant_tsc art arch_perfmon pebs bts rep_good nopl xtopology nonstop_tsc cpuid aperfmperf tsc_known_freq pni pclmulqdq dtes64 monitor ds_cpl vmx est tm2 ssse3 sdbg fma cx16 xtpr pdcm pcid sse4_1 sse4_2 x2apic movbe popcnt tsc_deadline_timer aes xsave avx f16c rdrand lahf_lm abm 3dnowprefetch cpuid_fault epb cat_l2 cdp_l2 ssbd ibrs ibpb stibp ibrs_enhanced tpr_shadow flexpriority ept vpid ept_ad fsgsbase tsc_adjust bmi1 avx2 smep bmi2 erms invpcid rdt_a avx512f avx512dq rdseed adx smap avx512ifma clflushopt clwb intel_pt avx512cd sha_ni avx512bw avx512vl xsaveopt xsavec xgetbv1 xsaves split_lock_detect user_shstk dtherm ida arat pln pts hwp hwp_notify hwp_act_window hwp_epp hwp_pkg_req vnmi avx512vbmi umip pku ospke avx512_vbmi2 gfni vaes vpclmulqdq avx512_vnni avx512_bitalg avx512_vpopcntdq rdpid movdiri movdir64b fsrm avx512_vp2intersect md_clear ibt flush_l1d arch_capabilities
vmx flags	: vnmi preemption_timer posted_intr invvpid ept_x_only ept_ad ept_1gb flexpriority apicv tsc_offset vtpr mtf vapic ept vpid unrestricted_guest vapic_reg vid ple pml ept_mode_based_exec tsc_scaling
bugs		: spectre_v1 spectre_v2 spec_store_bypass swapgs eibrs_pbrsb gds bhi
bogomips	: 5606.40
clflush size	: 64
cache_alignment	: 64
address sizes	: 39 bits physical, 48 bits virtual
power management:



Memory: 4k page, physical 7853972k(247548k free), swap 2097148k(2019836k free)

vm_info: Java HotSpot(TM) 64-Bit Server VM (25.191-b12) for linux-amd64 JRE (1.8.0_191-b12), built on Oct  6 2018 05:43:09 by "java_re" with gcc 7.3.0

time: Sun Apr 13 13:26:12 2025
elapsed time: 3 seconds (0d 0h 0m 3s)

