#
# A fatal error has been detected by the Java Runtime Environment:
#
#  SIGSEGV (0xb) at pc=0x000070e0eac3fc39, pid=7563, tid=0x000070e0f80ff640
#
# JRE version: Java(TM) SE Runtime Environment (8.0_191-b12) (build 1.8.0_191-b12)
# Java VM: Java HotSpot(TM) 64-Bit Server VM (25.191-b12 mixed mode linux-amd64 compressed oops)
# Problematic frame:
# C  [libawt_xawt.so+0x3fc39]  ReadRegionsInList.constprop.5+0x4e9
#
# Failed to write core dump. Core dumps have been disabled. To enable core dumping, try "ulimit -c unlimited" before starting Java again
#
# If you would like to submit a bug report, please visit:
#   http://bugreport.java.com/bugreport/crash.jsp
# The crash happened outside the Java Virtual Machine in native code.
# See problematic frame for where to report the bug.
#

---------------  T H R E A D  ---------------

Current thread (0x000070e10c89f800):  JavaThread "VideoRec" [_thread_in_native, id=7603, stack(0x000070e0f8000000,0x000070e0f8100000)]

siginfo: si_signo: 11 (SIGSEGV), si_code: 1 (SEGV_MAPERR), si_addr: 0x0000000000000068

Registers:
RAX=0x0000000000000780, RBX=0x0000000000000000, RCX=0x0000000000000780, RDX=0x0000000000000000
RSP=0x000070e0f80fe250, RBP=0x000070e0f80fe330, RSI=0x0000000000000000, RDI=0x0000000000000000
R8 =0x000070e0f80fe2f4, R9 =0x0000000000000002, R10=0x000070e0640006f0, R11=0x000070e064000090
R12=0x0000000000000000, R13=0x0000000000000000, R14=0x000070e0647fdee0, R15=0x000070e0647dacd0
RIP=0x000070e0eac3fc39, EFLAGS=0x0000000000010246, CSGSFS=0x002b000000000033, ERR=0x0000000000000004
  TRAPNO=0x000000000000000e

Top of Stack: (sp=0x000070e0f80fe250)
0x000070e0f80fe250:   0438078000000000 00000780f8900969
0x000070e0f80fe260:   0000000200000000 000070e0f80fe2f8
0x000070e0f80fe270:   000070e0f80fe2f4 000070e0f80fe2f0
0x000070e0f80fe280:   000070e0f80fe2ec 0000000000000438
0x000070e0f80fe290:   000070e00000077f 000070e10c7956d0
0x000070e0f80fe2a0:   0000000000000040 000070e064808410
0x000070e0f80fe2b0:   0000000000000000 0000000000000000
0x000070e0f80fe2c0:   0000000000000000 0000000000000780
0x000070e0f80fe2d0:   0438078000000000 0000000000000780
0x000070e0f80fe2e0:   0000000000000000 0000001000000000
0x000070e0f80fe2f0:   0000000000000008 000070e0647fdff0
0x000070e0f80fe300:   0000001800000000 0438078000000000
0x000070e0f80fe310:   0000000000000780 0000000000000000
0x000070e0f80fe320:   000070e0f80fe3a0 0000000000000438
0x000070e0f80fe330:   000070e0f80fe410 000070e0eac401e6
0x000070e0f80fe340:   000070e0647d11c0 000070e0eac401a4
0x000070e0f80fe350:   0000000000da0000 0000000000020000
0x000070e0f80fe360:   000070e10c7956d0 0000000000000000
0x000070e0f80fe370:   000070e100000438 000070e10c7956d0
0x000070e0f80fe380:   000070e0f80fe4b8 000070e10c7956d0
0x000070e0f80fe390:   00000000f80fe4b8 0000000000000000
0x000070e0f80fe3a0:   0000000000000000 000070e0f80fe3d4
0x000070e0f80fe3b0:   000070e000000005 0000000000ff0000
0x000070e0f80fe3c0:   000000000000ff00 00000000000000ff
0x000070e0f80fe3d0:   0000010000000008 0438078000000000
0x000070e0f80fe3e0:   0000000000000000 000070e10c89f9f8
0x000070e0f80fe3f0:   0000000000000000 000070e10c7956d0
0x000070e0f80fe400:   0000000000000000 0000000000000496
0x000070e0f80fe410:   000070e0f80fe500 000070e0eac37c60
0x000070e0f80fe420:   0000000000000150 000070e06480bd90
0x000070e0f80fe430:   0000000000000000 0000000000000000
0x000070e0f80fe440:   0000000000000150 000070e0647fd450 

Instructions: (pc=0x000070e0eac3fc39)
0x000070e0eac3fc19:   45 8c 03 45 90 89 45 a0 49 8d 44 24 01 45 31 e4
0x000070e0eac3fc29:   48 89 45 98 0f 1f 00 44 89 e6 8b 55 ac 48 89 df
0x000070e0eac3fc39:   ff 53 68 4d 8b 57 08 8b 4d bc 48 98 48 8b 75 c8
0x000070e0eac3fc49:   49 8b 52 18 49 8b 7a 20 48 21 c2 48 21 c7 49 23 

Register to memory mapping:

RAX=0x0000000000000780 is an unknown value
RBX=0x0000000000000000 is an unknown value
RCX=0x0000000000000780 is an unknown value
RDX=0x0000000000000000 is an unknown value
RSP=0x000070e0f80fe250 is pointing into the stack for thread: 0x000070e10c89f800
RBP=0x000070e0f80fe330 is pointing into the stack for thread: 0x000070e10c89f800
RSI=0x0000000000000000 is an unknown value
RDI=0x0000000000000000 is an unknown value
R8 =0x000070e0f80fe2f4 is pointing into the stack for thread: 0x000070e10c89f800
R9 =0x0000000000000002 is an unknown value
R10=0x000070e0640006f0 is an unknown value
R11=0x000070e064000090 is an unknown value
R12=0x0000000000000000 is an unknown value
R13=0x0000000000000000 is an unknown value
R14=0x000070e0647fdee0 is an unknown value
R15=0x000070e0647dacd0 is an unknown value


Stack: [0x000070e0f8000000,0x000070e0f8100000],  sp=0x000070e0f80fe250,  free space=1016k
Native frames: (J=compiled Java code, j=interpreted, Vv=VM code, C=native code)
C  [libawt_xawt.so+0x3fc39]  ReadRegionsInList.constprop.5+0x4e9
C  [libawt_xawt.so+0x401e6]  ReadAreaToImage+0x86
C  [libawt_xawt.so+0x37c60]  Java_sun_awt_X11_XRobotPeer_getRGBPixelsImpl+0x120
j  sun.awt.X11.XRobotPeer.getRGBPixelsImpl(Lsun/awt/X11GraphicsConfig;IIII[I)V+0
j  sun.awt.X11.XRobotPeer.getRGBPixels(Ljava/awt/Rectangle;)[I+33
j  java.awt.Robot.createScreenCapture(Ljava/awt/Rectangle;)Ljava/awt/image/BufferedImage;+50
j  tdl.record.screen.image.input.InputFromScreen.readImage()Ljava/awt/image/BufferedImage;+8
j  tdl.record.screen.image.input.ScaleToOptimalSizeImage.readImage()Ljava/awt/image/BufferedImage;+5
j  tdl.record.screen.image.input.EnsureEvenHeightAndWidth.readImage()Ljava/awt/image/BufferedImage;+5
j  tdl.record.screen.video.VideoRecorder.doRecord(Ljava/time/Duration;)V+142
j  tdl.record.screen.video.VideoRecorder.start(Ljava/time/Duration;)V+23
j  tdl.record_upload.video.VideoRecordingThread.run()V+23
v  ~StubRoutines::call_stub
V  [libjvm.so+0x6852db]  JavaCalls::call_helper(JavaValue*, methodHandle*, JavaCallArguments*, Thread*)+0xddb
V  [libjvm.so+0x682ba3]  JavaCalls::call_virtual(JavaValue*, KlassHandle, Symbol*, Symbol*, JavaCallArguments*, Thread*)+0x263
V  [libjvm.so+0x683167]  JavaCalls::call_virtual(JavaValue*, Handle, KlassHandle, Symbol*, Symbol*, Thread*)+0x47
V  [libjvm.so+0x6ef0ec]  thread_entry(JavaThread*, Thread*)+0x6c
V  [libjvm.so+0xa76f9b]  JavaThread::thread_main_inner()+0xdb
V  [libjvm.so+0xa7722f]  JavaThread::run()+0x25f
V  [libjvm.so+0x909c92]  java_start(Thread*)+0x102
C  [libc.so.6+0x94ac3]

Java frames: (J=compiled Java code, j=interpreted, Vv=VM code)
j  sun.awt.X11.XRobotPeer.getRGBPixelsImpl(Lsun/awt/X11GraphicsConfig;IIII[I)V+0
j  sun.awt.X11.XRobotPeer.getRGBPixels(Ljava/awt/Rectangle;)[I+33
j  java.awt.Robot.createScreenCapture(Ljava/awt/Rectangle;)Ljava/awt/image/BufferedImage;+50
j  tdl.record.screen.image.input.InputFromScreen.readImage()Ljava/awt/image/BufferedImage;+8
j  tdl.record.screen.image.input.ScaleToOptimalSizeImage.readImage()Ljava/awt/image/BufferedImage;+5
j  tdl.record.screen.image.input.EnsureEvenHeightAndWidth.readImage()Ljava/awt/image/BufferedImage;+5
j  tdl.record.screen.video.VideoRecorder.doRecord(Ljava/time/Duration;)V+142
j  tdl.record.screen.video.VideoRecorder.start(Ljava/time/Duration;)V+23
j  tdl.record_upload.video.VideoRecordingThread.run()V+23
v  ~StubRoutines::call_stub

---------------  P R O C E S S  ---------------

Java Threads: ( => current thread )
  0x000070e03c003000 JavaThread "ExEvent-27" [_thread_blocked, id=7617, stack(0x000070e0ebf00000,0x000070e0ec000000)]
  0x000070e03c001000 JavaThread "ExEvent-26-acceptor-0@6aca652d-ServerConnector@1199fe66{HTTP/1.1,[http/1.1]}{localhost:41375}" [_thread_in_native, id=7616, stack(0x000070e0ebe00000,0x000070e0ebf00000)]
  0x000070e10c8bc800 JavaThread "ExEvent-21" [_thread_in_native, id=7609, stack(0x000070e0f0000000,0x000070e0f0100000)]
  0x000070e06401f000 JavaThread "AWT-XAWT" daemon [_thread_blocked, id=7608, stack(0x000070e0f0100000,0x000070e0f0200000)]
  0x000070e10c8ac000 JavaThread "HealthCheck" [_thread_blocked, id=7607, stack(0x000070e0f0b00000,0x000070e0f0c00000)]
  0x000070e10c8aa000 JavaThread "Metrics" [_thread_blocked, id=7606, stack(0x000070e0f0c00000,0x000070e0f0d00000)]
  0x000070e10c8a7800 JavaThread "Upload" [_thread_in_native, id=7605, stack(0x000070e0f0d00000,0x000070e0f0e00000)]
  0x000070e10c8a1000 JavaThread "SourceRec" [_thread_in_vm, id=7604, stack(0x000070e0f3f00000,0x000070e0f4000000)]
=>0x000070e10c89f800 JavaThread "VideoRec" [_thread_in_native, id=7603, stack(0x000070e0f8000000,0x000070e0f8100000)]
  0x000070e10c7f5000 JavaThread "Java2D Disposer" daemon [_thread_blocked, id=7602, stack(0x000070e0f8100000,0x000070e0f8200000)]
  0x000070e10c6c6000 JavaThread "java-sdk-http-connection-reaper" daemon [_thread_blocked, id=7598, stack(0x000070e0f8a0d000,0x000070e0f8b0d000)]
  0x000070e10c420000 JavaThread "process reaper" daemon [_thread_blocked, id=7587, stack(0x000070e110667000,0x000070e1106a0000)]
  0x000070e10c21f800 JavaThread "Service Thread" daemon [_thread_blocked, id=7584, stack(0x000070e0f8cfc000,0x000070e0f8dfc000)]
  0x000070e10c214800 JavaThread "C1 CompilerThread3" daemon [_thread_blocked, id=7583, stack(0x000070e0f8dfd000,0x000070e0f8efd000)]
  0x000070e10c212000 JavaThread "C2 CompilerThread2" daemon [_thread_in_native, id=7582, stack(0x000070e0f8efe000,0x000070e0f8ffe000)]
  0x000070e10c210800 JavaThread "C2 CompilerThread1" daemon [_thread_in_native, id=7581, stack(0x000070e0f8fff000,0x000070e0f90ff000)]
  0x000070e10c20d800 JavaThread "C2 CompilerThread0" daemon [_thread_in_native, id=7580, stack(0x000070e0f9100000,0x000070e0f9200000)]
  0x000070e10c20c000 JavaThread "Signal Dispatcher" daemon [_thread_blocked, id=7579, stack(0x000070e0f94ec000,0x000070e0f95ec000)]
  0x000070e10c1d4000 JavaThread "Finalizer" daemon [_thread_blocked, id=7578, stack(0x000070e0f95ec000,0x000070e0f96ec000)]
  0x000070e10c1d1800 JavaThread "Reference Handler" daemon [_thread_blocked, id=7577, stack(0x000070e0f96ec000,0x000070e0f97ec000)]
  0x000070e10c00a000 JavaThread "main" [_thread_blocked, id=7567, stack(0x000070e11239c000,0x000070e11249c000)]

Other Threads:
  0x000070e10c1c8000 VMThread [stack: 0x000070e0f97ed000,0x000070e0f98ed000] [id=7576]
  0x000070e10c222800 WatcherThread [stack: 0x000070e0f8bfc000,0x000070e0f8cfc000] [id=7585]

VM state:not at safepoint (normal execution)

VM Mutex/Monitor currently owned by a thread: None

Heap:
 PSYoungGen      total 35840K, used 18155K [0x00000000d8100000, 0x00000000db300000, 0x0000000100000000)
  eden space 30720K, 59% used [0x00000000d8100000,0x00000000d92baf70,0x00000000d9f00000)
  from space 5120K, 0% used [0x00000000d9f00000,0x00000000d9f00000,0x00000000da400000)
  to   space 5120K, 0% used [0x00000000dae00000,0x00000000dae00000,0x00000000db300000)
 ParOldGen       total 143360K, used 23675K [0x0000000088200000, 0x0000000090e00000, 0x00000000d8100000)
  object space 143360K, 16% used [0x0000000088200000,0x000000008991ef38,0x0000000090e00000)
 Metaspace       used 28533K, capacity 29026K, committed 29312K, reserved 1075200K
  class space    used 3494K, capacity 3653K, committed 3712K, reserved 1048576K

Card table byte_map: [0x000070e0fbc00000,0x000070e0fbfc0000] byte_map_base: 0x000070e0fb7bf000

Marking Bits: (ParMarkBitMap*) 0x000070e1119c6d40
 Begin Bits: [0x000070e0c7c00000, 0x000070e0c99f8000)
 End Bits:   [0x000070e0c99f8000, 0x000070e0cb7f0000)

Polling page: 0x000070e1125dd000

CodeCache: size=245760Kb used=5384Kb max_used=5392Kb free=240375Kb
 bounds [0x000070e0fc400000, 0x000070e0fc950000, 0x000070e10b400000]
 total_blobs=2285 nmethods=1643 adapters=555
 compilation: enabled

Compilation events (10 events):
Event: 3.903 Thread 0x000070e10c214800 nmethod 1633 0x000070e0fc943310 code [0x000070e0fc943480, 0x000070e0fc943748]
Event: 3.903 Thread 0x000070e10c214800 1632       1       java.lang.invoke.DirectMethodHandle::internalMemberName (5 bytes)
Event: 3.903 Thread 0x000070e10c214800 nmethod 1632 0x000070e0fc943050 code [0x000070e0fc9431a0, 0x000070e0fc9432b0]
Event: 3.905 Thread 0x000070e10c214800 1634       3       java.lang.invoke.MethodHandles$Lookup::lookupClassOrNull (17 bytes)
Event: 3.905 Thread 0x000070e10c214800 nmethod 1634 0x000070e0fc942ad0 code [0x000070e0fc942c40, 0x000070e0fc942df0]
Event: 3.905 Thread 0x000070e10c214800 1635       3       java.lang.invoke.MethodTypeForm::unpack (30 bytes)
Event: 3.905 Thread 0x000070e10c214800 nmethod 1635 0x000070e0fc942790 code [0x000070e0fc9428e0, 0x000070e0fc942a50]
Event: 3.907 Thread 0x000070e10c214800 1636       3       jdk.internal.org.objectweb.asm.AnnotationVisitor::<init> (35 bytes)
Event: 3.908 Thread 0x000070e10c214800 nmethod 1636 0x000070e0fc9421d0 code [0x000070e0fc942360, 0x000070e0fc942668]
Event: 3.914 Thread 0x000070e10c214800 1637       3       java.util.regex.Pattern$GroupTail::match (111 bytes)

GC Heap History (10 events):
Event: 1.217 GC heap before
{Heap before GC invocations=1 (full 0):
 PSYoungGen      total 35840K, used 30720K [0x00000000d8100000, 0x00000000da900000, 0x0000000100000000)
  eden space 30720K, 100% used [0x00000000d8100000,0x00000000d9f00000,0x00000000d9f00000)
  from space 5120K, 0% used [0x00000000da400000,0x00000000da400000,0x00000000da900000)
  to   space 5120K, 0% used [0x00000000d9f00000,0x00000000d9f00000,0x00000000da400000)
 ParOldGen       total 81920K, used 0K [0x0000000088200000, 0x000000008d200000, 0x00000000d8100000)
  object space 81920K, 0% used [0x0000000088200000,0x0000000088200000,0x000000008d200000)
 Metaspace       used 15668K, capacity 15900K, committed 16128K, reserved 1062912K
  class space    used 1930K, capacity 2028K, committed 2048K, reserved 1048576K
Event: 1.227 GC heap after
Heap after GC invocations=1 (full 0):
 PSYoungGen      total 35840K, used 5101K [0x00000000d8100000, 0x00000000da900000, 0x0000000100000000)
  eden space 30720K, 0% used [0x00000000d8100000,0x00000000d8100000,0x00000000d9f00000)
  from space 5120K, 99% used [0x00000000d9f00000,0x00000000da3fb788,0x00000000da400000)
  to   space 5120K, 0% used [0x00000000da400000,0x00000000da400000,0x00000000da900000)
 ParOldGen       total 81920K, used 3139K [0x0000000088200000, 0x000000008d200000, 0x00000000d8100000)
  object space 81920K, 3% used [0x0000000088200000,0x0000000088510f08,0x000000008d200000)
 Metaspace       used 15668K, capacity 15900K, committed 16128K, reserved 1062912K
  class space    used 1930K, capacity 2028K, committed 2048K, reserved 1048576K
}
Event: 2.023 GC heap before
{Heap before GC invocations=2 (full 0):
 PSYoungGen      total 35840K, used 28888K [0x00000000d8100000, 0x00000000da900000, 0x0000000100000000)
  eden space 30720K, 77% used [0x00000000d8100000,0x00000000d983a958,0x00000000d9f00000)
  from space 5120K, 99% used [0x00000000d9f00000,0x00000000da3fb788,0x00000000da400000)
  to   space 5120K, 0% used [0x00000000da400000,0x00000000da400000,0x00000000da900000)
 ParOldGen       total 81920K, used 3139K [0x0000000088200000, 0x000000008d200000, 0x00000000d8100000)
  object space 81920K, 3% used [0x0000000088200000,0x0000000088510f08,0x000000008d200000)
 Metaspace       used 20801K, capacity 21056K, committed 21296K, reserved 1069056K
  class space    used 2556K, capacity 2650K, committed 2688K, reserved 1048576K
Event: 2.037 GC heap after
Heap after GC invocations=2 (full 0):
 PSYoungGen      total 35840K, used 5106K [0x00000000d8100000, 0x00000000dc700000, 0x0000000100000000)
  eden space 30720K, 0% used [0x00000000d8100000,0x00000000d8100000,0x00000000d9f00000)
  from space 5120K, 99% used [0x00000000da400000,0x00000000da8fc900,0x00000000da900000)
  to   space 5120K, 0% used [0x00000000d9f00000,0x00000000d9f00000,0x00000000da400000)
 ParOldGen       total 81920K, used 6768K [0x0000000088200000, 0x000000008d200000, 0x00000000d8100000)
  object space 81920K, 8% used [0x0000000088200000,0x000000008889c2f8,0x000000008d200000)
 Metaspace       used 20801K, capacity 21056K, committed 21296K, reserved 1069056K
  class space    used 2556K, capacity 2650K, committed 2688K, reserved 1048576K
}
Event: 2.037 GC heap before
{Heap before GC invocations=3 (full 1):
 PSYoungGen      total 35840K, used 5106K [0x00000000d8100000, 0x00000000dc700000, 0x0000000100000000)
  eden space 30720K, 0% used [0x00000000d8100000,0x00000000d8100000,0x00000000d9f00000)
  from space 5120K, 99% used [0x00000000da400000,0x00000000da8fc900,0x00000000da900000)
  to   space 5120K, 0% used [0x00000000d9f00000,0x00000000d9f00000,0x00000000da400000)
 ParOldGen       total 81920K, used 6768K [0x0000000088200000, 0x000000008d200000, 0x00000000d8100000)
  object space 81920K, 8% used [0x0000000088200000,0x000000008889c2f8,0x000000008d200000)
 Metaspace       used 20801K, capacity 21056K, committed 21296K, reserved 1069056K
  class space    used 2556K, capacity 2650K, committed 2688K, reserved 1048576K
Event: 2.085 GC heap after
Heap after GC invocations=3 (full 1):
 PSYoungGen      total 35840K, used 0K [0x00000000d8100000, 0x00000000dc700000, 0x0000000100000000)
  eden space 30720K, 0% used [0x00000000d8100000,0x00000000d8100000,0x00000000d9f00000)
  from space 5120K, 0% used [0x00000000da400000,0x00000000da400000,0x00000000da900000)
  to   space 5120K, 0% used [0x00000000d9f00000,0x00000000d9f00000,0x00000000da400000)
 ParOldGen       total 63488K, used 8513K [0x0000000088200000, 0x000000008c000000, 0x00000000d8100000)
  object space 63488K, 13% used [0x0000000088200000,0x0000000088a50778,0x000000008c000000)
 Metaspace       used 20801K, capacity 21056K, committed 21296K, reserved 1069056K
  class space    used 2556K, capacity 2650K, committed 2688K, reserved 1048576K
}
Event: 3.841 GC heap before
{Heap before GC invocations=4 (full 1):
 PSYoungGen      total 35840K, used 30720K [0x00000000d8100000, 0x00000000dc700000, 0x0000000100000000)
  eden space 30720K, 100% used [0x00000000d8100000,0x00000000d9f00000,0x00000000d9f00000)
  from space 5120K, 0% used [0x00000000da400000,0x00000000da400000,0x00000000da900000)
  to   space 5120K, 0% used [0x00000000d9f00000,0x00000000d9f00000,0x00000000da400000)
 ParOldGen       total 63488K, used 8515K [0x0000000088200000, 0x000000008c000000, 0x00000000d8100000)
  object space 63488K, 13% used [0x0000000088200000,0x0000000088a50f60,0x000000008c000000)
 Metaspace       used 28183K, capacity 28602K, committed 28928K, reserved 1075200K
  class space    used 3432K, capacity 3577K, committed 3584K, reserved 1048576K
Event: 3.859 GC heap after
Heap after GC invocations=4 (full 1):
 PSYoungGen      total 35840K, used 5113K [0x00000000d8100000, 0x00000000db300000, 0x0000000100000000)
  eden space 30720K, 0% used [0x00000000d8100000,0x00000000d8100000,0x00000000d9f00000)
  from space 5120K, 99% used [0x00000000d9f00000,0x00000000da3fe7d8,0x00000000da400000)
  to   space 5120K, 0% used [0x00000000dae00000,0x00000000dae00000,0x00000000db300000)
 ParOldGen       total 63488K, used 43250K [0x0000000088200000, 0x000000008c000000, 0x00000000d8100000)
  object space 63488K, 68% used [0x0000000088200000,0x000000008ac3c9d0,0x000000008c000000)
 Metaspace       used 28183K, capacity 28602K, committed 28928K, reserved 1075200K
  class space    used 3432K, capacity 3577K, committed 3584K, reserved 1048576K
}
Event: 3.859 GC heap before
{Heap before GC invocations=5 (full 2):
 PSYoungGen      total 35840K, used 5113K [0x00000000d8100000, 0x00000000db300000, 0x0000000100000000)
  eden space 30720K, 0% used [0x00000000d8100000,0x00000000d8100000,0x00000000d9f00000)
  from space 5120K, 99% used [0x00000000d9f00000,0x00000000da3fe7d8,0x00000000da400000)
  to   space 5120K, 0% used [0x00000000dae00000,0x00000000dae00000,0x00000000db300000)
 ParOldGen       total 63488K, used 43250K [0x0000000088200000, 0x000000008c000000, 0x00000000d8100000)
  object space 63488K, 68% used [0x0000000088200000,0x000000008ac3c9d0,0x000000008c000000)
 Metaspace       used 28183K, capacity 28602K, committed 28928K, reserved 1075200K
  class space    used 3432K, capacity 3577K, committed 3584K, reserved 1048576K
Event: 3.894 GC heap after
Heap after GC invocations=5 (full 2):
 PSYoungGen      total 35840K, used 0K [0x00000000d8100000, 0x00000000db300000, 0x0000000100000000)
  eden space 30720K, 0% used [0x00000000d8100000,0x00000000d8100000,0x00000000d9f00000)
  from space 5120K, 0% used [0x00000000d9f00000,0x00000000d9f00000,0x00000000da400000)
  to   space 5120K, 0% used [0x00000000dae00000,0x00000000dae00000,0x00000000db300000)
 ParOldGen       total 143360K, used 23675K [0x0000000088200000, 0x0000000090e00000, 0x00000000d8100000)
  object space 143360K, 16% used [0x0000000088200000,0x000000008991ef38,0x0000000090e00000)
 Metaspace       used 28183K, capacity 28602K, committed 28928K, reserved 1075200K
  class space    used 3432K, capacity 3577K, committed 3584K, reserved 1048576K
}

Deoptimization events (10 events):
Event: 1.537 Thread 0x000070e10c00a000 Uncommon trap: reason=bimorphic action=maybe_recompile pc=0x000070e0fc76fc3c method=java.util.regex.Pattern$BmpCharProperty.match(Ljava/util/regex/Matcher;ILjava/lang/CharSequence;)Z @ 31
Event: 1.537 Thread 0x000070e10c00a000 Uncommon trap: reason=bimorphic action=maybe_recompile pc=0x000070e0fc76fc3c method=java.util.regex.Pattern$BmpCharProperty.match(Ljava/util/regex/Matcher;ILjava/lang/CharSequence;)Z @ 31
Event: 1.685 Thread 0x000070e10c00a000 Uncommon trap: reason=class_check action=maybe_recompile pc=0x000070e0fc755938 method=java.util.regex.Pattern$Curly.match(Ljava/util/regex/Matcher;ILjava/lang/CharSequence;)Z @ 19
Event: 1.712 Thread 0x000070e10c00a000 Uncommon trap: reason=class_check action=maybe_recompile pc=0x000070e0fc755938 method=java.util.regex.Pattern$Curly.match(Ljava/util/regex/Matcher;ILjava/lang/CharSequence;)Z @ 19
Event: 1.712 Thread 0x000070e10c00a000 Uncommon trap: reason=class_check action=maybe_recompile pc=0x000070e0fc755938 method=java.util.regex.Pattern$Curly.match(Ljava/util/regex/Matcher;ILjava/lang/CharSequence;)Z @ 19
Event: 1.712 Thread 0x000070e10c00a000 Uncommon trap: reason=class_check action=maybe_recompile pc=0x000070e0fc755938 method=java.util.regex.Pattern$Curly.match(Ljava/util/regex/Matcher;ILjava/lang/CharSequence;)Z @ 19
Event: 1.763 Thread 0x000070e10c00a000 Uncommon trap: reason=unstable_if action=reinterpret pc=0x000070e0fc725e20 method=java.lang.String$CaseInsensitiveComparator.compare(Ljava/lang/String;Ljava/lang/String;)I @ 70
Event: 1.934 Thread 0x000070e10c00a000 Uncommon trap: reason=bimorphic action=maybe_recompile pc=0x000070e0fc73a02c method=java.util.HashMap.putVal(ILjava/lang/Object;Ljava/lang/Object;ZZ)Ljava/lang/Object; @ 152
Event: 2.018 Thread 0x000070e10c00a000 Uncommon trap: reason=unstable_if action=reinterpret pc=0x000070e0fc85456c method=java.util.Arrays.equals([B[B)Z @ 41
Event: 2.291 Thread 0x000070e10c00a000 Uncommon trap: reason=bimorphic action=maybe_recompile pc=0x000070e0fc73a02c method=java.util.HashMap.putVal(ILjava/lang/Object;Ljava/lang/Object;ZZ)Ljava/lang/Object; @ 152

Classes redefined (0 events):
No events

Internal exceptions (10 events):
Event: 3.771 Thread 0x000070e10c8a1000 Exception <a 'java/io/FileNotFoundException'> (0x00000000d94bf2e8) thrown at [/HUDSON/workspace/8-2-build-linux-amd64/jdk8u191/11894/hotspot/src/share/vm/prims/jni.cpp, line 709]
Event: 3.771 Thread 0x000070e10c8a1000 Exception <a 'sun/nio/fs/UnixException'> (0x00000000d94bfb60) thrown at [/HUDSON/workspace/8-2-build-linux-amd64/jdk8u191/11894/hotspot/src/share/vm/prims/jni.cpp, line 709]
Event: 3.771 Thread 0x000070e10c8a1000 Exception <a 'sun/nio/fs/UnixException'> (0x00000000d94c0170) thrown at [/HUDSON/workspace/8-2-build-linux-amd64/jdk8u191/11894/hotspot/src/share/vm/prims/jni.cpp, line 709]
Event: 3.778 Thread 0x000070e10c8a1000 Exception <a 'sun/nio/fs/UnixException'> (0x00000000d9ca4550) thrown at [/HUDSON/workspace/8-2-build-linux-amd64/jdk8u191/11894/hotspot/src/share/vm/prims/jni.cpp, line 709]
Event: 3.779 Thread 0x000070e10c8a1000 Exception <a 'sun/nio/fs/UnixException'> (0x00000000d9ca7da0) thrown at [/HUDSON/workspace/8-2-build-linux-amd64/jdk8u191/11894/hotspot/src/share/vm/prims/jni.cpp, line 709]
Event: 3.803 Thread 0x000070e10c8a7800 Exception <a 'java/lang/IncompatibleClassChangeError': Found class java.lang.Object, but interface was expected> (0x00000000d9db6a78) thrown at [/HUDSON/workspace/8-2-build-linux-amd64/jdk8u191/11894/hotspot/src/share/vm/interpreter/linkResolver.cpp, line
Event: 3.814 Thread 0x000070e10c8a1000 Exception <a 'sun/nio/fs/UnixException'> (0x00000000d9e45688) thrown at [/HUDSON/workspace/8-2-build-linux-amd64/jdk8u191/11894/hotspot/src/share/vm/prims/jni.cpp, line 709]
Event: 3.828 Thread 0x000070e10c8a1000 Exception <a 'sun/nio/fs/UnixException'> (0x00000000d9ec2b98) thrown at [/HUDSON/workspace/8-2-build-linux-amd64/jdk8u191/11894/hotspot/src/share/vm/prims/jni.cpp, line 709]
Event: 3.830 Thread 0x000070e10c8a1000 Exception <a 'sun/nio/fs/UnixException'> (0x00000000d9ed7558) thrown at [/HUDSON/workspace/8-2-build-linux-amd64/jdk8u191/11894/hotspot/src/share/vm/prims/jni.cpp, line 709]
Event: 3.902 Thread 0x000070e10c8a7800 Exception <a 'java/lang/NoSuchMethodError': java.lang.Object.empty()Ljava/util/stream/Stream;> (0x00000000d811f4e8) thrown at [/HUDSON/workspace/8-2-build-linux-amd64/jdk8u191/11894/hotspot/src/share/vm/interpreter/linkResolver.cpp, line 620]

Events (10 events):
Event: 3.913 loading class sun/awt/X11/XErrorEvent
Event: 3.913 loading class org/eclipse/jgit/revwalk/filter/RevFilter$AllFilter
Event: 3.913 loading class org/eclipse/jgit/revwalk/filter/RevFilter$AllFilter done
Event: 3.913 loading class org/eclipse/jgit/revwalk/filter/RevFilter$NoneFilter
Event: 3.913 loading class org/eclipse/jgit/revwalk/filter/RevFilter$NoneFilter done
Event: 3.914 loading class sun/awt/X11/XErrorEvent done
Event: 3.914 loading class org/eclipse/jgit/revwalk/filter/RevFilter$OnlyMergesFilter
Event: 3.914 loading class org/eclipse/jgit/revwalk/filter/RevFilter$OnlyMergesFilter done
Event: 3.914 loading class org/eclipse/jgit/revwalk/filter/RevFilter$NoMergesFilter
Event: 3.914 loading class org/eclipse/jgit/revwalk/filter/RevFilter$NoMergesFilter done


Dynamic libraries:
00400000-00401000 r-xp 00000000 103:07 1732907                           /home/laurence/projects/iwoca/accelerate_runner/jre/bin/java
00600000-00601000 r--p 00000000 103:07 1732907                           /home/laurence/projects/iwoca/accelerate_runner/jre/bin/java
00601000-00602000 rw-p 00001000 103:07 1732907                           /home/laurence/projects/iwoca/accelerate_runner/jre/bin/java
29557000-29578000 rw-p 00000000 00:00 0                                  [heap]
88200000-90e00000 rw-p 00000000 00:00 0 
90e00000-d8100000 ---p 00000000 00:00 0 
d8100000-db300000 rw-p 00000000 00:00 0 
db300000-100000000 ---p 00000000 00:00 0 
100000000-1003a0000 rw-p 00000000 00:00 0 
1003a0000-140000000 ---p 00000000 00:00 0 
70e034000000-70e034021000 rw-p 00000000 00:00 0 
70e034021000-70e038000000 ---p 00000000 00:00 0 
70e03c000000-70e03c021000 rw-p 00000000 00:00 0 
70e03c021000-70e040000000 ---p 00000000 00:00 0 
70e040000000-70e040021000 rw-p 00000000 00:00 0 
70e040021000-70e044000000 ---p 00000000 00:00 0 
70e048000000-70e048021000 rw-p 00000000 00:00 0 
70e048021000-70e04c000000 ---p 00000000 00:00 0 
70e04c000000-70e04c021000 rw-p 00000000 00:00 0 
70e04c021000-70e050000000 ---p 00000000 00:00 0 
70e054000000-70e054021000 rw-p 00000000 00:00 0 
70e054021000-70e058000000 ---p 00000000 00:00 0 
70e058000000-70e058031000 rw-p 00000000 00:00 0 
70e058031000-70e05c000000 ---p 00000000 00:00 0 
70e060000000-70e0600a4000 rw-p 00000000 00:00 0 
70e0600a4000-70e064000000 ---p 00000000 00:00 0 
70e064000000-70e064ae2000 rw-p 00000000 00:00 0 
70e064ae2000-70e068000000 ---p 00000000 00:00 0 
70e06c000000-70e06c021000 rw-p 00000000 00:00 0 
70e06c021000-70e070000000 ---p 00000000 00:00 0 
70e070000000-70e070021000 rw-p 00000000 00:00 0 
70e070021000-70e074000000 ---p 00000000 00:00 0 
70e078000000-70e078021000 rw-p 00000000 00:00 0 
70e078021000-70e07c000000 ---p 00000000 00:00 0 
70e07c000000-70e07c021000 rw-p 00000000 00:00 0 
70e07c021000-70e080000000 ---p 00000000 00:00 0 
70e084000000-70e084021000 rw-p 00000000 00:00 0 
70e084021000-70e088000000 ---p 00000000 00:00 0 
70e088000000-70e088336000 rw-p 00000000 00:00 0 
70e088336000-70e08c000000 ---p 00000000 00:00 0 
70e090000000-70e09022f000 rw-p 00000000 00:00 0 
70e09022f000-70e094000000 ---p 00000000 00:00 0 
70e094000000-70e0941ed000 rw-p 00000000 00:00 0 
70e0941ed000-70e098000000 ---p 00000000 00:00 0 
70e09c000000-70e09c24c000 rw-p 00000000 00:00 0 
70e09c24c000-70e0a0000000 ---p 00000000 00:00 0 
70e0a0000000-70e0a0021000 rw-p 00000000 00:00 0 
70e0a0021000-70e0a4000000 ---p 00000000 00:00 0 
70e0a8000000-70e0a8021000 rw-p 00000000 00:00 0 
70e0a8021000-70e0ac000000 ---p 00000000 00:00 0 
70e0ac000000-70e0ac021000 rw-p 00000000 00:00 0 
70e0ac021000-70e0b0000000 ---p 00000000 00:00 0 
70e0b1000000-70e0b17ea000 rw-p 00000000 00:00 0 
70e0b1800000-70e0b1b01000 rw-p 00000000 00:00 0 
70e0b1c00000-70e0b1cfb000 r-xp 00000000 103:07 1733725                   /home/laurence/projects/iwoca/accelerate_runner/jre/lib/amd64/libmlib_image.so
70e0b1cfb000-70e0b1efa000 ---p 000fb000 103:07 1733725                   /home/laurence/projects/iwoca/accelerate_runner/jre/lib/amd64/libmlib_image.so
70e0b1efa000-70e0b1efb000 r--p 000fa000 103:07 1733725                   /home/laurence/projects/iwoca/accelerate_runner/jre/lib/amd64/libmlib_image.so
70e0b1efb000-70e0b1efc000 rw-p 000fb000 103:07 1733725                   /home/laurence/projects/iwoca/accelerate_runner/jre/lib/amd64/libmlib_image.so
70e0b2200000-70e0b2201000 ---p 00000000 00:00 0 
70e0b2201000-70e0b2a01000 rwxp 00000000 00:00 0 
70e0b2c00000-70e0b2e00000 rw-p 00000000 00:00 0 
70e0b2e00000-70e0b3000000 rw-p 00000000 00:00 0 
70e0b3000000-70e0b30cb000 rw-p 00000000 00:00 0 
70e0b3200000-70e0b3400000 rw-p 00000000 00:00 0 
70e0b3400000-70e0b3600000 rw-p 00000000 00:00 0 
70e0b3600000-70e0b36cb000 rw-p 00000000 00:00 0 
70e0b3800000-70e0b3a00000 rw-p 00000000 00:00 0 
70e0b3a00000-70e0b3e00000 rw-p 00000000 00:00 0 
70e0b3e00000-70e0b3fb5000 rw-p 00000000 00:00 0 
70e0b4000000-70e0b4021000 rw-p 00000000 00:00 0 
70e0b4021000-70e0b8000000 ---p 00000000 00:00 0 
70e0b8000000-70e0b8021000 rw-p 00000000 00:00 0 
70e0b8021000-70e0bc000000 ---p 00000000 00:00 0 
70e0bc200000-70e0bc400000 rw-p 00000000 00:00 0 
70e0bc400000-70e0bc600000 rw-p 00000000 00:00 0 
70e0bc600000-70e0bc6cb000 rw-p 00000000 00:00 0 
70e0bc800000-70e0bca00000 rw-p 00000000 00:00 0 
70e0bca00000-70e0bce00000 rw-p 00000000 00:00 0 
70e0bce00000-70e0bcfb5000 rw-p 00000000 00:00 0 
70e0bd000000-70e0bd200000 rw-p 00000000 00:00 0 
70e0bd200000-70e0bd400000 rw-p 00000000 00:00 0 
70e0bd400000-70e0bd4cb000 rw-p 00000000 00:00 0 
70e0bd600000-70e0bd800000 rw-p 00000000 00:00 0 
70e0bd800000-70e0bdc00000 rw-p 00000000 00:00 0 
70e0bdc00000-70e0bddb5000 rw-p 00000000 00:00 0 
70e0bde00000-70e0be000000 rw-p 00000000 00:00 0 
70e0be000000-70e0be200000 rw-p 00000000 00:00 0 
70e0be200000-70e0be2cb000 rw-p 00000000 00:00 0 
70e0be400000-70e0be600000 rw-p 00000000 00:00 0 
70e0be600000-70e0bea00000 rw-p 00000000 00:00 0 
70e0bea00000-70e0bebb5000 rw-p 00000000 00:00 0 
70e0bec00000-70e0bee00000 rw-p 00000000 00:00 0 
70e0bee00000-70e0bf000000 rw-p 00000000 00:00 0 
70e0bf000000-70e0bf0cb000 rw-p 00000000 00:00 0 
70e0bf200000-70e0bf400000 rw-p 00000000 00:00 0 
70e0bf400000-70e0bf800000 rw-p 00000000 00:00 0 
70e0bf800000-70e0bf9b5000 rw-p 00000000 00:00 0 
70e0bfa00000-70e0bfc00000 rw-p 00000000 00:00 0 
70e0bfc00000-70e0bfe00000 rw-p 00000000 00:00 0 
70e0bfe00000-70e0bfecb000 rw-p 00000000 00:00 0 
70e0c0000000-70e0c0021000 rw-p 00000000 00:00 0 
70e0c0021000-70e0c4000000 ---p 00000000 00:00 0 
70e0c4200000-70e0c4400000 rw-p 00000000 00:00 0 
70e0c4400000-70e0c4800000 rw-p 00000000 00:00 0 
70e0c4800000-70e0c49b5000 rw-p 00000000 00:00 0 
70e0c4a00000-70e0c4c00000 rw-p 00000000 00:00 0 
70e0c4c00000-70e0c4e00000 rw-p 00000000 00:00 0 
70e0c4e00000-70e0c4ecb000 rw-p 00000000 00:00 0 
70e0c5000000-70e0c5200000 rw-p 00000000 00:00 0 
70e0c5200000-70e0c5600000 rw-p 00000000 00:00 0 
70e0c5600000-70e0c57b5000 rw-p 00000000 00:00 0 
70e0c5800000-70e0c5a00000 rw-p 00000000 00:00 0 
70e0c5a00000-70e0c5c00000 rw-p 00000000 00:00 0 
70e0c5c00000-70e0c5ccb000 rw-p 00000000 00:00 0 
70e0c5e00000-70e0c6000000 rw-p 00000000 00:00 0 
70e0c6000000-70e0c6400000 rw-p 00000000 00:00 0 
70e0c6400000-70e0c65b5000 rw-p 00000000 00:00 0 
70e0c6600000-70e0c6800000 rw-p 00000000 00:00 0 
70e0c6800000-70e0c6a00000 rw-p 00000000 00:00 0 
70e0c6a00000-70e0c6acb000 rw-p 00000000 00:00 0 
70e0c6c00000-70e0c6e00000 rw-p 00000000 00:00 0 
70e0c6e00000-70e0c7200000 rw-p 00000000 00:00 0 
70e0c7200000-70e0c73b5000 rw-p 00000000 00:00 0 
70e0c7400000-70e0c7600000 rw-p 00000000 00:00 0 
70e0c7600000-70e0c7a00000 rw-p 00000000 00:00 0 
70e0c7a00000-70e0c7bb5000 rw-p 00000000 00:00 0 
70e0c7c00000-70e0cb7f0000 rw-p 00000000 00:00 0 
70e0cba00000-70e0cbc00000 rw-p 00000000 00:00 0 
70e0cbc00000-70e0cbe00000 rw-p 00000000 00:00 0 
70e0cbe00000-70e0cbecb000 rw-p 00000000 00:00 0 
70e0cc000000-70e0cc021000 rw-p 00000000 00:00 0 
70e0cc021000-70e0d0000000 ---p 00000000 00:00 0 
70e0d0200000-70e0d0400000 rw-p 00000000 00:00 0 
70e0d0400000-70e0d0600000 rw-p 00000000 00:00 0 
70e0d0600000-70e0d06cb000 rw-p 00000000 00:00 0 
70e0d0800000-70e0d0a00000 rw-p 00000000 00:00 0 
70e0d0a00000-70e0d0e00000 rw-p 00000000 00:00 0 
70e0d0e00000-70e0d0fb5000 rw-p 00000000 00:00 0 
70e0d1000000-70e0d1200000 rw-p 00000000 00:00 0 
70e0d1200000-70e0d1600000 rw-p 00000000 00:00 0 
70e0d1600000-70e0d17b5000 rw-p 00000000 00:00 0 
70e0d1800000-70e0d1801000 ---p 00000000 00:00 0 
70e0d1801000-70e0d2001000 rwxp 00000000 00:00 0 
70e0d2200000-70e0d2201000 ---p 00000000 00:00 0 
70e0d2201000-70e0d2a01000 rwxp 00000000 00:00 0 
70e0d2c00000-70e0d2c01000 ---p 00000000 00:00 0 
70e0d2c01000-70e0d3401000 rwxp 00000000 00:00 0 
70e0d3600000-70e0d3601000 ---p 00000000 00:00 0 
70e0d3601000-70e0d3e01000 rwxp 00000000 00:00 0 
70e0d4000000-70e0d4021000 rw-p 00000000 00:00 0 
70e0d4021000-70e0d8000000 ---p 00000000 00:00 0 
70e0d8200000-70e0d8300000 rw-p 00000000 00:00 0 
70e0d8300000-70e0d8400000 ---p 00000000 00:00 0 
70e0d8400000-70e0d8401000 ---p 00000000 00:00 0 
70e0d8401000-70e0d8c01000 rwxp 00000000 00:00 0 
70e0d8e00000-70e0d8e01000 ---p 00000000 00:00 0 
70e0d8e01000-70e0d9601000 rwxp 00000000 00:00 0 
70e0d9800000-70e0d9801000 ---p 00000000 00:00 0 
70e0d9801000-70e0da001000 rwxp 00000000 00:00 0 
70e0da200000-70e0da201000 ---p 00000000 00:00 0 
70e0da201000-70e0daa01000 rwxp 00000000 00:00 0 
70e0dac00000-70e0dac01000 ---p 00000000 00:00 0 
70e0dac01000-70e0db401000 rwxp 00000000 00:00 0 
70e0db600000-70e0db601000 ---p 00000000 00:00 0 
70e0db601000-70e0dbe01000 rwxp 00000000 00:00 0 
70e0dc000000-70e0dc021000 rw-p 00000000 00:00 0 
70e0dc021000-70e0e0000000 ---p 00000000 00:00 0 
70e0e0200000-70e0e0400000 rw-p 00000000 00:00 0 
70e0e0400000-70e0e0600000 rw-p 00000000 00:00 0 
70e0e0600000-70e0e06cb000 rw-p 00000000 00:00 0 
70e0e0800000-70e0e0801000 ---p 00000000 00:00 0 
70e0e0801000-70e0e1001000 rwxp 00000000 00:00 0 
70e0e1200000-70e0e1201000 ---p 00000000 00:00 0 
70e0e1201000-70e0e1a01000 rwxp 00000000 00:00 0 
70e0e1c00000-70e0e324c000 r-xp 00000000 103:07 5898254                   /tmp/humble6733441533119836978.tmp (deleted)
70e0e324c000-70e0e344b000 ---p 0164c000 103:07 5898254                   /tmp/humble6733441533119836978.tmp (deleted)
70e0e344b000-70e0e34f9000 r--p 0164b000 103:07 5898254                   /tmp/humble6733441533119836978.tmp (deleted)
70e0e34f9000-70e0e3540000 rw-p 016f9000 103:07 5898254                   /tmp/humble6733441533119836978.tmp (deleted)
70e0e3540000-70e0e3c8a000 rw-p 00000000 00:00 0 
70e0e3e47000-70e0e4000000 rw-p 00000000 00:00 0 
70e0e4000000-70e0e4021000 rw-p 00000000 00:00 0 
70e0e4021000-70e0e8000000 ---p 00000000 00:00 0 
70e0e808e000-70e0e8400000 rw-p 00000000 00:00 0 
70e0e8400000-70e0e8401000 ---p 00000000 00:00 0 
70e0e8401000-70e0e8c01000 rwxp 00000000 00:00 0 
70e0e8c47000-70e0e8e00000 rw-p 00000000 00:00 0 
70e0e8e00000-70e0e8e01000 ---p 00000000 00:00 0 
70e0e8e01000-70e0e9601000 rwxp 00000000 00:00 0 
70e0e9647000-70e0e9a00000 rw-p 00000000 00:00 0 
70e0e9a00000-70e0e9c00000 rw-p 00000000 00:00 0 
70e0e9c00000-70e0e9c96000 rw-p 00000000 00:00 0 
70e0e9e00000-70e0ea000000 rw-p 00000000 00:00 0 
70e0ea000000-70e0ea09a000 r--p 00000000 103:07 9962427                   /usr/lib/x86_64-linux-gnu/libstdc++.so.6.0.30
70e0ea09a000-70e0ea1ab000 r-xp 0009a000 103:07 9962427                   /usr/lib/x86_64-linux-gnu/libstdc++.so.6.0.30
70e0ea1ab000-70e0ea21a000 r--p 001ab000 103:07 9962427                   /usr/lib/x86_64-linux-gnu/libstdc++.so.6.0.30
70e0ea21a000-70e0ea21b000 ---p 0021a000 103:07 9962427                   /usr/lib/x86_64-linux-gnu/libstdc++.so.6.0.30
70e0ea21b000-70e0ea226000 r--p 0021a000 103:07 9962427                   /usr/lib/x86_64-linux-gnu/libstdc++.so.6.0.30
70e0ea226000-70e0ea229000 rw-p 00225000 103:07 9962427                   /usr/lib/x86_64-linux-gnu/libstdc++.so.6.0.30
70e0ea229000-70e0ea22c000 rw-p 00000000 00:00 0 
70e0ea247000-70e0ea600000 rw-p 00000000 00:00 0 
70e0ea600000-70e0ea65d000 r-xp 00000000 103:07 1733681                   /home/laurence/projects/iwoca/accelerate_runner/jre/lib/amd64/libfontmanager.so
70e0ea65d000-70e0ea85d000 ---p 0005d000 103:07 1733681                   /home/laurence/projects/iwoca/accelerate_runner/jre/lib/amd64/libfontmanager.so
70e0ea85d000-70e0ea860000 r--p 0005d000 103:07 1733681                   /home/laurence/projects/iwoca/accelerate_runner/jre/lib/amd64/libfontmanager.so
70e0ea860000-70e0ea861000 rw-p 00060000 103:07 1733681                   /home/laurence/projects/iwoca/accelerate_runner/jre/lib/amd64/libfontmanager.so
70e0ea88e000-70e0eac00000 rw-p 00000000 00:00 0 
70e0eac00000-70e0eac53000 r-xp 00000000 103:07 1733718                   /home/laurence/projects/iwoca/accelerate_runner/jre/lib/amd64/libawt_xawt.so
70e0eac53000-70e0eae52000 ---p 00053000 103:07 1733718                   /home/laurence/projects/iwoca/accelerate_runner/jre/lib/amd64/libawt_xawt.so
70e0eae52000-70e0eae53000 r--p 00052000 103:07 1733718                   /home/laurence/projects/iwoca/accelerate_runner/jre/lib/amd64/libawt_xawt.so
70e0eae53000-70e0eae56000 rw-p 00053000 103:07 1733718                   /home/laurence/projects/iwoca/accelerate_runner/jre/lib/amd64/libawt_xawt.so
70e0eae56000-70e0eae57000 rw-p 00000000 00:00 0 
70e0eae8e000-70e0eb200000 rw-p 00000000 00:00 0 
70e0eb200000-70e0eb29f000 r-xp 00000000 103:07 1733703                   /home/laurence/projects/iwoca/accelerate_runner/jre/lib/amd64/libawt.so
70e0eb29f000-70e0eb49f000 ---p 0009f000 103:07 1733703                   /home/laurence/projects/iwoca/accelerate_runner/jre/lib/amd64/libawt.so
70e0eb49f000-70e0eb4a0000 r--p 0009f000 103:07 1733703                   /home/laurence/projects/iwoca/accelerate_runner/jre/lib/amd64/libawt.so
70e0eb4a0000-70e0eb4ab000 rw-p 000a0000 103:07 1733703                   /home/laurence/projects/iwoca/accelerate_runner/jre/lib/amd64/libawt.so
70e0eb4ab000-70e0eb4d0000 rw-p 00000000 00:00 0 
70e0eb647000-70e0eba00000 rw-p 00000000 00:00 0 
70e0eba00000-70e0eba08000 r-xp 00000000 103:07 1733728                   /home/laurence/projects/iwoca/accelerate_runner/jre/lib/amd64/libmanagement.so
70e0eba08000-70e0ebc08000 ---p 00008000 103:07 1733728                   /home/laurence/projects/iwoca/accelerate_runner/jre/lib/amd64/libmanagement.so
70e0ebc08000-70e0ebc09000 r--p 00008000 103:07 1733728                   /home/laurence/projects/iwoca/accelerate_runner/jre/lib/amd64/libmanagement.so
70e0ebc09000-70e0ebc0a000 rw-p 00009000 103:07 1733728                   /home/laurence/projects/iwoca/accelerate_runner/jre/lib/amd64/libmanagement.so
70e0ebc47000-70e0ebe00000 rw-p 00000000 00:00 0 
70e0ebe00000-70e0ebe03000 ---p 00000000 00:00 0 
70e0ebe03000-70e0ebf00000 rwxp 00000000 00:00 0 
70e0ebf00000-70e0ebf03000 ---p 00000000 00:00 0 
70e0ebf03000-70e0ec000000 rwxp 00000000 00:00 0 
70e0ec000000-70e0ec021000 rw-p 00000000 00:00 0 
70e0ec021000-70e0f0000000 ---p 00000000 00:00 0 
70e0f0000000-70e0f0003000 ---p 00000000 00:00 0 
70e0f0003000-70e0f0100000 rwxp 00000000 00:00 0 
70e0f0100000-70e0f0103000 ---p 00000000 00:00 0 
70e0f0103000-70e0f0200000 rwxp 00000000 00:00 0 
70e0f0200000-70e0f03c0000 rw-p 00000000 00:00 0 
70e0f03c0000-70e0f05c0000 rw-p 00000000 00:00 0 
70e0f05c0000-70e0f0800000 rw-p 00000000 00:00 0 
70e0f0800000-70e0f0811000 r-xp 00000000 103:07 1733720                   /home/laurence/projects/iwoca/accelerate_runner/jre/lib/amd64/libnio.so
70e0f0811000-70e0f0a10000 ---p 00011000 103:07 1733720                   /home/laurence/projects/iwoca/accelerate_runner/jre/lib/amd64/libnio.so
70e0f0a10000-70e0f0a11000 r--p 00010000 103:07 1733720                   /home/laurence/projects/iwoca/accelerate_runner/jre/lib/amd64/libnio.so
70e0f0a11000-70e0f0a12000 rw-p 00011000 103:07 1733720                   /home/laurence/projects/iwoca/accelerate_runner/jre/lib/amd64/libnio.so
70e0f0b00000-70e0f0b03000 ---p 00000000 00:00 0 
70e0f0b03000-70e0f0c00000 rwxp 00000000 00:00 0 
70e0f0c00000-70e0f0c03000 ---p 00000000 00:00 0 
70e0f0c03000-70e0f0d00000 rwxp 00000000 00:00 0 
70e0f0d00000-70e0f0d03000 ---p 00000000 00:00 0 
70e0f0d03000-70e0f0e00000 rwxp 00000000 00:00 0 
70e0f0e00000-70e0f3e01000 rw-p 00000000 00:00 0 
70e0f3f00000-70e0f3f03000 ---p 00000000 00:00 0 
70e0f3f03000-70e0f4000000 rwxp 00000000 00:00 0 
70e0f4000000-70e0f4021000 rw-p 00000000 00:00 0 
70e0f4021000-70e0f8000000 ---p 00000000 00:00 0 
70e0f8000000-70e0f8003000 ---p 00000000 00:00 0 
70e0f8003000-70e0f8100000 rwxp 00000000 00:00 0 
70e0f8100000-70e0f8103000 ---p 00000000 00:00 0 
70e0f8103000-70e0f8200000 rwxp 00000000 00:00 0 
70e0f8200000-70e0f83c0000 rw-p 00000000 00:00 0 
70e0f83c0000-70e0f8600000 rw-p 00000000 00:00 0 
70e0f8600000-70e0f8616000 r-xp 00000000 103:07 1733710                   /home/laurence/projects/iwoca/accelerate_runner/jre/lib/amd64/libnet.so
70e0f8616000-70e0f8815000 ---p 00016000 103:07 1733710                   /home/laurence/projects/iwoca/accelerate_runner/jre/lib/amd64/libnet.so
70e0f8815000-70e0f8816000 r--p 00015000 103:07 1733710                   /home/laurence/projects/iwoca/accelerate_runner/jre/lib/amd64/libnet.so
70e0f8816000-70e0f8817000 rw-p 00016000 103:07 1733710                   /home/laurence/projects/iwoca/accelerate_runner/jre/lib/amd64/libnet.so
70e0f88cd000-70e0f88e6000 r--p 00000000 103:07 9963815                   /usr/lib/x86_64-linux-gnu/libX11.so.6.4.0
70e0f88e6000-70e0f8972000 r-xp 00019000 103:07 9963815                   /usr/lib/x86_64-linux-gnu/libX11.so.6.4.0
70e0f8972000-70e0f8a07000 r--p 000a5000 103:07 9963815                   /usr/lib/x86_64-linux-gnu/libX11.so.6.4.0
70e0f8a07000-70e0f8a08000 ---p 0013a000 103:07 9963815                   /usr/lib/x86_64-linux-gnu/libX11.so.6.4.0
70e0f8a08000-70e0f8a09000 r--p 0013a000 103:07 9963815                   /usr/lib/x86_64-linux-gnu/libX11.so.6.4.0
70e0f8a09000-70e0f8a0d000 rw-p 0013b000 103:07 9963815                   /usr/lib/x86_64-linux-gnu/libX11.so.6.4.0
70e0f8a0d000-70e0f8a10000 ---p 00000000 00:00 0 
70e0f8a10000-70e0f8b0d000 rwxp 00000000 00:00 0 
70e0f8b0d000-70e0f8bfb000 r--s 02851000 103:07 1738034                   /home/laurence/projects/iwoca/accelerate_runner/record/bin/record-and-upload.jar
70e0f8bfb000-70e0f8bfc000 ---p 00000000 00:00 0 
70e0f8bfc000-70e0f8cfc000 rwxp 00000000 00:00 0 
70e0f8cfc000-70e0f8cff000 ---p 00000000 00:00 0 
70e0f8cff000-70e0f8dfc000 rwxp 00000000 00:00 0 
70e0f8dfc000-70e0f8dfd000 ---p 00000000 00:00 0 
70e0f8dfd000-70e0f8e00000 ---p 00000000 00:00 0 
70e0f8e00000-70e0f8efd000 rwxp 00000000 00:00 0 
70e0f8efd000-70e0f8efe000 ---p 00000000 00:00 0 
70e0f8efe000-70e0f8f01000 ---p 00000000 00:00 0 
70e0f8f01000-70e0f8ffe000 rwxp 00000000 00:00 0 
70e0f8ffe000-70e0f8fff000 ---p 00000000 00:00 0 
70e0f8fff000-70e0f9002000 ---p 00000000 00:00 0 
70e0f9002000-70e0f90ff000 rwxp 00000000 00:00 0 
70e0f90ff000-70e0f9100000 ---p 00000000 00:00 0 
70e0f9100000-70e0f9103000 ---p 00000000 00:00 0 
70e0f9103000-70e0f9200000 rwxp 00000000 00:00 0 
70e0f9200000-70e0f9478000 r--p 00000000 103:07 10096112                  /usr/lib/locale/aa_DJ.utf8/LC_COLLATE
70e0f94ec000-70e0f94ef000 ---p 00000000 00:00 0 
70e0f94ef000-70e0f95ec000 rwxp 00000000 00:00 0 
70e0f95ec000-70e0f95ef000 ---p 00000000 00:00 0 
70e0f95ef000-70e0f96ec000 rwxp 00000000 00:00 0 
70e0f96ec000-70e0f96ef000 ---p 00000000 00:00 0 
70e0f96ef000-70e0f97ec000 rwxp 00000000 00:00 0 
70e0f97ec000-70e0f97ed000 ---p 00000000 00:00 0 
70e0f97ed000-70e0f98ed000 rwxp 00000000 00:00 0 
70e0f98ed000-70e0fb7bf000 rw-p 00000000 00:00 0 
70e0fb800000-70e0fb846000 rw-p 00000000 00:00 0 
70e0fb846000-70e0fba80000 ---p 00000000 00:00 0 
70e0fbaff000-70e0fbc46000 rw-p 00000000 00:00 0 
70e0fbc46000-70e0fbe7f000 ---p 00000000 00:00 0 
70e0fbe7f000-70e0fbe99000 rw-p 00000000 00:00 0 
70e0fbe99000-70e0fbfbf000 ---p 00000000 00:00 0 
70e0fbfbf000-70e0fbfc0000 rw-p 00000000 00:00 0 
70e0fc000000-70e0fc016000 rw-p 00000000 00:00 0 
70e0fc016000-70e0fc3c0000 ---p 00000000 00:00 0 
70e0fc400000-70e0fc950000 rwxp 00000000 00:00 0 
70e0fc950000-70e10b400000 ---p 00000000 00:00 0 
70e10b400000-70e10b41a000 r-xp 00000000 103:07 1733701                   /home/laurence/projects/iwoca/accelerate_runner/jre/lib/amd64/libzip.so
70e10b41a000-70e10b61a000 ---p 0001a000 103:07 1733701                   /home/laurence/projects/iwoca/accelerate_runner/jre/lib/amd64/libzip.so
70e10b61a000-70e10b61b000 r--p 0001a000 103:07 1733701                   /home/laurence/projects/iwoca/accelerate_runner/jre/lib/amd64/libzip.so
70e10b61b000-70e10b61c000 rw-p 0001b000 103:07 1733701                   /home/laurence/projects/iwoca/accelerate_runner/jre/lib/amd64/libzip.so
70e10b6fd000-70e10ba00000 rw-p 00000000 00:00 0 
70e10ba00000-70e10ba2d000 r-xp 00000000 103:07 1733723                   /home/laurence/projects/iwoca/accelerate_runner/jre/lib/amd64/libjava.so
70e10ba2d000-70e10bc2c000 ---p 0002d000 103:07 1733723                   /home/laurence/projects/iwoca/accelerate_runner/jre/lib/amd64/libjava.so
70e10bc2c000-70e10bc2d000 r--p 0002c000 103:07 1733723                   /home/laurence/projects/iwoca/accelerate_runner/jre/lib/amd64/libjava.so
70e10bc2d000-70e10bc2f000 rw-p 0002d000 103:07 1733723                   /home/laurence/projects/iwoca/accelerate_runner/jre/lib/amd64/libjava.so
70e10bc87000-70e10bc89000 r--p 00000000 103:07 9967444                   /usr/lib/x86_64-linux-gnu/libXfixes.so.3.1.0
70e10bc89000-70e10bc8c000 r-xp 00002000 103:07 9967444                   /usr/lib/x86_64-linux-gnu/libXfixes.so.3.1.0
70e10bc8c000-70e10bc8d000 r--p 00005000 103:07 9967444                   /usr/lib/x86_64-linux-gnu/libXfixes.so.3.1.0
70e10bc8d000-70e10bc8e000 r--p 00006000 103:07 9967444                   /usr/lib/x86_64-linux-gnu/libXfixes.so.3.1.0
70e10bc8e000-70e10bc8f000 rw-p 00007000 103:07 9967444                   /usr/lib/x86_64-linux-gnu/libXfixes.so.3.1.0
70e10bc8f000-70e10bc91000 r--p 00000000 103:07 9967436                   /usr/lib/x86_64-linux-gnu/libXcursor.so.1.0.2
70e10bc91000-70e10bc97000 r-xp 00002000 103:07 9967436                   /usr/lib/x86_64-linux-gnu/libXcursor.so.1.0.2
70e10bc97000-70e10bc99000 r--p 00008000 103:07 9967436                   /usr/lib/x86_64-linux-gnu/libXcursor.so.1.0.2
70e10bc99000-70e10bc9a000 r--p 00009000 103:07 9967436                   /usr/lib/x86_64-linux-gnu/libXcursor.so.1.0.2
70e10bc9a000-70e10bc9b000 rw-p 0000a000 103:07 9967436                   /usr/lib/x86_64-linux-gnu/libXcursor.so.1.0.2
70e10bc9b000-70e10bc9e000 r--p 00000000 103:07 9962382                   /usr/lib/x86_64-linux-gnu/libgcc_s.so.1
70e10bc9e000-70e10bcb5000 r-xp 00003000 103:07 9962382                   /usr/lib/x86_64-linux-gnu/libgcc_s.so.1
70e10bcb5000-70e10bcb9000 r--p 0001a000 103:07 9962382                   /usr/lib/x86_64-linux-gnu/libgcc_s.so.1
70e10bcb9000-70e10bcba000 r--p 0001d000 103:07 9962382                   /usr/lib/x86_64-linux-gnu/libgcc_s.so.1
70e10bcba000-70e10bcbb000 rw-p 0001e000 103:07 9962382                   /usr/lib/x86_64-linux-gnu/libgcc_s.so.1
70e10bcbb000-70e10bcbf000 r--p 00000000 103:07 9967720                   /usr/lib/x86_64-linux-gnu/libbsd.so.0.11.5
70e10bcbf000-70e10bccc000 r-xp 00004000 103:07 9967720                   /usr/lib/x86_64-linux-gnu/libbsd.so.0.11.5
70e10bccc000-70e10bccf000 r--p 00011000 103:07 9967720                   /usr/lib/x86_64-linux-gnu/libbsd.so.0.11.5
70e10bccf000-70e10bcd0000 ---p 00014000 103:07 9967720                   /usr/lib/x86_64-linux-gnu/libbsd.so.0.11.5
70e10bcd0000-70e10bcd1000 r--p 00014000 103:07 9967720                   /usr/lib/x86_64-linux-gnu/libbsd.so.0.11.5
70e10bcd1000-70e10bcd2000 rw-p 00015000 103:07 9967720                   /usr/lib/x86_64-linux-gnu/libbsd.so.0.11.5
70e10bcd2000-70e10bcd3000 rw-p 00000000 00:00 0 
70e10bcd3000-70e10bcde000 r--p 00000000 103:07 9969041                   /usr/lib/x86_64-linux-gnu/libxcb.so.1.1.0
70e10bcde000-70e10bcf2000 r-xp 0000b000 103:07 9969041                   /usr/lib/x86_64-linux-gnu/libxcb.so.1.1.0
70e10bcf2000-70e10bcfb000 r--p 0001f000 103:07 9969041                   /usr/lib/x86_64-linux-gnu/libxcb.so.1.1.0
70e10bcfb000-70e10bcfc000 r--p 00027000 103:07 9969041                   /usr/lib/x86_64-linux-gnu/libxcb.so.1.1.0
70e10bcfc000-70e10bcfd000 rw-p 00028000 103:07 9969041                   /usr/lib/x86_64-linux-gnu/libxcb.so.1.1.0
70e10bcfd000-70e10c000000 rw-p 00000000 00:00 0 
70e10c000000-70e10cb07000 rw-p 00000000 00:00 0 
70e10cb07000-70e110000000 ---p 00000000 00:00 0 
70e110003000-70e110005000 r--p 00000000 103:07 9968386                   /usr/lib/x86_64-linux-gnu/libmd.so.0.0.5
70e110005000-70e11000c000 r-xp 00002000 103:07 9968386                   /usr/lib/x86_64-linux-gnu/libmd.so.0.0.5
70e11000c000-70e11000e000 r--p 00009000 103:07 9968386                   /usr/lib/x86_64-linux-gnu/libmd.so.0.0.5
70e11000e000-70e11000f000 r--p 0000a000 103:07 9968386                   /usr/lib/x86_64-linux-gnu/libmd.so.0.0.5
70e11000f000-70e110010000 rw-p 0000b000 103:07 9968386                   /usr/lib/x86_64-linux-gnu/libmd.so.0.0.5
70e110010000-70e110013000 r--p 00000000 103:07 9967450                   /usr/lib/x86_64-linux-gnu/libXi.so.6.1.0
70e110013000-70e11001f000 r-xp 00003000 103:07 9967450                   /usr/lib/x86_64-linux-gnu/libXi.so.6.1.0
70e11001f000-70e110022000 r--p 0000f000 103:07 9967450                   /usr/lib/x86_64-linux-gnu/libXi.so.6.1.0
70e110022000-70e110023000 r--p 00011000 103:07 9967450                   /usr/lib/x86_64-linux-gnu/libXi.so.6.1.0
70e110023000-70e110024000 rw-p 00012000 103:07 9967450                   /usr/lib/x86_64-linux-gnu/libXi.so.6.1.0
70e110024000-70e110125000 rw-p 00000000 00:00 0 
70e110125000-70e1102ff000 r--s 03d6c000 103:07 1733650                   /home/laurence/projects/iwoca/accelerate_runner/jre/lib/rt.jar
70e1102ff000-70e110300000 ---p 00000000 00:00 0 
70e110300000-70e110400000 rwxp 00000000 00:00 0 
70e110400000-70e11040d000 r-xp 00000000 103:07 1733682                   /home/laurence/projects/iwoca/accelerate_runner/jre/lib/amd64/libverify.so
70e11040d000-70e11060c000 ---p 0000d000 103:07 1733682                   /home/laurence/projects/iwoca/accelerate_runner/jre/lib/amd64/libverify.so
70e11060c000-70e11060e000 r--p 0000c000 103:07 1733682                   /home/laurence/projects/iwoca/accelerate_runner/jre/lib/amd64/libverify.so
70e11060e000-70e11060f000 rw-p 0000e000 103:07 1733682                   /home/laurence/projects/iwoca/accelerate_runner/jre/lib/amd64/libverify.so
70e110614000-70e110616000 r--p 00000000 103:07 9967440                   /usr/lib/x86_64-linux-gnu/libXdmcp.so.6.0.0
70e110616000-70e110618000 r-xp 00002000 103:07 9967440                   /usr/lib/x86_64-linux-gnu/libXdmcp.so.6.0.0
70e110618000-70e11061a000 r--p 00004000 103:07 9967440                   /usr/lib/x86_64-linux-gnu/libXdmcp.so.6.0.0
70e11061a000-70e11061b000 r--p 00005000 103:07 9967440                   /usr/lib/x86_64-linux-gnu/libXdmcp.so.6.0.0
70e11061b000-70e11061c000 rw-p 00006000 103:07 9967440                   /usr/lib/x86_64-linux-gnu/libXdmcp.so.6.0.0
70e11061c000-70e11061d000 r--p 00000000 103:07 9967429                   /usr/lib/x86_64-linux-gnu/libXau.so.6.0.0
70e11061d000-70e11061f000 r-xp 00001000 103:07 9967429                   /usr/lib/x86_64-linux-gnu/libXau.so.6.0.0
70e11061f000-70e110620000 r--p 00003000 103:07 9967429                   /usr/lib/x86_64-linux-gnu/libXau.so.6.0.0
70e110620000-70e110621000 r--p 00003000 103:07 9967429                   /usr/lib/x86_64-linux-gnu/libXau.so.6.0.0
70e110621000-70e110622000 rw-p 00004000 103:07 9967429                   /usr/lib/x86_64-linux-gnu/libXau.so.6.0.0
70e110622000-70e110624000 r--p 00000000 103:07 9967468                   /usr/lib/x86_64-linux-gnu/libXtst.so.6.1.0
70e110624000-70e110627000 r-xp 00002000 103:07 9967468                   /usr/lib/x86_64-linux-gnu/libXtst.so.6.1.0
70e110627000-70e110628000 r--p 00005000 103:07 9967468                   /usr/lib/x86_64-linux-gnu/libXtst.so.6.1.0
70e110628000-70e110629000 r--p 00005000 103:07 9967468                   /usr/lib/x86_64-linux-gnu/libXtst.so.6.1.0
70e110629000-70e11062a000 rw-p 00006000 103:07 9967468                   /usr/lib/x86_64-linux-gnu/libXtst.so.6.1.0
70e11062a000-70e11062e000 r--p 00000000 103:07 9967442                   /usr/lib/x86_64-linux-gnu/libXext.so.6.4.0
70e11062e000-70e110639000 r-xp 00004000 103:07 9967442                   /usr/lib/x86_64-linux-gnu/libXext.so.6.4.0
70e110639000-70e11063d000 r--p 0000f000 103:07 9967442                   /usr/lib/x86_64-linux-gnu/libXext.so.6.4.0
70e11063d000-70e11063e000 r--p 00012000 103:07 9967442                   /usr/lib/x86_64-linux-gnu/libXext.so.6.4.0
70e11063e000-70e11063f000 rw-p 00013000 103:07 9967442                   /usr/lib/x86_64-linux-gnu/libXext.so.6.4.0
70e110654000-70e110667000 r--s 00345000 103:07 1737980                   /home/laurence/projects/iwoca/accelerate_runner/jre/lib/resources.jar
70e110667000-70e11066a000 ---p 00000000 00:00 0 
70e11066a000-70e1106a0000 rwxp 00000000 00:00 0 
70e1106a0000-70e1106a1000 r--p 00000000 103:07 9968504                   /usr/lib/x86_64-linux-gnu/libnss_mdns4_minimal.so.2
70e1106a1000-70e1106a3000 r-xp 00001000 103:07 9968504                   /usr/lib/x86_64-linux-gnu/libnss_mdns4_minimal.so.2
70e1106a3000-70e1106a4000 r--p 00003000 103:07 9968504                   /usr/lib/x86_64-linux-gnu/libnss_mdns4_minimal.so.2
70e1106a4000-70e1106a5000 r--p 00003000 103:07 9968504                   /usr/lib/x86_64-linux-gnu/libnss_mdns4_minimal.so.2
70e1106a5000-70e1106a6000 rw-p 00004000 103:07 9968504                   /usr/lib/x86_64-linux-gnu/libnss_mdns4_minimal.so.2
70e1106a6000-70e1106fd000 r--p 00000000 103:07 10114403                  /usr/lib/locale/C.utf8/LC_CTYPE
70e1106fd000-70e1106fe000 ---p 00000000 00:00 0 
70e1106fe000-70e1107fe000 rwxp 00000000 00:00 0 
70e1107fe000-70e1107ff000 ---p 00000000 00:00 0 
70e1107ff000-70e1108ff000 rwxp 00000000 00:00 0 
70e1108ff000-70e110900000 ---p 00000000 00:00 0 
70e110900000-70e110a00000 rwxp 00000000 00:00 0 
70e110a00000-70e1116e2000 r-xp 00000000 103:07 1733698                   /home/laurence/projects/iwoca/accelerate_runner/jre/lib/amd64/server/libjvm.so
70e1116e2000-70e1118e2000 ---p 00ce2000 103:07 1733698                   /home/laurence/projects/iwoca/accelerate_runner/jre/lib/amd64/server/libjvm.so
70e1118e2000-70e111978000 r--p 00ce2000 103:07 1733698                   /home/laurence/projects/iwoca/accelerate_runner/jre/lib/amd64/server/libjvm.so
70e111978000-70e1119a9000 rw-p 00d78000 103:07 1733698                   /home/laurence/projects/iwoca/accelerate_runner/jre/lib/amd64/server/libjvm.so
70e1119a9000-70e1119e4000 rw-p 00000000 00:00 0 
70e1119e4000-70e1119e9000 r--s 002f9000 103:07 1737978                   /home/laurence/projects/iwoca/accelerate_runner/jre/lib/charsets.jar
70e1119e9000-70e1119eb000 r--p 00000000 103:07 9967462                   /usr/lib/x86_64-linux-gnu/libXrender.so.1.3.0
70e1119eb000-70e1119f2000 r-xp 00002000 103:07 9967462                   /usr/lib/x86_64-linux-gnu/libXrender.so.1.3.0
70e1119f2000-70e1119f4000 r--p 00009000 103:07 9967462                   /usr/lib/x86_64-linux-gnu/libXrender.so.1.3.0
70e1119f4000-70e1119f5000 r--p 0000a000 103:07 9967462                   /usr/lib/x86_64-linux-gnu/libXrender.so.1.3.0
70e1119f5000-70e1119f6000 rw-p 0000b000 103:07 9967462                   /usr/lib/x86_64-linux-gnu/libXrender.so.1.3.0
70e1119f6000-70e1119f9000 r--s 0001a000 103:07 1737992                   /home/laurence/projects/iwoca/accelerate_runner/jre/lib/jce.jar
70e1119f9000-70e1119fe000 r--s 000a0000 103:07 1737972                   /home/laurence/projects/iwoca/accelerate_runner/jre/lib/jsse.jar
70e1119fe000-70e1119ff000 ---p 00000000 00:00 0 
70e1119ff000-70e111aff000 rwxp 00000000 00:00 0 
70e111aff000-70e111b00000 ---p 00000000 00:00 0 
70e111b00000-70e111c00000 rwxp 00000000 00:00 0 
70e111c00000-70e111c28000 r--p 00000000 103:07 9961549                   /usr/lib/x86_64-linux-gnu/libc.so.6
70e111c28000-70e111dbd000 r-xp 00028000 103:07 9961549                   /usr/lib/x86_64-linux-gnu/libc.so.6
70e111dbd000-70e111e15000 r--p 001bd000 103:07 9961549                   /usr/lib/x86_64-linux-gnu/libc.so.6
70e111e15000-70e111e16000 ---p 00215000 103:07 9961549                   /usr/lib/x86_64-linux-gnu/libc.so.6
70e111e16000-70e111e1a000 r--p 00215000 103:07 9961549                   /usr/lib/x86_64-linux-gnu/libc.so.6
70e111e1a000-70e111e1c000 rw-p 00219000 103:07 9961549                   /usr/lib/x86_64-linux-gnu/libc.so.6
70e111e1c000-70e111e29000 rw-p 00000000 00:00 0 
70e111e29000-70e111e2e000 r--s 0003f000 103:07 1733676                   /home/laurence/projects/iwoca/accelerate_runner/jre/lib/ext/sunjce_provider.jar
70e111e2e000-70e111eff000 rw-p 00000000 00:00 0 
70e111eff000-70e111f00000 ---p 00000000 00:00 0 
70e111f00000-70e112000000 rwxp 00000000 00:00 0 
70e112000000-70e112017000 r-xp 00000000 103:07 1733690                   /home/laurence/projects/iwoca/accelerate_runner/jre/lib/amd64/jli/libjli.so
70e112017000-70e112216000 ---p 00017000 103:07 1733690                   /home/laurence/projects/iwoca/accelerate_runner/jre/lib/amd64/jli/libjli.so
70e112216000-70e112217000 r--p 00016000 103:07 1733690                   /home/laurence/projects/iwoca/accelerate_runner/jre/lib/amd64/jli/libjli.so
70e112217000-70e112218000 rw-p 00017000 103:07 1733690                   /home/laurence/projects/iwoca/accelerate_runner/jre/lib/amd64/jli/libjli.so
70e11221a000-70e11221b000 r--p 00000000 103:07 1582161                   /usr/share/locale-langpack/en_GB/LC_MESSAGES/libc.mo
70e11221b000-70e11221c000 r--p 00000000 103:07 10096132                  /usr/lib/locale/aa_ET/LC_NUMERIC
70e11221c000-70e11221d000 r--p 00000000 103:07 10112428                  /usr/lib/locale/en_GB.utf8/LC_TIME
70e11221d000-70e11221e000 r--p 00000000 103:07 10112200                  /usr/lib/locale/cy_GB.utf8/LC_MONETARY
70e11221e000-70e11221f000 r--p 00000000 103:07 10112359                  /usr/lib/locale/en_AG/LC_MESSAGES/SYS_LC_MESSAGES
70e11221f000-70e112220000 r--p 00000000 103:07 10114410                  /usr/lib/locale/C.utf8/LC_PAPER
70e112220000-70e112295000 rw-p 00000000 00:00 0 
70e112295000-70e112296000 ---p 00000000 00:00 0 
70e112296000-70e112396000 rwxp 00000000 00:00 0 
70e112396000-70e112397000 r--p 00000000 103:07 9963727                   /usr/lib/x86_64-linux-gnu/librt.so.1
70e112397000-70e112398000 r-xp 00001000 103:07 9963727                   /usr/lib/x86_64-linux-gnu/librt.so.1
70e112398000-70e112399000 r--p 00002000 103:07 9963727                   /usr/lib/x86_64-linux-gnu/librt.so.1
70e112399000-70e11239a000 r--p 00002000 103:07 9963727                   /usr/lib/x86_64-linux-gnu/librt.so.1
70e11239a000-70e11239b000 rw-p 00003000 103:07 9963727                   /usr/lib/x86_64-linux-gnu/librt.so.1
70e11239b000-70e11239c000 ---p 00000000 00:00 0 
70e11239c000-70e11239f000 ---p 00000000 00:00 0 
70e11239f000-70e11249c000 rwxp 00000000 00:00 0 
70e11249c000-70e1124aa000 r--p 00000000 103:07 9963621                   /usr/lib/x86_64-linux-gnu/libm.so.6
70e1124aa000-70e112526000 r-xp 0000e000 103:07 9963621                   /usr/lib/x86_64-linux-gnu/libm.so.6
70e112526000-70e112581000 r--p 0008a000 103:07 9963621                   /usr/lib/x86_64-linux-gnu/libm.so.6
70e112581000-70e112582000 r--p 000e4000 103:07 9963621                   /usr/lib/x86_64-linux-gnu/libm.so.6
70e112582000-70e112583000 rw-p 000e5000 103:07 9963621                   /usr/lib/x86_64-linux-gnu/libm.so.6
70e112583000-70e112585000 rw-p 00000000 00:00 0 
70e112585000-70e112586000 r--p 00000000 103:07 9963616                   /usr/lib/x86_64-linux-gnu/libdl.so.2
70e112586000-70e112587000 r-xp 00001000 103:07 9963616                   /usr/lib/x86_64-linux-gnu/libdl.so.2
70e112587000-70e112588000 r--p 00002000 103:07 9963616                   /usr/lib/x86_64-linux-gnu/libdl.so.2
70e112588000-70e112589000 r--p 00002000 103:07 9963616                   /usr/lib/x86_64-linux-gnu/libdl.so.2
70e112589000-70e11258a000 rw-p 00003000 103:07 9963616                   /usr/lib/x86_64-linux-gnu/libdl.so.2
70e11258a000-70e11258b000 r--p 00000000 103:07 9963711                   /usr/lib/x86_64-linux-gnu/libpthread.so.0
70e11258b000-70e11258c000 r-xp 00001000 103:07 9963711                   /usr/lib/x86_64-linux-gnu/libpthread.so.0
70e11258c000-70e11258d000 r--p 00002000 103:07 9963711                   /usr/lib/x86_64-linux-gnu/libpthread.so.0
70e11258d000-70e11258e000 r--p 00002000 103:07 9963711                   /usr/lib/x86_64-linux-gnu/libpthread.so.0
70e11258e000-70e11258f000 rw-p 00003000 103:07 9963711                   /usr/lib/x86_64-linux-gnu/libpthread.so.0
70e11258f000-70e112590000 r--p 00000000 103:07 10110889                  /usr/lib/locale/bi_VU/LC_NAME
70e112590000-70e112591000 r--p 00000000 103:07 10112426                  /usr/lib/locale/en_GB.utf8/LC_ADDRESS
70e112591000-70e112592000 r--p 00000000 103:07 10112201                  /usr/lib/locale/cy_GB.utf8/LC_TELEPHONE
70e112592000-70e112593000 r--p 00000000 103:07 10114405                  /usr/lib/locale/C.utf8/LC_MEASUREMENT
70e112593000-70e11259a000 r--s 00000000 103:07 531669                    /usr/lib/x86_64-linux-gnu/gconv/gconv-modules.cache
70e11259a000-70e11259b000 r--p 00000000 103:07 10112427                  /usr/lib/locale/en_GB.utf8/LC_IDENTIFICATION
70e11259b000-70e1125a3000 rw-s 00000000 103:07 6422530                   /tmp/hsperfdata_laurence/7563
70e1125a3000-70e1125a6000 rw-p 00000000 00:00 0 
70e1125a6000-70e1125a8000 r--p 00000000 103:07 9961521                   /usr/lib/x86_64-linux-gnu/ld-linux-x86-64.so.2
70e1125a8000-70e1125d2000 r-xp 00002000 103:07 9961521                   /usr/lib/x86_64-linux-gnu/ld-linux-x86-64.so.2
70e1125d2000-70e1125dd000 r--p 0002c000 103:07 9961521                   /usr/lib/x86_64-linux-gnu/ld-linux-x86-64.so.2
70e1125dd000-70e1125de000 r--p 00000000 00:00 0 
70e1125de000-70e1125e0000 r--p 00037000 103:07 9961521                   /usr/lib/x86_64-linux-gnu/ld-linux-x86-64.so.2
70e1125e0000-70e1125e2000 rw-p 00039000 103:07 9961521                   /usr/lib/x86_64-linux-gnu/ld-linux-x86-64.so.2
7ffc043f8000-7ffc04419000 rwxp 00000000 00:00 0                          [stack]
7ffc04419000-7ffc0441a000 rw-p 00000000 00:00 0 
7ffc0445b000-7ffc0445f000 r--p 00000000 00:00 0                          [vvar]
7ffc0445f000-7ffc04461000 r-xp 00000000 00:00 0                          [vdso]
ffffffffff600000-ffffffffff601000 --xp 00000000 00:00 0                  [vsyscall]

VM Arguments:
jvm_args: -Dlogback.enableJansi=true 
java_command: /home/laurence/projects/iwoca/accelerate_runner/record/bin/record-and-upload.jar --config /home/laurence/projects/iwoca/accelerate_runner/config/credentials.config --store /home/laurence/projects/iwoca/accelerate_runner/record/localstore --sourcecode /home/laurence/projects/iwoca/accelerate_runner
java_class_path (initial): /home/laurence/projects/iwoca/accelerate_runner/record/bin/record-and-upload.jar
Launcher Type: SUN_STANDARD

Environment Variables:
PATH=/home/laurence/projects/iwoca/accelerate_runner/env/bin:/home/laurence/.elan/bin:/home/laurence/.local/bin:/home/laurence/.elan/bin:/home/laurence/.local/bin:/usr/local/sbin:/usr/local/bin:/usr/sbin:/usr/bin:/sbin:/bin:/usr/games:/usr/local/games:/snap/bin:/snap/bin:/usr/local/go/bin:/home/laurence/go/bin:/usr/local/go/bin:/home/laurence/go/bin
USERNAME=laurence
SHELL=/bin/bash
DISPLAY=:0

Signal Handlers:
SIGSEGV: [libjvm.so+0xaced60], sa_mask[0]=11111111011111111101111111111110, sa_flags=SA_RESTART|SA_SIGINFO
SIGBUS: [libjvm.so+0xaced60], sa_mask[0]=11111111011111111101111111111110, sa_flags=SA_RESTART|SA_SIGINFO
SIGFPE: [libjvm.so+0x907ca0], sa_mask[0]=11111111011111111101111111111110, sa_flags=SA_RESTART|SA_SIGINFO
SIGPIPE: [libjvm.so+0x907ca0], sa_mask[0]=11111111011111111101111111111110, sa_flags=SA_RESTART|SA_SIGINFO
SIGXFSZ: [libjvm.so+0x907ca0], sa_mask[0]=11111111011111111101111111111110, sa_flags=SA_RESTART|SA_SIGINFO
SIGILL: [libjvm.so+0x907ca0], sa_mask[0]=11111111011111111101111111111110, sa_flags=SA_RESTART|SA_SIGINFO
SIGUSR1: SIG_DFL, sa_mask[0]=00000000000000000000000000000000, sa_flags=none
SIGUSR2: [libjvm.so+0x907b70], sa_mask[0]=00000000000000000000000000000000, sa_flags=SA_RESTART|SA_SIGINFO
SIGHUP: [libjvm.so+0x908190], sa_mask[0]=11111111011111111101111111111110, sa_flags=SA_RESTART|SA_SIGINFO
SIGINT: [libjvm.so+0x908190], sa_mask[0]=11111111011111111101111111111110, sa_flags=SA_RESTART|SA_SIGINFO
SIGTERM: [libjvm.so+0x908190], sa_mask[0]=11111111011111111101111111111110, sa_flags=SA_RESTART|SA_SIGINFO
SIGQUIT: [libjvm.so+0x908190], sa_mask[0]=11111111011111111101111111111110, sa_flags=SA_RESTART|SA_SIGINFO


---------------  S Y S T E M  ---------------

OS:DISTRIB_ID=Ubuntu
DISTRIB_RELEASE=22.04
DISTRIB_CODENAME=jammy
DISTRIB_DESCRIPTION="Ubuntu 22.04.5 LTS"

uname:Linux 6.8.0-57-generic #59~22.04.1-Ubuntu SMP PREEMPT_DYNAMIC Wed Mar 19 17:07:41 UTC 2 x86_64
libc:glibc 2.35 NPTL 2.35 
rlimit: STACK 8192k, CORE 0k, NPROC 30369, NOFILE 1048576, AS infinity
load average:1.17 0.82 0.68

/proc/meminfo:
MemTotal:        7853972 kB
MemFree:          464732 kB
MemAvailable:    3713772 kB
Buffers:          152152 kB
Cached:          3804240 kB
SwapCached:          140 kB
Active:          3028012 kB
Inactive:        3532528 kB
Active(anon):    2149776 kB
Inactive(anon):  1063244 kB
Active(file):     878236 kB
Inactive(file):  2469284 kB
Unevictable:      160404 kB
Mlocked:              16 kB
SwapTotal:       2097148 kB
SwapFree:        2095612 kB
Zswap:                 0 kB
Zswapped:              0 kB
Dirty:              1428 kB
Writeback:             0 kB
AnonPages:       2764508 kB
Mapped:           776296 kB
Shmem:            608856 kB
KReclaimable:     212248 kB
Slab:             423544 kB
SReclaimable:     212248 kB
SUnreclaim:       211296 kB
KernelStack:       19392 kB
PageTables:        45676 kB
SecPageTables:         0 kB
NFS_Unstable:          0 kB
Bounce:                0 kB
WritebackTmp:          0 kB
CommitLimit:     6024132 kB
Committed_AS:   10755092 kB
VmallocTotal:   34359738367 kB
VmallocUsed:       54920 kB
VmallocChunk:          0 kB
Percpu:             8768 kB
HardwareCorrupted:     0 kB
AnonHugePages:     28672 kB
ShmemHugePages:   440320 kB
ShmemPmdMapped:        0 kB
FileHugePages:         0 kB
FilePmdMapped:         0 kB
Unaccepted:            0 kB
HugePages_Total:       0
HugePages_Free:        0
HugePages_Rsvd:        0
HugePages_Surp:        0
Hugepagesize:       2048 kB
Hugetlb:               0 kB
DirectMap4k:      218628 kB
DirectMap2M:     3696640 kB
DirectMap1G:     5242880 kB


CPU:total 8 (initial active 8) (4 cores per cpu, 2 threads per core) family 6 model 140 stepping 1, cmov, cx8, fxsr, mmx, sse, sse2, sse3, ssse3, sse4.1, sse4.2, popcnt, avx, avx2, aes, clmul, erms, 3dnowpref, lzcnt, ht, tsc, tscinvbit, bmi1, bmi2, adx

/proc/cpuinfo:
processor	: 0
vendor_id	: GenuineIntel
cpu family	: 6
model		: 140
model name	: 11th Gen Intel(R) Core(TM) i7-1165G7 @ 2.80GHz
stepping	: 1
microcode	: 0xba
cpu MHz		: 1299.986
cache size	: 12288 KB
physical id	: 0
siblings	: 8
core id		: 0
cpu cores	: 4
apicid		: 0
initial apicid	: 0
fpu		: yes
fpu_exception	: yes
cpuid level	: 27
wp		: yes
flags		: fpu vme de pse tsc msr pae mce cx8 apic sep mtrr pge mca cmov pat pse36 clflush dts acpi mmx fxsr sse sse2 ss ht tm pbe syscall nx pdpe1gb rdtscp lm constant_tsc art arch_perfmon pebs bts rep_good nopl xtopology nonstop_tsc cpuid aperfmperf tsc_known_freq pni pclmulqdq dtes64 monitor ds_cpl vmx est tm2 ssse3 sdbg fma cx16 xtpr pdcm pcid sse4_1 sse4_2 x2apic movbe popcnt tsc_deadline_timer aes xsave avx f16c rdrand lahf_lm abm 3dnowprefetch cpuid_fault epb cat_l2 cdp_l2 ssbd ibrs ibpb stibp ibrs_enhanced tpr_shadow flexpriority ept vpid ept_ad fsgsbase tsc_adjust bmi1 avx2 smep bmi2 erms invpcid rdt_a avx512f avx512dq rdseed adx smap avx512ifma clflushopt clwb intel_pt avx512cd sha_ni avx512bw avx512vl xsaveopt xsavec xgetbv1 xsaves split_lock_detect user_shstk dtherm ida arat pln pts hwp hwp_notify hwp_act_window hwp_epp hwp_pkg_req vnmi avx512vbmi umip pku ospke avx512_vbmi2 gfni vaes vpclmulqdq avx512_vnni avx512_bitalg avx512_vpopcntdq rdpid movdiri movdir64b fsrm avx512_vp2intersect md_clear ibt flush_l1d arch_capabilities
vmx flags	: vnmi preemption_timer posted_intr invvpid ept_x_only ept_ad ept_1gb flexpriority apicv tsc_offset vtpr mtf vapic ept vpid unrestricted_guest vapic_reg vid ple pml ept_mode_based_exec tsc_scaling
bugs		: spectre_v1 spectre_v2 spec_store_bypass swapgs eibrs_pbrsb gds bhi
bogomips	: 5606.40
clflush size	: 64
cache_alignment	: 64
address sizes	: 39 bits physical, 48 bits virtual
power management:

processor	: 1
vendor_id	: GenuineIntel
cpu family	: 6
model		: 140
model name	: 11th Gen Intel(R) Core(TM) i7-1165G7 @ 2.80GHz
stepping	: 1
microcode	: 0xba
cpu MHz		: 1299.987
cache size	: 12288 KB
physical id	: 0
siblings	: 8
core id		: 1
cpu cores	: 4
apicid		: 2
initial apicid	: 2
fpu		: yes
fpu_exception	: yes
cpuid level	: 27
wp		: yes
flags		: fpu vme de pse tsc msr pae mce cx8 apic sep mtrr pge mca cmov pat pse36 clflush dts acpi mmx fxsr sse sse2 ss ht tm pbe syscall nx pdpe1gb rdtscp lm constant_tsc art arch_perfmon pebs bts rep_good nopl xtopology nonstop_tsc cpuid aperfmperf tsc_known_freq pni pclmulqdq dtes64 monitor ds_cpl vmx est tm2 ssse3 sdbg fma cx16 xtpr pdcm pcid sse4_1 sse4_2 x2apic movbe popcnt tsc_deadline_timer aes xsave avx f16c rdrand lahf_lm abm 3dnowprefetch cpuid_fault epb cat_l2 cdp_l2 ssbd ibrs ibpb stibp ibrs_enhanced tpr_shadow flexpriority ept vpid ept_ad fsgsbase tsc_adjust bmi1 avx2 smep bmi2 erms invpcid rdt_a avx512f avx512dq rdseed adx smap avx512ifma clflushopt clwb intel_pt avx512cd sha_ni avx512bw avx512vl xsaveopt xsavec xgetbv1 xsaves split_lock_detect user_shstk dtherm ida arat pln pts hwp hwp_notify hwp_act_window hwp_epp hwp_pkg_req vnmi avx512vbmi umip pku ospke avx512_vbmi2 gfni vaes vpclmulqdq avx512_vnni avx512_bitalg avx512_vpopcntdq rdpid movdiri movdir64b fsrm avx512_vp2intersect md_clear ibt flush_l1d arch_capabilities
vmx flags	: vnmi preemption_timer posted_intr invvpid ept_x_only ept_ad ept_1gb flexpriority apicv tsc_offset vtpr mtf vapic ept vpid unrestricted_guest vapic_reg vid ple pml ept_mode_based_exec tsc_scaling
bugs		: spectre_v1 spectre_v2 spec_store_bypass swapgs eibrs_pbrsb gds bhi
bogomips	: 5606.40
clflush size	: 64
cache_alignment	: 64
address sizes	: 39 bits physical, 48 bits virtual
power management:

processor	: 2
vendor_id	: GenuineIntel
cpu family	: 6
model		: 140
model name	: 11th Gen Intel(R) Core(TM) i7-1165G7 @ 2.80GHz
stepping	: 1
microcode	: 0xba
cpu MHz		: 1300.000
cache size	: 12288 KB
physical id	: 0
siblings	: 8
core id		: 2
cpu cores	: 4
apicid		: 4
initial apicid	: 4
fpu		: yes
fpu_exception	: yes
cpuid level	: 27
wp		: yes
flags		: fpu vme de pse tsc msr pae mce cx8 apic sep mtrr pge mca cmov pat pse36 clflush dts acpi mmx fxsr sse sse2 ss ht tm pbe syscall nx pdpe1gb rdtscp lm constant_tsc art arch_perfmon pebs bts rep_good nopl xtopology nonstop_tsc cpuid aperfmperf tsc_known_freq pni pclmulqdq dtes64 monitor ds_cpl vmx est tm2 ssse3 sdbg fma cx16 xtpr pdcm pcid sse4_1 sse4_2 x2apic movbe popcnt tsc_deadline_timer aes xsave avx f16c rdrand lahf_lm abm 3dnowprefetch cpuid_fault epb cat_l2 cdp_l2 ssbd ibrs ibpb stibp ibrs_enhanced tpr_shadow flexpriority ept vpid ept_ad fsgsbase tsc_adjust bmi1 avx2 smep bmi2 erms invpcid rdt_a avx512f avx512dq rdseed adx smap avx512ifma clflushopt clwb intel_pt avx512cd sha_ni avx512bw avx512vl xsaveopt xsavec xgetbv1 xsaves split_lock_detect user_shstk dtherm ida arat pln pts hwp hwp_notify hwp_act_window hwp_epp hwp_pkg_req vnmi avx512vbmi umip pku ospke avx512_vbmi2 gfni vaes vpclmulqdq avx512_vnni avx512_bitalg avx512_vpopcntdq rdpid movdiri movdir64b fsrm avx512_vp2intersect md_clear ibt flush_l1d arch_capabilities
vmx flags	: vnmi preemption_timer posted_intr invvpid ept_x_only ept_ad ept_1gb flexpriority apicv tsc_offset vtpr mtf vapic ept vpid unrestricted_guest vapic_reg vid ple pml ept_mode_based_exec tsc_scaling
bugs		: spectre_v1 spectre_v2 spec_store_bypass swapgs eibrs_pbrsb gds bhi
bogomips	: 5606.40
clflush size	: 64
cache_alignment	: 64
address sizes	: 39 bits physical, 48 bits virtual
power management:

processor	: 3
vendor_id	: GenuineIntel
cpu family	: 6
model		: 140
model name	: 11th Gen Intel(R) Core(TM) i7-1165G7 @ 2.80GHz
stepping	: 1
microcode	: 0xba
cpu MHz		: 1300.000
cache size	: 12288 KB
physical id	: 0
siblings	: 8
core id		: 3
cpu cores	: 4
apicid		: 6
initial apicid	: 6
fpu		: yes
fpu_exception	: yes
cpuid level	: 27
wp		: yes
flags		: fpu vme de pse tsc msr pae mce cx8 apic sep mtrr pge mca cmov pat pse36 clflush dts acpi mmx fxsr sse sse2 ss ht tm pbe syscall nx pdpe1gb rdtscp lm constant_tsc art arch_perfmon pebs bts rep_good nopl xtopology nonstop_tsc cpuid aperfmperf tsc_known_freq pni pclmulqdq dtes64 monitor ds_cpl vmx est tm2 ssse3 sdbg fma cx16 xtpr pdcm pcid sse4_1 sse4_2 x2apic movbe popcnt tsc_deadline_timer aes xsave avx f16c rdrand lahf_lm abm 3dnowprefetch cpuid_fault epb cat_l2 cdp_l2 ssbd ibrs ibpb stibp ibrs_enhanced tpr_shadow flexpriority ept vpid ept_ad fsgsbase tsc_adjust bmi1 avx2 smep bmi2 erms invpcid rdt_a avx512f avx512dq rdseed adx smap avx512ifma clflushopt clwb intel_pt avx512cd sha_ni avx512bw avx512vl xsaveopt xsavec xgetbv1 xsaves split_lock_detect user_shstk dtherm ida arat pln pts hwp hwp_notify hwp_act_window hwp_epp hwp_pkg_req vnmi avx512vbmi umip pku ospke avx512_vbmi2 gfni vaes vpclmulqdq avx512_vnni avx512_bitalg avx512_vpopcntdq rdpid movdiri movdir64b fsrm avx512_vp2intersect md_clear ibt flush_l1d arch_capabilities
vmx flags	: vnmi preemption_timer posted_intr invvpid ept_x_only ept_ad ept_1gb flexpriority apicv tsc_offset vtpr mtf vapic ept vpid unrestricted_guest vapic_reg vid ple pml ept_mode_based_exec tsc_scaling
bugs		: spectre_v1 spectre_v2 spec_store_bypass swapgs eibrs_pbrsb gds bhi
bogomips	: 5606.40
clflush size	: 64
cache_alignment	: 64
address sizes	: 39 bits physical, 48 bits virtual
power management:

processor	: 4
vendor_id	: GenuineIntel
cpu family	: 6
model		: 140
model name	: 11th Gen Intel(R) Core(TM) i7-1165G7 @ 2.80GHz
stepping	: 1
microcode	: 0xba
cpu MHz		: 1299.986
cache size	: 12288 KB
physical id	: 0
siblings	: 8
core id		: 0
cpu cores	: 4
apicid		: 1
initial apicid	: 1
fpu		: yes
fpu_exception	: yes
cpuid level	: 27
wp		: yes
flags		: fpu vme de pse tsc msr pae mce cx8 apic sep mtrr pge mca cmov pat pse36 clflush dts acpi mmx fxsr sse sse2 ss ht tm pbe syscall nx pdpe1gb rdtscp lm constant_tsc art arch_perfmon pebs bts rep_good nopl xtopology nonstop_tsc cpuid aperfmperf tsc_known_freq pni pclmulqdq dtes64 monitor ds_cpl vmx est tm2 ssse3 sdbg fma cx16 xtpr pdcm pcid sse4_1 sse4_2 x2apic movbe popcnt tsc_deadline_timer aes xsave avx f16c rdrand lahf_lm abm 3dnowprefetch cpuid_fault epb cat_l2 cdp_l2 ssbd ibrs ibpb stibp ibrs_enhanced tpr_shadow flexpriority ept vpid ept_ad fsgsbase tsc_adjust bmi1 avx2 smep bmi2 erms invpcid rdt_a avx512f avx512dq rdseed adx smap avx512ifma clflushopt clwb intel_pt avx512cd sha_ni avx512bw avx512vl xsaveopt xsavec xgetbv1 xsaves split_lock_detect user_shstk dtherm ida arat pln pts hwp hwp_notify hwp_act_window hwp_epp hwp_pkg_req vnmi avx512vbmi umip pku ospke avx512_vbmi2 gfni vaes vpclmulqdq avx512_vnni avx512_bitalg avx512_vpopcntdq rdpid movdiri movdir64b fsrm avx512_vp2intersect md_clear ibt flush_l1d arch_capabilities
vmx flags	: vnmi preemption_timer posted_intr invvpid ept_x_only ept_ad ept_1gb flexpriority apicv tsc_offset vtpr mtf vapic ept vpid unrestricted_guest vapic_reg vid ple pml ept_mode_based_exec tsc_scaling
bugs		: spectre_v1 spectre_v2 spec_store_bypass swapgs eibrs_pbrsb gds bhi
bogomips	: 5606.40
clflush size	: 64
cache_alignment	: 64
address sizes	: 39 bits physical, 48 bits virtual
power management:

processor	: 5
vendor_id	: GenuineIntel
cpu family	: 6
model		: 140
model name	: 11th Gen Intel(R) Core(TM) i7-1165G7 @ 2.80GHz
stepping	: 1
microcode	: 0xba
cpu MHz		: 1299.986
cache size	: 12288 KB
physical id	: 0
siblings	: 8
core id		: 1
cpu cores	: 4
apicid		: 3
initial apicid	: 3
fpu		: yes
fpu_exception	: yes
cpuid level	: 27
wp		: yes
flags		: fpu vme de pse tsc msr pae mce cx8 apic sep mtrr pge mca cmov pat pse36 clflush dts acpi mmx fxsr sse sse2 ss ht tm pbe syscall nx pdpe1gb rdtscp lm constant_tsc art arch_perfmon pebs bts rep_good nopl xtopology nonstop_tsc cpuid aperfmperf tsc_known_freq pni pclmulqdq dtes64 monitor ds_cpl vmx est tm2 ssse3 sdbg fma cx16 xtpr pdcm pcid sse4_1 sse4_2 x2apic movbe popcnt tsc_deadline_timer aes xsave avx f16c rdrand lahf_lm abm 3dnowprefetch cpuid_fault epb cat_l2 cdp_l2 ssbd ibrs ibpb stibp ibrs_enhanced tpr_shadow flexpriority ept vpid ept_ad fsgsbase tsc_adjust bmi1 avx2 smep bmi2 erms invpcid rdt_a avx512f avx512dq rdseed adx smap avx512ifma clflushopt clwb intel_pt avx512cd sha_ni avx512bw avx512vl xsaveopt xsavec xgetbv1 xsaves split_lock_detect user_shstk dtherm ida arat pln pts hwp hwp_notify hwp_act_window hwp_epp hwp_pkg_req vnmi avx512vbmi umip pku ospke avx512_vbmi2 gfni vaes vpclmulqdq avx512_vnni avx512_bitalg avx512_vpopcntdq rdpid movdiri movdir64b fsrm avx512_vp2intersect md_clear ibt flush_l1d arch_capabilities
vmx flags	: vnmi preemption_timer posted_intr invvpid ept_x_only ept_ad ept_1gb flexpriority apicv tsc_offset vtpr mtf vapic ept vpid unrestricted_guest vapic_reg vid ple pml ept_mode_based_exec tsc_scaling
bugs		: spectre_v1 spectre_v2 spec_store_bypass swapgs eibrs_pbrsb gds bhi
bogomips	: 5606.40
clflush size	: 64
cache_alignment	: 64
address sizes	: 39 bits physical, 48 bits virtual
power management:

processor	: 6
vendor_id	: GenuineIntel
cpu family	: 6
model		: 140
model name	: 11th Gen Intel(R) Core(TM) i7-1165G7 @ 2.80GHz
stepping	: 1
microcode	: 0xba
cpu MHz		: 1300.013
cache size	: 12288 KB
physical id	: 0
siblings	: 8
core id		: 2
cpu cores	: 4
apicid		: 5
initial apicid	: 5
fpu		: yes
fpu_exception	: yes
cpuid level	: 27
wp		: yes
flags		: fpu vme de pse tsc msr pae mce cx8 apic sep mtrr pge mca cmov pat pse36 clflush dts acpi mmx fxsr sse sse2 ss ht tm pbe syscall nx pdpe1gb rdtscp lm constant_tsc art arch_perfmon pebs bts rep_good nopl xtopology nonstop_tsc cpuid aperfmperf tsc_known_freq pni pclmulqdq dtes64 monitor ds_cpl vmx est tm2 ssse3 sdbg fma cx16 xtpr pdcm pcid sse4_1 sse4_2 x2apic movbe popcnt tsc_deadline_timer aes xsave avx f16c rdrand lahf_lm abm 3dnowprefetch cpuid_fault epb cat_l2 cdp_l2 ssbd ibrs ibpb stibp ibrs_enhanced tpr_shadow flexpriority ept vpid ept_ad fsgsbase tsc_adjust bmi1 avx2 smep bmi2 erms invpcid rdt_a avx512f avx512dq rdseed adx smap avx512ifma clflushopt clwb intel_pt avx512cd sha_ni avx512bw avx512vl xsaveopt xsavec xgetbv1 xsaves split_lock_detect user_shstk dtherm ida arat pln pts hwp hwp_notify hwp_act_window hwp_epp hwp_pkg_req vnmi avx512vbmi umip pku ospke avx512_vbmi2 gfni vaes vpclmulqdq avx512_vnni avx512_bitalg avx512_vpopcntdq rdpid movdiri movdir64b fsrm avx512_vp2intersect md_clear ibt flush_l1d arch_capabilities
vmx flags	: vnmi preemption_timer posted_intr invvpid ept_x_only ept_ad ept_1gb flexpriority apicv tsc_offset vtpr mtf vapic ept vpid unrestricted_guest vapic_reg vid ple pml ept_mode_based_exec tsc_scaling
bugs		: spectre_v1 spectre_v2 spec_store_bypass swapgs eibrs_pbrsb gds bhi
bogomips	: 5606.40
clflush size	: 64
cache_alignment	: 64
address sizes	: 39 bits physical, 48 bits virtual
power management:

processor	: 7
vendor_id	: GenuineIntel
cpu family	: 6
model		: 140
model name	: 11th Gen Intel(R) Core(TM) i7-1165G7 @ 2.80GHz
stepping	: 1
microcode	: 0xba
cpu MHz		: 1300.000
cache size	: 12288 KB
physical id	: 0
siblings	: 8
core id		: 3
cpu cores	: 4
apicid		: 7
initial apicid	: 7
fpu		: yes
fpu_exception	: yes
cpuid level	: 27
wp		: yes
flags		: fpu vme de pse tsc msr pae mce cx8 apic sep mtrr pge mca cmov pat pse36 clflush dts acpi mmx fxsr sse sse2 ss ht tm pbe syscall nx pdpe1gb rdtscp lm constant_tsc art arch_perfmon pebs bts rep_good nopl xtopology nonstop_tsc cpuid aperfmperf tsc_known_freq pni pclmulqdq dtes64 monitor ds_cpl vmx est tm2 ssse3 sdbg fma cx16 xtpr pdcm pcid sse4_1 sse4_2 x2apic movbe popcnt tsc_deadline_timer aes xsave avx f16c rdrand lahf_lm abm 3dnowprefetch cpuid_fault epb cat_l2 cdp_l2 ssbd ibrs ibpb stibp ibrs_enhanced tpr_shadow flexpriority ept vpid ept_ad fsgsbase tsc_adjust bmi1 avx2 smep bmi2 erms invpcid rdt_a avx512f avx512dq rdseed adx smap avx512ifma clflushopt clwb intel_pt avx512cd sha_ni avx512bw avx512vl xsaveopt xsavec xgetbv1 xsaves split_lock_detect user_shstk dtherm ida arat pln pts hwp hwp_notify hwp_act_window hwp_epp hwp_pkg_req vnmi avx512vbmi umip pku ospke avx512_vbmi2 gfni vaes vpclmulqdq avx512_vnni avx512_bitalg avx512_vpopcntdq rdpid movdiri movdir64b fsrm avx512_vp2intersect md_clear ibt flush_l1d arch_capabilities
vmx flags	: vnmi preemption_timer posted_intr invvpid ept_x_only ept_ad ept_1gb flexpriority apicv tsc_offset vtpr mtf vapic ept vpid unrestricted_guest vapic_reg vid ple pml ept_mode_based_exec tsc_scaling
bugs		: spectre_v1 spectre_v2 spec_store_bypass swapgs eibrs_pbrsb gds bhi
bogomips	: 5606.40
clflush size	: 64
cache_alignment	: 64
address sizes	: 39 bits physical, 48 bits virtual
power management:



Memory: 4k page, physical 7853972k(464732k free), swap 2097148k(2095612k free)

vm_info: Java HotSpot(TM) 64-Bit Server VM (25.191-b12) for linux-amd64 JRE (1.8.0_191-b12), built on Oct  6 2018 05:43:09 by "java_re" with gcc 7.3.0

time: Sun Apr 13 13:01:22 2025
elapsed time: 3 seconds (0d 0h 0m 3s)

